Log file open, 11/12/19 19:14:25
LogWindows: Failed to load 'aqProf.dll' (GetLastError=126)
LogWindows: File 'aqProf.dll' does not exist
LogWindows: Failed to load 'VtuneApi.dll' (GetLastError=126)
LogWindows: File 'VtuneApi.dll' does not exist
LogWindows: Failed to load 'VtuneApi32e.dll' (GetLastError=126)
LogWindows: File 'VtuneApi32e.dll' does not exist
LogConsoleResponse: Display: Failed to find resolution value strings in scalability ini. Falling back to default.
LogInit: Display: Running engine for game: MyProject2
LogPlatformFile: Not using cached read wrapper
LogTaskGraph: Started task graph with 5 named threads and 23 total threads with 3 sets of task threads.
LogStats: Stats thread started at 4.100100
LogD3D11RHI: Loaded GFSDK_Aftermath_Lib.x64.dll
LogICUInternationalization: ICU TimeZone Detection - Raw Offset: +1:00, Platform Override: ''
LogPluginManager: Mounting plugin Paper2D
LogPluginManager: Mounting plugin AISupport
LogPluginManager: Mounting plugin LightPropagationVolume
LogPluginManager: Mounting plugin ActorLayerUtilities
LogPluginManager: Mounting plugin AnimationSharing
LogPluginManager: Mounting plugin CLionSourceCodeAccess
LogPluginManager: Mounting plugin CodeLiteSourceCodeAccess
LogPluginManager: Mounting plugin GitSourceControl
LogPluginManager: Mounting plugin KDevelopSourceCodeAccess
LogPluginManager: Mounting plugin NullSourceCodeAccess
LogPluginManager: Mounting plugin PerforceSourceControl
LogPluginManager: Mounting plugin SubversionSourceControl
LogPluginManager: Mounting plugin UObjectPlugin
LogPluginManager: Mounting plugin VisualStudioCodeSourceCodeAccess
LogPluginManager: Mounting plugin VisualStudioSourceCodeAccess
LogPluginManager: Mounting plugin XCodeSourceCodeAccess
LogPluginManager: Mounting plugin AssetManagerEditor
LogPluginManager: Mounting plugin CryptoKeys
LogPluginManager: Mounting plugin CurveEditorTools
LogPluginManager: Mounting plugin DataValidation
LogPluginManager: Mounting plugin FacialAnimation
LogPluginManager: Mounting plugin GameplayTagsEditor
LogPluginManager: Mounting plugin MacGraphicsSwitching
LogPluginManager: Mounting plugin MaterialAnalyzer
LogPluginManager: Mounting plugin MobileLauncherProfileWizard
LogPluginManager: Mounting plugin PluginBrowser
LogPluginManager: Mounting plugin SpeedTreeImporter
LogPluginManager: Mounting plugin DatasmithContent
LogPluginManager: Mounting plugin VariantManagerContent
LogPluginManager: Mounting plugin AlembicImporter
LogPluginManager: Mounting plugin AutomationUtils
LogPluginManager: Mounting plugin BackChannel
LogPluginManager: Mounting plugin CharacterAI
LogPluginManager: Mounting plugin GeometryCache
LogPluginManager: Mounting plugin HTML5Networking
LogPluginManager: Mounting plugin PlatformCrypto
LogPluginManager: Mounting plugin ProxyLODPlugin
LogPluginManager: Mounting plugin SkeletalReduction
LogPluginManager: Mounting plugin MagicLeap
LogPluginManager: Mounting plugin MagicLeapMedia
LogPluginManager: Mounting plugin AndroidMedia
LogPluginManager: Mounting plugin AvfMedia
LogPluginManager: Mounting plugin ImgMedia
LogPluginManager: Mounting plugin MediaCompositing
LogPluginManager: Mounting plugin MediaPlayerEditor
LogPluginManager: Mounting plugin WebMMedia
LogPluginManager: Mounting plugin WmfMedia
LogPluginManager: Mounting plugin TcpMessaging
LogPluginManager: Mounting plugin UdpMessaging
LogPluginManager: Mounting plugin ActorSequence
LogPluginManager: Mounting plugin LevelSequenceEditor
LogPluginManager: Mounting plugin MatineeToLevelSequence
LogPluginManager: Mounting plugin NetcodeUnitTest
LogPluginManager: Mounting plugin NUTUnrealEngine4
LogPluginManager: Mounting plugin OnlineSubsystemGooglePlay
LogPluginManager: Mounting plugin OnlineSubsystemIOS
LogPluginManager: Mounting plugin OnlineSubsystem
LogPluginManager: Mounting plugin OnlineSubsystemNull
LogPluginManager: Mounting plugin OnlineSubsystemUtils
LogPluginManager: Mounting plugin LauncherChunkInstaller
LogPluginManager: Mounting plugin AndroidDeviceProfileSelector
LogPluginManager: Mounting plugin AndroidMoviePlayer
LogPluginManager: Mounting plugin AndroidPermission
LogPluginManager: Mounting plugin AppleImageUtils
LogPluginManager: Mounting plugin AppleMoviePlayer
LogPluginManager: Mounting plugin ArchVisCharacter
LogPluginManager: Mounting plugin AudioCapture
LogPluginManager: Mounting plugin CableComponent
LogPluginManager: Mounting plugin CustomMeshComponent
LogPluginManager: Mounting plugin EditableMesh
LogPluginManager: Mounting plugin ExampleDeviceProfileSelector
LogPluginManager: Mounting plugin GoogleCloudMessaging
LogPluginManager: Mounting plugin IOSDeviceProfileSelector
LogPluginManager: Mounting plugin LinuxDeviceProfileSelector
LogPluginManager: Mounting plugin LocationServicesBPLibrary
LogPluginManager: Mounting plugin MobilePatchingUtils
LogPluginManager: Mounting plugin OculusVR
LogPluginManager: Mounting plugin PhysXVehicles
LogPluginManager: Mounting plugin ProceduralMeshComponent
LogPluginManager: Mounting plugin RuntimePhysXCooking
LogPluginManager: Mounting plugin SignificanceManager
LogPluginManager: Mounting plugin SteamVR
LogPluginManager: Mounting plugin WebMMoviePlayer
LogPluginManager: Mounting plugin WindowsMoviePlayer
LogPluginManager: Mounting plugin ScreenshotTools
LogInit: Using libcurl 7.55.1-DEV
LogInit:  - built for x86_64-pc-win32
LogInit:  - supports SSL with OpenSSL/1.1.1
LogInit:  - supports HTTP deflate (compression) using libz 1.2.8
LogInit:  - other features:
LogInit:      CURL_VERSION_SSL
LogInit:      CURL_VERSION_LIBZ
LogInit:      CURL_VERSION_IPV6
LogInit:      CURL_VERSION_ASYNCHDNS
LogInit:      CURL_VERSION_LARGEFILE
LogInit:      CURL_VERSION_IDN
LogInit:  CurlRequestOptions (configurable via config and command line):
LogInit:  - bVerifyPeer = true  - Libcurl will verify peer certificate
LogInit:  - bUseHttpProxy = false  - Libcurl will NOT use HTTP proxy
LogInit:  - bDontReuseConnections = false  - Libcurl will reuse connections
LogInit:  - MaxHostConnections = 16  - Libcurl will limit the number of connections to a host
LogInit:  - LocalHostAddr = Default
LogInit:  - BufferSize = 65536
LogOnline: OSS: Creating online subsystem instance for: NULL
LogInit: WinSock: version 1.1 (2.2), MaxSocks=32767, MaxUdp=65467
LogInit: Build: ++UE4+Release-4.23-CL-9631420
LogInit: Engine Version: 4.23.1-9631420+++UE4+Release-4.23
LogInit: Compatible Engine Version: 4.23.0-8386587+++UE4+Release-4.23
LogInit: Net CL: 8386587
LogInit: OS: Windows 10 (Release 1903) (), CPU: Intel(R) Core(TM) i7-6700HQ CPU @ 2.60GHz, GPU: Intel(R) HD Graphics 530
LogInit: Compiled (64-bit): Oct 18 2019 02:07:44
LogInit: Compiled with Visual C++: 19.16.27030.01
LogInit: Build Configuration: Development
LogInit: Branch Name: ++UE4+Release-4.23
LogInit: Command Line: 
LogInit: Base Directory: C:/Program Files/Epic Games/UE_4.23/Engine/Binaries/Win64/
LogInit: Installed Engine Build: 1
LogDevObjectVersion: Number of dev versions registered: 23
LogDevObjectVersion:   Dev-Blueprints (B0D832E4-1F89-4F0D-ACCF-7EB736FD4AA2): 10
LogDevObjectVersion:   Dev-Build (E1C64328-A22C-4D53-A36C-8E866417BD8C): 0
LogDevObjectVersion:   Dev-Core (375EC13C-06E4-48FB-B500-84F0262A717E): 3
LogDevObjectVersion:   Dev-Editor (E4B068ED-F494-42E9-A231-DA0B2E46BB41): 34
LogDevObjectVersion:   Dev-Framework (CFFC743F-43B0-4480-9391-14DF171D2073): 35
LogDevObjectVersion:   Dev-Mobile (B02B49B5-BB20-44E9-A304-32B752E40360): 2
LogDevObjectVersion:   Dev-Networking (A4E4105C-59A1-49B5-A7C5-40C4547EDFEE): 0
LogDevObjectVersion:   Dev-Online (39C831C9-5AE6-47DC-9A44-9C173E1C8E7C): 0
LogDevObjectVersion:   Dev-Physics (78F01B33-EBEA-4F98-B9B4-84EACCB95AA2): 0
LogDevObjectVersion:   Dev-Platform (6631380F-2D4D-43E0-8009-CF276956A95A): 0
LogDevObjectVersion:   Dev-Rendering (12F88B9F-8875-4AFC-A67C-D90C383ABD29): 31
LogDevObjectVersion:   Dev-Sequencer (7B5AE74C-D270-4C10-A958-57980B212A5A): 11
LogDevObjectVersion:   Dev-VR (D7296918-1DD6-4BDD-9DE2-64A83CC13884): 2
LogDevObjectVersion:   Dev-LoadTimes (C2A15278-BFE7-4AFE-6C17-90FF531DF755): 1
LogDevObjectVersion:   Private-Geometry (6EACA3D4-40EC-4CC1-B786-8BED09428FC5): 3
LogDevObjectVersion:   Dev-AnimPhys (29E575DD-E0A3-4627-9D10-D276232CDCEA): 17
LogDevObjectVersion:   Dev-Anim (AF43A65D-7FD3-4947-9873-3E8ED9C1BB05): 2
LogDevObjectVersion:   Dev-ReflectionCapture (6B266CEC-1EC7-4B8F-A30B-E4D90942FC07): 1
LogDevObjectVersion:   Dev-Automation (0DF73D61-A23F-47EA-B727-89E90C41499A): 1
LogDevObjectVersion:   FortniteMain (601D1886-AC64-4F84-AA16-D3DE0DEAC7D6): 27
LogDevObjectVersion:   Dev-Enterprise (9DFFBCD6-494F-0158-E221-12823C92A888): 6
LogDevObjectVersion:   Dev-Niagara (F2AED0AC-9AFE-416F-8664-AA7FFA26D6FC): 1
LogDevObjectVersion:   Dev-Destruction (174F1F0B-B4C6-45A5-B13F-2EE8D0FB917D): 9
LogInit: Presizing for max 16777216 objects, including 0 objects not considered by GC, pre-allocating 0 bytes for permanent pool.
LogInit: Object subsystem initialized
LogConfig: Setting CVar [[con.DebugEarlyDefault:1]]
LogConfig: Setting CVar [[r.setres:1280x720]]
[2019.11.12-18.14.26:582][  0]LogConfig: Setting CVar [[r.VSync:0]]
[2019.11.12-18.14.26:582][  0]LogConfig: Setting CVar [[r.RHICmdBypass:0]]
[2019.11.12-18.14.26:582][  0]LogConfig: Applying CVar settings from Section [/Script/Engine.RendererSettings] File [C:/Users/death/OneDrive/Documents/Unreal Projects/MyProject2 4.23/Saved/Config/Windows/Engine.ini]
[2019.11.12-18.14.26:582][  0]LogConfig: Setting CVar [[r.GPUCrashDebugging:0]]
[2019.11.12-18.14.26:582][  0]LogConfig: Applying CVar settings from Section [/Script/Engine.RendererOverrideSettings] File [C:/Users/death/OneDrive/Documents/Unreal Projects/MyProject2 4.23/Saved/Config/Windows/Engine.ini]
[2019.11.12-18.14.26:583][  0]LogConfig: Applying CVar settings from Section [/Script/Engine.StreamingSettings] File [C:/Users/death/OneDrive/Documents/Unreal Projects/MyProject2 4.23/Saved/Config/Windows/Engine.ini]
[2019.11.12-18.14.26:583][  0]LogConfig: Setting CVar [[s.MinBulkDataSizeForAsyncLoading:131072]]
[2019.11.12-18.14.26:583][  0]LogConfig: Setting CVar [[s.AsyncLoadingThreadEnabled:0]]
[2019.11.12-18.14.26:583][  0]LogConfig: Setting CVar [[s.EventDrivenLoaderEnabled:1]]
[2019.11.12-18.14.26:583][  0]LogConfig: Setting CVar [[s.WarnIfTimeLimitExceeded:0]]
[2019.11.12-18.14.26:583][  0]LogConfig: Setting CVar [[s.TimeLimitExceededMultiplier:1.5]]
[2019.11.12-18.14.26:583][  0]LogConfig: Setting CVar [[s.TimeLimitExceededMinTime:0.005]]
[2019.11.12-18.14.26:583][  0]LogConfig: Setting CVar [[s.UseBackgroundLevelStreaming:1]]
[2019.11.12-18.14.26:583][  0]LogConfig: Setting CVar [[s.PriorityAsyncLoadingExtraTime:15.0]]
[2019.11.12-18.14.26:583][  0]LogConfig: Setting CVar [[s.LevelStreamingActorsUpdateTimeLimit:5.0]]
[2019.11.12-18.14.26:583][  0]LogConfig: Setting CVar [[s.PriorityLevelStreamingActorsUpdateExtraTime:5.0]]
[2019.11.12-18.14.26:583][  0]LogConfig: Setting CVar [[s.LevelStreamingComponentsRegistrationGranularity:10]]
[2019.11.12-18.14.26:583][  0]LogConfig: Setting CVar [[s.UnregisterComponentsTimeLimit:1.0]]
[2019.11.12-18.14.26:583][  0]LogConfig: Setting CVar [[s.LevelStreamingComponentsUnregistrationGranularity:5]]
[2019.11.12-18.14.26:583][  0]LogConfig: Applying CVar settings from Section [/Script/Engine.GarbageCollectionSettings] File [C:/Users/death/OneDrive/Documents/Unreal Projects/MyProject2 4.23/Saved/Config/Windows/Engine.ini]
[2019.11.12-18.14.26:583][  0]LogConfig: Setting CVar [[gc.MaxObjectsNotConsideredByGC:1]]
[2019.11.12-18.14.26:583][  0]LogConfig: Setting CVar [[gc.SizeOfPermanentObjectPool:0]]
[2019.11.12-18.14.26:583][  0]LogConfig: Setting CVar [[gc.FlushStreamingOnGC:0]]
[2019.11.12-18.14.26:583][  0]LogConfig: Setting CVar [[gc.NumRetriesBeforeForcingGC:10]]
[2019.11.12-18.14.26:583][  0]LogConfig: Setting CVar [[gc.AllowParallelGC:1]]
[2019.11.12-18.14.26:583][  0]LogConfig: Setting CVar [[gc.TimeBetweenPurgingPendingKillObjects:61.1]]
[2019.11.12-18.14.26:583][  0]LogConfig: Setting CVar [[gc.MaxObjectsInEditor:16777216]]
[2019.11.12-18.14.26:583][  0]LogConfig: Setting CVar [[gc.IncrementalBeginDestroyEnabled:1]]
[2019.11.12-18.14.26:583][  0]LogConfig: Setting CVar [[gc.CreateGCClusters:1]]
[2019.11.12-18.14.26:583][  0]LogConfig: Setting CVar [[gc.MinGCClusterSize:5]]
[2019.11.12-18.14.26:583][  0]LogConfig: Setting CVar [[gc.ActorClusteringEnabled:0]]
[2019.11.12-18.14.26:583][  0]LogConfig: Setting CVar [[gc.BlueprintClusteringEnabled:0]]
[2019.11.12-18.14.26:583][  0]LogConfig: Setting CVar [[gc.UseDisregardForGCOnDedicatedServers:0]]
[2019.11.12-18.14.26:583][  0]LogConfig: Applying CVar settings from Section [/Script/Engine.NetworkSettings] File [C:/Users/death/OneDrive/Documents/Unreal Projects/MyProject2 4.23/Saved/Config/Windows/Engine.ini]
[2019.11.12-18.14.26:583][  0]LogConfig: Applying CVar settings from Section [/Script/UnrealEd.CookerSettings] File [C:/Users/death/OneDrive/Documents/Unreal Projects/MyProject2 4.23/Saved/Config/Windows/Engine.ini]
[2019.11.12-18.14.26:586][  0]LogConfig: Applying CVar settings from Section [ViewDistanceQuality@3] File [C:/Users/death/OneDrive/Documents/Unreal Projects/MyProject2 4.23/Saved/Config/Windows/Scalability.ini]
[2019.11.12-18.14.26:586][  0]LogConfig: Setting CVar [[r.SkeletalMeshLODBias:0]]
[2019.11.12-18.14.26:586][  0]LogConfig: Setting CVar [[r.ViewDistanceScale:1.0]]
[2019.11.12-18.14.26:586][  0]LogConfig: Applying CVar settings from Section [AntiAliasingQuality@3] File [C:/Users/death/OneDrive/Documents/Unreal Projects/MyProject2 4.23/Saved/Config/Windows/Scalability.ini]
[2019.11.12-18.14.26:586][  0]LogConfig: Setting CVar [[r.PostProcessAAQuality:4]]
[2019.11.12-18.14.26:586][  0]LogConfig: Applying CVar settings from Section [ShadowQuality@3] File [C:/Users/death/OneDrive/Documents/Unreal Projects/MyProject2 4.23/Saved/Config/Windows/Scalability.ini]
[2019.11.12-18.14.26:586][  0]LogConfig: Setting CVar [[r.LightFunctionQuality:1]]
[2019.11.12-18.14.26:586][  0]LogConfig: Setting CVar [[r.ShadowQuality:5]]
[2019.11.12-18.14.26:586][  0]LogConfig: Setting CVar [[r.Shadow.CSM.MaxCascades:10]]
[2019.11.12-18.14.26:586][  0]LogConfig: Setting CVar [[r.Shadow.MaxResolution:2048]]
[2019.11.12-18.14.26:586][  0]LogConfig: Setting CVar [[r.Shadow.MaxCSMResolution:2048]]
[2019.11.12-18.14.26:586][  0]LogConfig: Setting CVar [[r.Shadow.RadiusThreshold:0.01]]
[2019.11.12-18.14.26:586][  0]LogConfig: Setting CVar [[r.Shadow.DistanceScale:1.0]]
[2019.11.12-18.14.26:586][  0]LogConfig: Setting CVar [[r.Shadow.CSM.TransitionScale:1.0]]
[2019.11.12-18.14.26:586][  0]LogConfig: Setting CVar [[r.Shadow.PreShadowResolutionFactor:1.0]]
[2019.11.12-18.14.26:586][  0]LogConfig: Setting CVar [[r.DistanceFieldShadowing:1]]
[2019.11.12-18.14.26:586][  0]LogConfig: Setting CVar [[r.DistanceFieldAO:1]]
[2019.11.12-18.14.26:586][  0]LogConfig: Setting CVar [[r.AOQuality:2]]
[2019.11.12-18.14.26:586][  0]LogConfig: Setting CVar [[r.VolumetricFog:1]]
[2019.11.12-18.14.26:586][  0]LogConfig: Setting CVar [[r.VolumetricFog.GridPixelSize:8]]
[2019.11.12-18.14.26:586][  0]LogConfig: Setting CVar [[r.VolumetricFog.GridSizeZ:128]]
[2019.11.12-18.14.26:586][  0]LogConfig: Setting CVar [[r.VolumetricFog.HistoryMissSupersampleCount:4]]
[2019.11.12-18.14.26:586][  0]LogConfig: Setting CVar [[r.LightMaxDrawDistanceScale:1]]
[2019.11.12-18.14.26:586][  0]LogConfig: Setting CVar [[r.CapsuleShadows:1]]
[2019.11.12-18.14.26:586][  0]LogConfig: Applying CVar settings from Section [PostProcessQuality@3] File [C:/Users/death/OneDrive/Documents/Unreal Projects/MyProject2 4.23/Saved/Config/Windows/Scalability.ini]
[2019.11.12-18.14.26:586][  0]LogConfig: Setting CVar [[r.MotionBlurQuality:4]]
[2019.11.12-18.14.26:586][  0]LogConfig: Setting CVar [[r.AmbientOcclusionMipLevelFactor:0.4]]
[2019.11.12-18.14.26:586][  0]LogConfig: Setting CVar [[r.AmbientOcclusionMaxQuality:100]]
[2019.11.12-18.14.26:586][  0]LogConfig: Setting CVar [[r.AmbientOcclusionLevels:-1]]
[2019.11.12-18.14.26:586][  0]LogConfig: Setting CVar [[r.AmbientOcclusionRadiusScale:1.0]]
[2019.11.12-18.14.26:586][  0]LogConfig: Setting CVar [[r.DepthOfFieldQuality:2]]
[2019.11.12-18.14.26:586][  0]LogConfig: Setting CVar [[r.RenderTargetPoolMin:400]]
[2019.11.12-18.14.26:586][  0]LogConfig: Setting CVar [[r.LensFlareQuality:2]]
[2019.11.12-18.14.26:587][  0]LogConfig: Setting CVar [[r.SceneColorFringeQuality:1]]
[2019.11.12-18.14.26:587][  0]LogConfig: Setting CVar [[r.EyeAdaptationQuality:2]]
[2019.11.12-18.14.26:587][  0]LogConfig: Setting CVar [[r.BloomQuality:5]]
[2019.11.12-18.14.26:587][  0]LogConfig: Setting CVar [[r.FastBlurThreshold:100]]
[2019.11.12-18.14.26:587][  0]LogConfig: Setting CVar [[r.Upscale.Quality:3]]
[2019.11.12-18.14.26:587][  0]LogConfig: Setting CVar [[r.Tonemapper.GrainQuantization:1]]
[2019.11.12-18.14.26:587][  0]LogConfig: Setting CVar [[r.LightShaftQuality:1]]
[2019.11.12-18.14.26:587][  0]LogConfig: Setting CVar [[r.Filter.SizeScale:1]]
[2019.11.12-18.14.26:587][  0]LogConfig: Setting CVar [[r.Tonemapper.Quality:5]]
[2019.11.12-18.14.26:587][  0]LogConfig: Setting CVar [[r.DOF.Gather.AccumulatorQuality:1        ; higher gathering accumulator quality]]
[2019.11.12-18.14.26:587][  0]LogConfig: Setting CVar [[r.DOF.Gather.PostfilterMethod:1          ; Median3x3 postfilering method]]
[2019.11.12-18.14.26:587][  0]LogConfig: Setting CVar [[r.DOF.Gather.EnableBokehSettings:0       ; no bokeh simulation when gathering]]
[2019.11.12-18.14.26:587][  0]LogConfig: Setting CVar [[r.DOF.Gather.RingCount:4                 ; medium number of samples when gathering]]
[2019.11.12-18.14.26:587][  0]LogConfig: Setting CVar [[r.DOF.Scatter.ForegroundCompositing:1    ; additive foreground scattering]]
[2019.11.12-18.14.26:587][  0]LogConfig: Setting CVar [[r.DOF.Scatter.BackgroundCompositing:2    ; additive background scattering]]
[2019.11.12-18.14.26:587][  0]LogConfig: Setting CVar [[r.DOF.Scatter.EnableBokehSettings:1      ; bokeh simulation when scattering]]
[2019.11.12-18.14.26:587][  0]LogConfig: Setting CVar [[r.DOF.Scatter.MaxSpriteRatio:0.1         ; only a maximum of 10% of scattered bokeh]]
[2019.11.12-18.14.26:587][  0]LogConfig: Setting CVar [[r.DOF.Recombine.Quality:1                ; cheap slight out of focus]]
[2019.11.12-18.14.26:587][  0]LogConfig: Setting CVar [[r.DOF.Recombine.EnableBokehSettings:0    ; no bokeh simulation on slight out of focus]]
[2019.11.12-18.14.26:587][  0]LogConfig: Setting CVar [[r.DOF.TemporalAAQuality:1                ; more stable temporal accumulation]]
[2019.11.12-18.14.26:587][  0]LogConfig: Setting CVar [[r.DOF.Kernel.MaxForegroundRadius:0.025]]
[2019.11.12-18.14.26:587][  0]LogConfig: Setting CVar [[r.DOF.Kernel.MaxBackgroundRadius:0.025]]
[2019.11.12-18.14.26:587][  0]LogConfig: Applying CVar settings from Section [TextureQuality@3] File [C:/Users/death/OneDrive/Documents/Unreal Projects/MyProject2 4.23/Saved/Config/Windows/Scalability.ini]
[2019.11.12-18.14.26:587][  0]LogConfig: Setting CVar [[r.Streaming.MipBias:0]]
[2019.11.12-18.14.26:587][  0]LogConfig: Setting CVar [[r.Streaming.AmortizeCPUToGPUCopy:0]]
[2019.11.12-18.14.26:587][  0]LogConfig: Setting CVar [[r.Streaming.MaxNumTexturesToStreamPerFrame:0]]
[2019.11.12-18.14.26:587][  0]LogConfig: Setting CVar [[r.Streaming.Boost:1]]
[2019.11.12-18.14.26:587][  0]LogConfig: Setting CVar [[r.MaxAnisotropy:8]]
[2019.11.12-18.14.26:587][  0]LogConfig: Setting CVar [[r.Streaming.LimitPoolSizeToVRAM:0]]
[2019.11.12-18.14.26:587][  0]LogConfig: Setting CVar [[r.Streaming.PoolSize:1000]]
[2019.11.12-18.14.26:587][  0]LogConfig: Setting CVar [[r.Streaming.MaxEffectiveScreenSize:0]]
[2019.11.12-18.14.26:587][  0]LogConfig: Applying CVar settings from Section [EffectsQuality@3] File [C:/Users/death/OneDrive/Documents/Unreal Projects/MyProject2 4.23/Saved/Config/Windows/Scalability.ini]
[2019.11.12-18.14.26:587][  0]LogConfig: Setting CVar [[r.TranslucencyLightingVolumeDim:64]]
[2019.11.12-18.14.26:587][  0]LogConfig: Setting CVar [[r.RefractionQuality:2]]
[2019.11.12-18.14.26:587][  0]LogConfig: Setting CVar [[r.SSR.Quality:3]]
[2019.11.12-18.14.26:587][  0]LogConfig: Setting CVar [[r.SceneColorFormat:4]]
[2019.11.12-18.14.26:587][  0]LogConfig: Setting CVar [[r.DetailMode:2]]
[2019.11.12-18.14.26:587][  0]LogConfig: Setting CVar [[r.TranslucencyVolumeBlur:1]]
[2019.11.12-18.14.26:587][  0]LogConfig: Setting CVar [[r.MaterialQualityLevel:1 ; High quality]]
[2019.11.12-18.14.26:587][  0]LogConfig: Setting CVar [[r.SSS.Scale:1]]
[2019.11.12-18.14.26:587][  0]LogConfig: Setting CVar [[r.SSS.SampleSet:2]]
[2019.11.12-18.14.26:587][  0]LogConfig: Setting CVar [[r.SSS.Quality:1]]
[2019.11.12-18.14.26:587][  0]LogConfig: Setting CVar [[r.SSS.HalfRes:1]]
[2019.11.12-18.14.26:587][  0]LogConfig: Setting CVar [[r.EmitterSpawnRateScale:1.0]]
[2019.11.12-18.14.26:587][  0]LogConfig: Setting CVar [[r.ParticleLightQuality:2]]
[2019.11.12-18.14.26:587][  0]LogConfig: Applying CVar settings from Section [FoliageQuality@3] File [C:/Users/death/OneDrive/Documents/Unreal Projects/MyProject2 4.23/Saved/Config/Windows/Scalability.ini]
[2019.11.12-18.14.26:587][  0]LogConfig: Setting CVar [[foliage.DensityScale:1.0]]
[2019.11.12-18.14.26:587][  0]LogConfig: Setting CVar [[grass.DensityScale:1.0]]
[2019.11.12-18.14.26:587][  0]LogInit: Selected Device Profile: [Windows]
[2019.11.12-18.14.26:587][  0]LogInit: Applying CVar settings loaded from the selected device profile: [Windows]
[2019.11.12-18.14.26:678][  0]LogHAL: Display: Platform has ~ 8 GB [8483520512 / 8589934592 / 8], which maps to Default [LargestMinGB=32, LargerMinGB=12, DefaultMinGB=8, SmallerMinGB=6, SmallestMinGB=0)
[2019.11.12-18.14.26:678][  0]LogInit: Going up to parent DeviceProfile []
[2019.11.12-18.14.26:678][  0]LogConfig: Applying CVar settings from Section [ViewDistanceQuality@3] File [C:/Users/death/OneDrive/Documents/Unreal Projects/MyProject2 4.23/Saved/Config/Windows/Scalability.ini]
[2019.11.12-18.14.26:678][  0]LogConfig: Setting CVar [[r.SkeletalMeshLODBias:0]]
[2019.11.12-18.14.26:678][  0]LogConfig: Setting CVar [[r.ViewDistanceScale:1.0]]
[2019.11.12-18.14.26:678][  0]LogConfig: Applying CVar settings from Section [AntiAliasingQuality@3] File [C:/Users/death/OneDrive/Documents/Unreal Projects/MyProject2 4.23/Saved/Config/Windows/Scalability.ini]
[2019.11.12-18.14.26:678][  0]LogConfig: Setting CVar [[r.PostProcessAAQuality:4]]
[2019.11.12-18.14.26:678][  0]LogConfig: Applying CVar settings from Section [ShadowQuality@3] File [C:/Users/death/OneDrive/Documents/Unreal Projects/MyProject2 4.23/Saved/Config/Windows/Scalability.ini]
[2019.11.12-18.14.26:678][  0]LogConfig: Setting CVar [[r.LightFunctionQuality:1]]
[2019.11.12-18.14.26:678][  0]LogConfig: Setting CVar [[r.ShadowQuality:5]]
[2019.11.12-18.14.26:678][  0]LogConfig: Setting CVar [[r.Shadow.CSM.MaxCascades:10]]
[2019.11.12-18.14.26:678][  0]LogConfig: Setting CVar [[r.Shadow.MaxResolution:2048]]
[2019.11.12-18.14.26:678][  0]LogConfig: Setting CVar [[r.Shadow.MaxCSMResolution:2048]]
[2019.11.12-18.14.26:678][  0]LogConfig: Setting CVar [[r.Shadow.RadiusThreshold:0.01]]
[2019.11.12-18.14.26:678][  0]LogConfig: Setting CVar [[r.Shadow.DistanceScale:1.0]]
[2019.11.12-18.14.26:678][  0]LogConfig: Setting CVar [[r.Shadow.CSM.TransitionScale:1.0]]
[2019.11.12-18.14.26:678][  0]LogConfig: Setting CVar [[r.Shadow.PreShadowResolutionFactor:1.0]]
[2019.11.12-18.14.26:678][  0]LogConfig: Setting CVar [[r.DistanceFieldShadowing:1]]
[2019.11.12-18.14.26:678][  0]LogConfig: Setting CVar [[r.DistanceFieldAO:1]]
[2019.11.12-18.14.26:678][  0]LogConfig: Setting CVar [[r.AOQuality:2]]
[2019.11.12-18.14.26:678][  0]LogConfig: Setting CVar [[r.VolumetricFog:1]]
[2019.11.12-18.14.26:678][  0]LogConfig: Setting CVar [[r.VolumetricFog.GridPixelSize:8]]
[2019.11.12-18.14.26:678][  0]LogConfig: Setting CVar [[r.VolumetricFog.GridSizeZ:128]]
[2019.11.12-18.14.26:678][  0]LogConfig: Setting CVar [[r.VolumetricFog.HistoryMissSupersampleCount:4]]
[2019.11.12-18.14.26:678][  0]LogConfig: Setting CVar [[r.LightMaxDrawDistanceScale:1]]
[2019.11.12-18.14.26:678][  0]LogConfig: Setting CVar [[r.CapsuleShadows:1]]
[2019.11.12-18.14.26:678][  0]LogConfig: Applying CVar settings from Section [PostProcessQuality@3] File [C:/Users/death/OneDrive/Documents/Unreal Projects/MyProject2 4.23/Saved/Config/Windows/Scalability.ini]
[2019.11.12-18.14.26:678][  0]LogConfig: Setting CVar [[r.MotionBlurQuality:4]]
[2019.11.12-18.14.26:678][  0]LogConfig: Setting CVar [[r.AmbientOcclusionMipLevelFactor:0.4]]
[2019.11.12-18.14.26:678][  0]LogConfig: Setting CVar [[r.AmbientOcclusionMaxQuality:100]]
[2019.11.12-18.14.26:679][  0]LogConfig: Setting CVar [[r.AmbientOcclusionLevels:-1]]
[2019.11.12-18.14.26:679][  0]LogConfig: Setting CVar [[r.AmbientOcclusionRadiusScale:1.0]]
[2019.11.12-18.14.26:679][  0]LogConfig: Setting CVar [[r.DepthOfFieldQuality:2]]
[2019.11.12-18.14.26:679][  0]LogConfig: Setting CVar [[r.RenderTargetPoolMin:400]]
[2019.11.12-18.14.26:679][  0]LogConfig: Setting CVar [[r.LensFlareQuality:2]]
[2019.11.12-18.14.26:679][  0]LogConfig: Setting CVar [[r.SceneColorFringeQuality:1]]
[2019.11.12-18.14.26:679][  0]LogConfig: Setting CVar [[r.EyeAdaptationQuality:2]]
[2019.11.12-18.14.26:679][  0]LogConfig: Setting CVar [[r.BloomQuality:5]]
[2019.11.12-18.14.26:679][  0]LogConfig: Setting CVar [[r.FastBlurThreshold:100]]
[2019.11.12-18.14.26:679][  0]LogConfig: Setting CVar [[r.Upscale.Quality:3]]
[2019.11.12-18.14.26:679][  0]LogConfig: Setting CVar [[r.Tonemapper.GrainQuantization:1]]
[2019.11.12-18.14.26:679][  0]LogConfig: Setting CVar [[r.LightShaftQuality:1]]
[2019.11.12-18.14.26:679][  0]LogConfig: Setting CVar [[r.Filter.SizeScale:1]]
[2019.11.12-18.14.26:679][  0]LogConfig: Setting CVar [[r.Tonemapper.Quality:5]]
[2019.11.12-18.14.26:679][  0]LogConfig: Setting CVar [[r.DOF.Gather.AccumulatorQuality:1        ; higher gathering accumulator quality]]
[2019.11.12-18.14.26:679][  0]LogConfig: Setting CVar [[r.DOF.Gather.PostfilterMethod:1          ; Median3x3 postfilering method]]
[2019.11.12-18.14.26:679][  0]LogConfig: Setting CVar [[r.DOF.Gather.EnableBokehSettings:0       ; no bokeh simulation when gathering]]
[2019.11.12-18.14.26:679][  0]LogConfig: Setting CVar [[r.DOF.Gather.RingCount:4                 ; medium number of samples when gathering]]
[2019.11.12-18.14.26:679][  0]LogConfig: Setting CVar [[r.DOF.Scatter.ForegroundCompositing:1    ; additive foreground scattering]]
[2019.11.12-18.14.26:679][  0]LogConfig: Setting CVar [[r.DOF.Scatter.BackgroundCompositing:2    ; additive background scattering]]
[2019.11.12-18.14.26:679][  0]LogConfig: Setting CVar [[r.DOF.Scatter.EnableBokehSettings:1      ; bokeh simulation when scattering]]
[2019.11.12-18.14.26:679][  0]LogConfig: Setting CVar [[r.DOF.Scatter.MaxSpriteRatio:0.1         ; only a maximum of 10% of scattered bokeh]]
[2019.11.12-18.14.26:679][  0]LogConfig: Setting CVar [[r.DOF.Recombine.Quality:1                ; cheap slight out of focus]]
[2019.11.12-18.14.26:679][  0]LogConfig: Setting CVar [[r.DOF.Recombine.EnableBokehSettings:0    ; no bokeh simulation on slight out of focus]]
[2019.11.12-18.14.26:679][  0]LogConfig: Setting CVar [[r.DOF.TemporalAAQuality:1                ; more stable temporal accumulation]]
[2019.11.12-18.14.26:679][  0]LogConfig: Setting CVar [[r.DOF.Kernel.MaxForegroundRadius:0.025]]
[2019.11.12-18.14.26:679][  0]LogConfig: Setting CVar [[r.DOF.Kernel.MaxBackgroundRadius:0.025]]
[2019.11.12-18.14.26:679][  0]LogConfig: Applying CVar settings from Section [TextureQuality@3] File [C:/Users/death/OneDrive/Documents/Unreal Projects/MyProject2 4.23/Saved/Config/Windows/Scalability.ini]
[2019.11.12-18.14.26:679][  0]LogConfig: Setting CVar [[r.Streaming.MipBias:0]]
[2019.11.12-18.14.26:679][  0]LogConfig: Setting CVar [[r.Streaming.AmortizeCPUToGPUCopy:0]]
[2019.11.12-18.14.26:679][  0]LogConfig: Setting CVar [[r.Streaming.MaxNumTexturesToStreamPerFrame:0]]
[2019.11.12-18.14.26:679][  0]LogConfig: Setting CVar [[r.Streaming.Boost:1]]
[2019.11.12-18.14.26:679][  0]LogConfig: Setting CVar [[r.MaxAnisotropy:8]]
[2019.11.12-18.14.26:679][  0]LogConfig: Setting CVar [[r.Streaming.LimitPoolSizeToVRAM:0]]
[2019.11.12-18.14.26:679][  0]LogConfig: Setting CVar [[r.Streaming.PoolSize:1000]]
[2019.11.12-18.14.26:679][  0]LogConfig: Setting CVar [[r.Streaming.MaxEffectiveScreenSize:0]]
[2019.11.12-18.14.26:679][  0]LogConfig: Applying CVar settings from Section [EffectsQuality@3] File [C:/Users/death/OneDrive/Documents/Unreal Projects/MyProject2 4.23/Saved/Config/Windows/Scalability.ini]
[2019.11.12-18.14.26:679][  0]LogConfig: Setting CVar [[r.TranslucencyLightingVolumeDim:64]]
[2019.11.12-18.14.26:679][  0]LogConfig: Setting CVar [[r.RefractionQuality:2]]
[2019.11.12-18.14.26:679][  0]LogConfig: Setting CVar [[r.SSR.Quality:3]]
[2019.11.12-18.14.26:679][  0]LogConfig: Setting CVar [[r.SceneColorFormat:4]]
[2019.11.12-18.14.26:679][  0]LogConfig: Setting CVar [[r.DetailMode:2]]
[2019.11.12-18.14.26:679][  0]LogConfig: Setting CVar [[r.TranslucencyVolumeBlur:1]]
[2019.11.12-18.14.26:679][  0]LogConfig: Setting CVar [[r.MaterialQualityLevel:1 ; High quality]]
[2019.11.12-18.14.26:679][  0]LogConfig: Setting CVar [[r.SSS.Scale:1]]
[2019.11.12-18.14.26:679][  0]LogConfig: Setting CVar [[r.SSS.SampleSet:2]]
[2019.11.12-18.14.26:679][  0]LogConfig: Setting CVar [[r.SSS.Quality:1]]
[2019.11.12-18.14.26:679][  0]LogConfig: Setting CVar [[r.SSS.HalfRes:1]]
[2019.11.12-18.14.26:679][  0]LogConfig: Setting CVar [[r.EmitterSpawnRateScale:1.0]]
[2019.11.12-18.14.26:679][  0]LogConfig: Setting CVar [[r.ParticleLightQuality:2]]
[2019.11.12-18.14.26:679][  0]LogConfig: Applying CVar settings from Section [FoliageQuality@3] File [C:/Users/death/OneDrive/Documents/Unreal Projects/MyProject2 4.23/Saved/Config/Windows/Scalability.ini]
[2019.11.12-18.14.26:680][  0]LogConfig: Setting CVar [[foliage.DensityScale:1.0]]
[2019.11.12-18.14.26:680][  0]LogConfig: Setting CVar [[grass.DensityScale:1.0]]
[2019.11.12-18.14.26:680][  0]LogConfig: Applying CVar settings from Section [Startup] File [../../../Engine/Config/ConsoleVariables.ini]
[2019.11.12-18.14.26:732][  0]LogConfig: Setting CVar [[net.UseAdaptiveNetUpdateFrequency:0]]
[2019.11.12-18.14.26:732][  0]LogConfig: Setting CVar [[p.chaos.AllowCreatePhysxBodies:1]]
[2019.11.12-18.14.26:732][  0]LogConfig: Applying CVar settings from Section [ConsoleVariables] File [C:/Users/death/OneDrive/Documents/Unreal Projects/MyProject2 4.23/Saved/Config/Windows/Engine.ini]
[2019.11.12-18.14.26:732][  0]LogInit: Computer: YUUDACHI
[2019.11.12-18.14.26:732][  0]LogInit: User: death
[2019.11.12-18.14.26:732][  0]LogInit: CPU Page size=4096, Cores=4
[2019.11.12-18.14.26:732][  0]LogInit: High frequency timer resolution =10.000000 MHz
[2019.11.12-18.14.26:732][  0]LogMemory: Memory total: Physical=7.9GB (8GB approx)
[2019.11.12-18.14.26:732][  0]LogMemory: Platform Memory Stats for Windows
[2019.11.12-18.14.26:732][  0]LogMemory: Process Physical Memory: 100.98 MB used, 100.99 MB peak
[2019.11.12-18.14.26:732][  0]LogMemory: Process Virtual Memory: 100.76 MB used, 100.76 MB peak
[2019.11.12-18.14.26:732][  0]LogMemory: Physical Memory: 5429.00 MB used,  2661.51 MB free, 8090.52 MB total
[2019.11.12-18.14.26:732][  0]LogMemory: Virtual Memory: 4668.43 MB used,  134213056.00 MB free, 134217728.00 MB total
[2019.11.12-18.14.26:736][  0]LogWindows: WindowsPlatformFeatures enabled
[2019.11.12-18.14.26:774][  0]LogInit: Using OS detected language (fr-FR).
[2019.11.12-18.14.26:774][  0]LogInit: Using OS detected locale (fr-FR).
[2019.11.12-18.14.26:775][  0]LogTextLocalizationManager: No specific localization for 'fr-FR' exists, so the 'fr' localization will be used.
[2019.11.12-18.14.26:776][  0]LogTextLocalizationResource: LocRes '../../../Engine/Content/Localization/Editor/fr/Editor.locres' could not be opened for reading!
[2019.11.12-18.14.26:776][  0]LogTextLocalizationResource: LocRes '../../../Engine/Content/Localization/EditorTutorials/fr/EditorTutorials.locres' could not be opened for reading!
[2019.11.12-18.14.26:776][  0]LogTextLocalizationResource: LocRes '../../../Engine/Content/Localization/Keywords/fr/Keywords.locres' could not be opened for reading!
[2019.11.12-18.14.26:776][  0]LogTextLocalizationResource: LocRes '../../../Engine/Content/Localization/Category/fr/Category.locres' could not be opened for reading!
[2019.11.12-18.14.26:776][  0]LogTextLocalizationResource: LocRes '../../../Engine/Content/Localization/ToolTips/fr/ToolTips.locres' could not be opened for reading!
[2019.11.12-18.14.26:776][  0]LogTextLocalizationResource: LocRes '../../../Engine/Content/Localization/PropertyNames/fr/PropertyNames.locres' could not be opened for reading!
[2019.11.12-18.14.26:777][  0]LogTextLocalizationResource: LocRes '../../../Engine/Content/Localization/Engine/fr/Engine.locres' could not be opened for reading!
[2019.11.12-18.14.26:850][  0]LogInit: Setting process to per monitor DPI aware
[2019.11.12-18.14.27:066][  0]LogSlate: New Slate User Created.  User Index 0, Is Virtual User: 0
[2019.11.12-18.14.27:066][  0]LogSlate: Slate User Registered.  User Index 0, Is Virtual User: 0
[2019.11.12-18.14.33:359][  0]LogHMD: Failed to initialize OpenVR with code 110
[2019.11.12-18.14.33:359][  0]LogD3D11RHI: D3D11 adapters:
[2019.11.12-18.14.33:452][  0]LogD3D11RHI:    0. 'NVIDIA GeForce GTX 950M' (Feature Level 11_0)
[2019.11.12-18.14.33:452][  0]LogD3D11RHI:       2010/0/4045 MB DedicatedVideo/DedicatedSystem/SharedSystem, Outputs:1, VendorId:0x10de
[2019.11.12-18.14.33:462][  0]LogD3D11RHI:    1. 'Intel(R) HD Graphics 530' (Feature Level 11_0)
[2019.11.12-18.14.33:462][  0]LogD3D11RHI:       128/0/4045 MB DedicatedVideo/DedicatedSystem/SharedSystem, Outputs:0, VendorId:0x8086
[2019.11.12-18.14.33:465][  0]LogD3D11RHI:    2. 'Microsoft Basic Render Driver' (Feature Level 11_0)
[2019.11.12-18.14.33:465][  0]LogD3D11RHI:       0/0/4045 MB DedicatedVideo/DedicatedSystem/SharedSystem, Outputs:0, VendorId:0x1414
[2019.11.12-18.14.33:465][  0]LogD3D11RHI: Chosen D3D11 Adapter: 0
[2019.11.12-18.14.33:515][  0]LogD3D11RHI: Creating new Direct3DDevice
[2019.11.12-18.14.33:515][  0]LogD3D11RHI:     GPU DeviceId: 0x139a (for the marketing name, search the web for "GPU Device Id")
[2019.11.12-18.14.33:515][  0]LogWindows: EnumDisplayDevices:
[2019.11.12-18.14.33:515][  0]LogWindows:    0. 'Intel(R) HD Graphics 530' (P:1 D:1)
[2019.11.12-18.14.33:515][  0]LogWindows:    1. 'Intel(R) HD Graphics 530' (P:0 D:0)
[2019.11.12-18.14.33:516][  0]LogWindows:    2. 'Intel(R) HD Graphics 530' (P:0 D:0)
[2019.11.12-18.14.33:516][  0]LogWindows: DebugString: PrimaryIsNotTheChoosenAdapter PrimaryIsNotTheChoosenAdapter PrimaryIsNotTheChoosenAdapter FoundDriverCount:0 
[2019.11.12-18.14.33:516][  0]LogD3D11RHI:     Adapter Name: NVIDIA GeForce GTX 950M
[2019.11.12-18.14.33:516][  0]LogD3D11RHI:   Driver Version: Unknown (internal:Unknown, unified:Unknown)
[2019.11.12-18.14.33:516][  0]LogD3D11RHI:      Driver Date: Unknown
[2019.11.12-18.14.33:516][  0]LogRHI: Texture pool is 1407 MB (70% of 2010 MB)
[2019.11.12-18.14.33:565][  0]LogD3D11RHI: Async texture creation enabled
[2019.11.12-18.14.33:583][  0]LogD3D11RHI: GPU Timing Frequency: 1000.000000 (Debug: 2 2)
[2019.11.12-18.14.34:161][  0]LogTemp: Display: Module 'AllDesktopTargetPlatform' loaded TargetPlatform 'AllDesktop'
[2019.11.12-18.14.34:172][  0]LogTemp: Display: Module 'MacClientTargetPlatform' loaded TargetPlatform 'MacClient'
[2019.11.12-18.14.34:185][  0]LogTemp: Display: Module 'MacNoEditorTargetPlatform' loaded TargetPlatform 'MacNoEditor'
[2019.11.12-18.14.34:196][  0]LogTemp: Display: Module 'MacServerTargetPlatform' loaded TargetPlatform 'MacServer'
[2019.11.12-18.14.34:208][  0]LogTemp: Display: Module 'MacTargetPlatform' loaded TargetPlatform 'Mac'
[2019.11.12-18.14.34:219][  0]LogTemp: Display: Module 'WindowsClientTargetPlatform' loaded TargetPlatform 'WindowsClient'
[2019.11.12-18.14.34:231][  0]LogTemp: Display: Module 'WindowsNoEditorTargetPlatform' loaded TargetPlatform 'WindowsNoEditor'
[2019.11.12-18.14.34:242][  0]LogTemp: Display: Module 'WindowsServerTargetPlatform' loaded TargetPlatform 'WindowsServer'
[2019.11.12-18.14.34:249][  0]LogTemp: Display: Module 'WindowsTargetPlatform' loaded TargetPlatform 'Windows'
[2019.11.12-18.14.34:290][  0]LogTemp: Display: Module 'AndroidTargetPlatform' loaded TargetPlatform 'Android'
[2019.11.12-18.14.34:290][  0]LogTemp: Display: Module 'AndroidTargetPlatform' loaded TargetPlatform 'Android_ASTC'
[2019.11.12-18.14.34:290][  0]LogTemp: Display: Module 'AndroidTargetPlatform' loaded TargetPlatform 'Android_ATC'
[2019.11.12-18.14.34:290][  0]LogTemp: Display: Module 'AndroidTargetPlatform' loaded TargetPlatform 'Android_DXT'
[2019.11.12-18.14.34:290][  0]LogTemp: Display: Module 'AndroidTargetPlatform' loaded TargetPlatform 'Android_ETC1'
[2019.11.12-18.14.34:290][  0]LogTemp: Display: Module 'AndroidTargetPlatform' loaded TargetPlatform 'Android_ETC1a'
[2019.11.12-18.14.34:290][  0]LogTemp: Display: Module 'AndroidTargetPlatform' loaded TargetPlatform 'Android_ETC2'
[2019.11.12-18.14.34:290][  0]LogTemp: Display: Module 'AndroidTargetPlatform' loaded TargetPlatform 'Android_PVRTC'
[2019.11.12-18.14.34:290][  0]LogTemp: Display: Module 'AndroidTargetPlatform' loaded TargetPlatform 'AndroidClient'
[2019.11.12-18.14.34:290][  0]LogTemp: Display: Module 'AndroidTargetPlatform' loaded TargetPlatform 'Android_ASTCClient'
[2019.11.12-18.14.34:290][  0]LogTemp: Display: Module 'AndroidTargetPlatform' loaded TargetPlatform 'Android_ATCClient'
[2019.11.12-18.14.34:290][  0]LogTemp: Display: Module 'AndroidTargetPlatform' loaded TargetPlatform 'Android_DXTClient'
[2019.11.12-18.14.34:290][  0]LogTemp: Display: Module 'AndroidTargetPlatform' loaded TargetPlatform 'Android_ETC1Client'
[2019.11.12-18.14.34:290][  0]LogTemp: Display: Module 'AndroidTargetPlatform' loaded TargetPlatform 'Android_ETC1aClient'
[2019.11.12-18.14.34:290][  0]LogTemp: Display: Module 'AndroidTargetPlatform' loaded TargetPlatform 'Android_ETC2Client'
[2019.11.12-18.14.34:290][  0]LogTemp: Display: Module 'AndroidTargetPlatform' loaded TargetPlatform 'Android_PVRTCClient'
[2019.11.12-18.14.34:290][  0]LogTemp: Display: Module 'AndroidTargetPlatform' loaded TargetPlatform 'Android_Multi'
[2019.11.12-18.14.34:290][  0]LogTemp: Display: Module 'AndroidTargetPlatform' loaded TargetPlatform 'Android_MultiClient'
[2019.11.12-18.14.34:293][  0]LogTemp: Display: Module 'HTML5TargetPlatform' loaded TargetPlatform 'HTML5'
[2019.11.12-18.14.34:317][  0]LogTemp: Display: Module 'IOSTargetPlatform' loaded TargetPlatform 'IOSClient'
[2019.11.12-18.14.34:317][  0]LogTemp: Display: Module 'IOSTargetPlatform' loaded TargetPlatform 'IOS'
[2019.11.12-18.14.34:338][  0]LogTemp: Display: Module 'TVOSTargetPlatform' loaded TargetPlatform 'TVOSClient'
[2019.11.12-18.14.34:338][  0]LogTemp: Display: Module 'TVOSTargetPlatform' loaded TargetPlatform 'TVOS'
[2019.11.12-18.14.34:348][  0]LogTemp: Display: Module 'LinuxClientTargetPlatform' loaded TargetPlatform 'LinuxClient'
[2019.11.12-18.14.34:356][  0]LogTemp: Display: Module 'LinuxNoEditorTargetPlatform' loaded TargetPlatform 'LinuxNoEditor'
[2019.11.12-18.14.34:367][  0]LogTemp: Display: Module 'LinuxServerTargetPlatform' loaded TargetPlatform 'LinuxServer'
[2019.11.12-18.14.34:377][  0]LogTemp: Display: Module 'LinuxTargetPlatform' loaded TargetPlatform 'Linux'
[2019.11.12-18.14.34:409][  0]LogTemp: Display: Module 'LuminTargetPlatform' loaded TargetPlatform 'Lumin'
[2019.11.12-18.14.34:409][  0]LogTemp: Display: Module 'LuminTargetPlatform' loaded TargetPlatform 'LuminClient'
[2019.11.12-18.14.34:409][  0]LogTargetPlatformManager: Display: Building Assets For Windows
[2019.11.12-18.14.34:420][  0]LogAudioDebug: Display: Lib vorbis DLL was dynamically loaded.
[2019.11.12-18.14.34:501][  0]LogShaderCompilers: Guid format shader working directory is -35 characters bigger than the processId version (../../../../../../Users/death/OneDrive/Documents/Unreal Projects/MyProject2 4.23/Intermediate/Shaders/WorkingDirectory/24168/).
[2019.11.12-18.14.34:501][  0]LogShaderCompilers: Cleaned the shader compiler working directory 'C:/Users/death/AppData/Local/Temp/UnrealShaderWorkingDir/9EF9A1AD4C1DA473067181B87BE327D9/'.
[2019.11.12-18.14.34:505][  0]LogXGEController: Cannot use XGE Controller as Incredibuild is not installed on this machine.
[2019.11.12-18.14.34:505][  0]LogShaderCompilers: Cannot use XGE Shader Compiler as Incredibuild is not installed on this machine.
[2019.11.12-18.14.34:505][  0]LogShaderCompilers: Display: Using Local Shader Compiler.
[2019.11.12-18.14.35:360][  0]LogDerivedDataCache: Display: Max Cache Size: 512 MB
[2019.11.12-18.14.35:433][  0]LogDerivedDataCache: Loaded boot cache 0.07s 73MB C:/Users/death/AppData/Local/UnrealEngine/4.23/DerivedDataCache/Boot.ddc.
[2019.11.12-18.14.35:434][  0]LogDerivedDataCache: Display: Loaded Boot cache: C:/Users/death/AppData/Local/UnrealEngine/4.23/DerivedDataCache/Boot.ddc
[2019.11.12-18.14.35:434][  0]LogDerivedDataCache: FDerivedDataBackendGraph:  Pak pak cache file ../../../../../../Users/death/OneDrive/Documents/Unreal Projects/MyProject2 4.23/DerivedDataCache/DDC.ddp not found, will not use a pak cache.
[2019.11.12-18.14.35:434][  0]LogDerivedDataCache: Unable to find inner node Pak for hierarchical cache Hierarchy.
[2019.11.12-18.14.35:434][  0]LogDerivedDataCache: FDerivedDataBackendGraph:  CompressedPak pak cache file ../../../../../../Users/death/OneDrive/Documents/Unreal Projects/MyProject2 4.23/DerivedDataCache/Compressed.ddp not found, will not use a pak cache.
[2019.11.12-18.14.35:434][  0]LogDerivedDataCache: Unable to find inner node CompressedPak for hierarchical cache Hierarchy.
[2019.11.12-18.14.35:448][  0]LogDerivedDataCache: Display: Pak cache opened for reading ../../../Engine/DerivedDataCache/Compressed.ddp.
[2019.11.12-18.14.35:448][  0]LogDerivedDataCache: FDerivedDataBackendGraph:  EnterprisePak pak cache file ../../../Enterprise/DerivedDataCache/Compressed.ddp not found, will not use a pak cache.
[2019.11.12-18.14.35:448][  0]LogDerivedDataCache: Unable to find inner node EnterprisePak for hierarchical cache Hierarchy.
[2019.11.12-18.14.35:450][  0]LogDerivedDataCache: Using Local data cache path C:/Users/death/AppData/Local/UnrealEngine/Common/DerivedDataCache: Writable
[2019.11.12-18.14.35:450][  0]LogDerivedDataCache: Shared data cache path not found in *engine.ini, will not use an Shared cache.
[2019.11.12-18.14.35:450][  0]LogDerivedDataCache: Unable to find inner node Shared for hierarchical cache Hierarchy.
[2019.11.12-18.14.35:475][  0]LogMaterial: Verifying Global Shaders for PCD3D_SM5
[2019.11.12-18.14.35:478][  0]LogSlate: Using FreeType 2.6.0
[2019.11.12-18.14.35:478][  0]LogSlate: SlateFontServices - WITH_FREETYPE: 1, WITH_HARFBUZZ: 1
[2019.11.12-18.14.35:574][  0]LogAssetRegistry: FAssetRegistry took 0.0027 seconds to start up
[2019.11.12-18.14.35:886][  0]LogInit: Selected Device Profile: [Windows]
[2019.11.12-18.14.36:068][  0]LogMeshReduction: Using QuadricMeshReduction for automatic static mesh reduction
[2019.11.12-18.14.36:068][  0]LogMeshReduction: Using SimplygonMeshReduction for automatic skeletal mesh reduction
[2019.11.12-18.14.36:068][  0]LogMeshReduction: Using ProxyLODMeshReduction for automatic mesh merging
[2019.11.12-18.14.36:068][  0]LogMeshReduction: No distributed automatic mesh merging module available
[2019.11.12-18.14.36:068][  0]LogMeshMerging: No distributed automatic mesh merging module available
[2019.11.12-18.14.36:080][  0]LogNetVersion: MyProject2 1.0.0, NetCL: 8386587, EngineNetVer: 11, GameNetVer: 0 (Checksum: 4230709586)
[2019.11.12-18.14.36:788][  0]LogPackageLocalizationCache: Processed 12 localized package path(s) for 1 prioritized culture(s) in 0.204077 seconds
[2019.11.12-18.14.36:797][  0]LogUObjectArray: 43444 objects as part of root set at end of initial load.
[2019.11.12-18.14.36:797][  0]LogUObjectAllocator: 7548648 out of 0 bytes used by permanent object pool.
[2019.11.12-18.14.36:797][  0]LogUObjectArray: CloseDisregardForGC: 0/0 objects in disregard for GC pool
[2019.11.12-18.14.38:252][  0]LogTcpMessaging: Initializing TcpMessaging bridge
[2019.11.12-18.14.38:257][  0]LogUdpMessaging: Initializing bridge on interface 0.0.0.0:0 to multicast group 230.0.0.1:6666.
[2019.11.12-18.14.38:335][  0]SourceControl: Source control is disabled
[2019.11.12-18.14.38:335][  0]SourceControl: Source control is disabled
[2019.11.12-18.14.38:337][  0]SourceControl: Source control is disabled
[2019.11.12-18.14.38:339][  0]SourceControl: Source control is disabled
[2019.11.12-18.14.38:530][  0]LogAndroidPermission: UAndroidPermissionCallbackProxy::GetInstance
[2019.11.12-18.14.38:685][  0]LogOcInput: OculusInput pre-init called
[2019.11.12-18.14.38:694][  0]LogWindows: Failed to load 'OVRPlugin.dll' (GetLastError=126)
[2019.11.12-18.14.38:694][  0]LogWindows: File 'OVRPlugin.dll' does not exist
[2019.11.12-18.14.38:782][  0]LogEngine: Initializing Engine...
[2019.11.12-18.14.38:783][  0]LogHMD: Failed to initialize OpenVR with code 110
[2019.11.12-18.14.38:784][  0]LogStats: UGameplayTagsManager::InitializeManager -  0.000 s
[2019.11.12-18.14.39:054][  0]LogInit: Initializing FReadOnlyCVARCache
[2019.11.12-18.14.39:071][  0]LogAIModule: Creating AISystem for world Untitled
[2019.11.12-18.14.39:102][  0]LogInit: XAudio2 using 'Speakers (Realtek High Definition Audio)' : 2 channels at 48 kHz using 32 bits per sample (channel mask 0x3)
[2019.11.12-18.14.39:176][  0]LogInit: FAudioDevice initialized.
[2019.11.12-18.14.39:176][  0]LogNetVersion: Set ProjectVersion to 1.0.0.0. Version Checksum will be recalculated on next use.
[2019.11.12-18.14.39:541][  0]LogDerivedDataCache: Saved boot cache 0.36s 73MB C:/Users/death/AppData/Local/UnrealEngine/4.23/DerivedDataCache/Boot.ddc.
[2019.11.12-18.14.39:585][  0]LogInit: Texture streaming: Enabled
[2019.11.12-18.14.39:616][  0]LogEngineSessionManager: EngineSessionManager initialized
[2019.11.12-18.14.39:616][  0]LogEditorSessionSummary: Verbose: Initializing EditorSessionSummaryWriter for editor session tracking
[2019.11.12-18.14.39:619][  0]LogEditorSessionSummary: EditorSessionSummaryWriter initialized
[2019.11.12-18.14.39:929][  0]LogInit: Transaction tracking system initialized
[2019.11.12-18.14.39:972][  0]BlueprintLog: New page: Editor Load
[2019.11.12-18.14.40:501][  0]LocalizationService: Localization service is disabled
[2019.11.12-18.14.40:963][  0]LogFileCache: Scanning file cache for directory 'C:/Users/death/OneDrive/Documents/Unreal Projects/MyProject2 4.23/Content/' took 0.02s
[2019.11.12-18.14.40:963][  0]LogCook: Display: Max memory allowance for cook 16384mb min free memory 0mb
[2019.11.12-18.14.40:963][  0]LogCook: Display: Mobile HDR setting 1
[2019.11.12-18.14.41:200][  0]SourceControl: Source control is disabled
[2019.11.12-18.14.41:200][  0]Cmd: MAP LOAD FILE="../../../../../../Users/death/OneDrive/Documents/Unreal Projects/MyProject2 4.23/Content/FirstPersonBP/Maps/FirstPersonExampleMap.umap" TEMPLATE=0 SHOWPROGRESS=1 FEATURELEVEL=3
[2019.11.12-18.14.41:304][  0]LightingResults: New page: Lighting Build
[2019.11.12-18.14.41:308][  0]LogWorld: UWorld::CleanupWorld for Untitled, bSessionEnded=true, bCleanupResources=true
[2019.11.12-18.14.41:309][  0]MapCheck: New page: Map Check
[2019.11.12-18.14.41:309][  0]LightingResults: New page: Lighting Build
[2019.11.12-18.14.41:337][  0]LogUObjectHash: Compacting FUObjectHashTables data took   2.70ms
[2019.11.12-18.14.44:277][  0]LogBlueprint: Warning: [Compiler Ue4ASP_Character] InputAction Event references unknown Action 'Crouch' for  InputAction Crouch
[2019.11.12-18.15.03:281][  0]LogAIModule: Creating AISystem for world FirstPersonExampleMap
[2019.11.12-18.15.13:298][  0]LogEditorServer: Finished looking for orphan Actors (0.000 secs)
[2019.11.12-18.15.13:345][  0]LogUObjectHash: Compacting FUObjectHashTables data took   3.02ms
[2019.11.12-18.15.13:346][  0]Cmd: MAP CHECKDEP NOCLEARLOG
[2019.11.12-18.15.13:346][  0]MapCheck: Map check complete: 0 Error(s), 0 Warning(s), took 0,209ms to complete.
[2019.11.12-18.15.13:346][  0]LogFileHelpers: Loading map 'FirstPersonExampleMap' took 32.145
[2019.11.12-18.15.14:437][  0]LogSlate: Updating window title bar state: overlay mode, drag disabled, window buttons hidden, title bar hidden
[2019.11.12-18.15.14:452][  0]LogSlate: Updating window title bar state: overlay mode, drag disabled, window buttons hidden, title bar hidden
[2019.11.12-18.15.14:481][  0]LogSlate: Updating window title bar state: overlay mode, drag disabled, window buttons hidden, title bar hidden
[2019.11.12-18.15.14:490][  0]LogSlate: Updating window title bar state: overlay mode, drag disabled, window buttons hidden, title bar hidden
[2019.11.12-18.15.14:588][  0]LogCollectionManager: Loaded 0 collections in 0.002594 seconds
[2019.11.12-18.15.14:788][  0]LogFileCache: Scanning file cache for directory 'C:/Users/death/OneDrive/Documents/Unreal Projects/MyProject2 4.23/Saved/Collections/' took 0.00s
[2019.11.12-18.15.14:788][  0]LogFileCache: Scanning file cache for directory 'C:/Users/death/OneDrive/Documents/Unreal Projects/MyProject2 4.23/Content/Developers/death/Collections/' took 0.00s
[2019.11.12-18.15.14:788][  0]LogFileCache: Scanning file cache for directory 'C:/Users/death/OneDrive/Documents/Unreal Projects/MyProject2 4.23/Content/Collections/' took 0.00s
[2019.11.12-18.15.14:788][  0]LogCollectionManager: Rebuilt the GUID cache for 0 collections in 0.000002 seconds
[2019.11.12-18.15.14:800][  0]LogContentBrowser: Native class hierarchy populated in 0.0108 seconds. Added 2863 classes and 680 folders.
[2019.11.12-18.15.15:008][  0]LogContentBrowser: Native class hierarchy updated for 'WidgetCarousel' in 0.0003 seconds. Added 0 classes and 0 folders.
[2019.11.12-18.15.17:972][  0]LogContentBrowser: Native class hierarchy updated for 'AddContentDialog' in 0.0003 seconds. Added 0 classes and 0 folders.
[2019.11.12-18.15.18:088][  0]LogContentBrowser: Native class hierarchy updated for 'SceneOutliner' in 0.0003 seconds. Added 1 classes and 2 folders.
[2019.11.12-18.15.23:690][  0]LogSlate: Only BGRA pngs, bmps or icos are supported in by External Image Picker
[2019.11.12-18.15.23:956][  0]LogSlate: Took 0.000342 seconds to synchronously load lazily loaded font '../../../Engine/Content/Slate/Fonts/Roboto-Regular.ttf' (155K)
[2019.11.12-18.15.23:982][  0]LogSlate: Took 0.000224 seconds to synchronously load lazily loaded font '../../../Engine/Content/Slate/Fonts/Roboto-Bold.ttf' (160K)
[2019.11.12-18.15.24:251][  0]LogSlate: Took 0.067333 seconds to synchronously load lazily loaded font '../../../Engine/Content/Editor/Slate/Fonts/FontAwesome.ttf' (139K)
[2019.11.12-18.15.26:195][  0]LogRenderer: Reallocating scene render targets to support 1280x628 Format 10 NumSamples 1 (Frame:1).
[2019.11.12-18.15.27:895][  0]LogContentBrowser: Native class hierarchy updated for 'HierarchicalLODOutliner' in 0.0003 seconds. Added 0 classes and 0 folders.
[2019.11.12-18.15.27:895][  0]LogLoad: (Engine Initialization) Total time: 91.75 seconds
[2019.11.12-18.15.27:895][  0]LogLoad: (Engine Initialization) Total Blueprint compile time: 0.00 seconds
[2019.11.12-18.15.28:398][  0]LogContentStreaming: Texture pool size now 1000 MB
[2019.11.12-18.15.28:942][  0]LogSlate: Took 0.139121 seconds to synchronously load lazily loaded font '../../../Engine/Content/Slate/Fonts/Roboto-Light.ttf' (167K)
[2019.11.12-18.15.30:794][ 14]LogAssetRegistry: Asset discovery search completed in 55.2208 seconds
[2019.11.12-18.15.30:798][ 14]LogCollectionManager: Rebuilt the object cache for 0 collections in 0.000005 seconds (found 0 objects)
[2019.11.12-18.15.30:798][ 14]LogCollectionManager: Fixed up redirectors for 0 collections in 0.000057 seconds (updated 0 objects)
[2019.11.12-18.18.08:126][245]LogEditorViewport: Clicking on Actor (LMB): FirstPersonCharacter_C (FirstPersonCharacter)
[2019.11.12-18.18.09:426][271]LogEditorViewport: Clicking on Actor (LMB): FirstPersonCharacter_C (FirstPersonCharacter)
[2019.11.12-18.18.09:544][275]LogEditorViewport: Clicking on Component (LMB): SkeletalMeshComponent (Mesh2P)
[2019.11.12-18.18.11:293][368]LogEditorViewport: Clicking on Component (LMB): SkeletalMeshComponent (Mesh2P)
[2019.11.12-18.18.11:390][371]LogEditorViewport: Clicking on Actor (double click): FirstPersonCharacter_C (FirstPersonCharacter)
[2019.11.12-18.18.13:654][487]LogSlate: FSceneViewport::OnFocusLost() reason 0
[2019.11.12-18.18.16:645][596]LogSlate: Took 0.005047 seconds to synchronously load lazily loaded font '../../../Engine/Content/Slate/Fonts/Roboto-Light.ttf' (167K)
[2019.11.12-18.18.16:686][596]LogAssetEditorManager: Opening Asset editor for Blueprint /Game/FirstPersonBP/Blueprints/FirstPersonCharacter.FirstPersonCharacter
[2019.11.12-18.18.18:842][596]LogContentBrowser: Native class hierarchy updated for 'BlueprintGraph' in 0.0007 seconds. Added 121 classes and 0 folders.
[2019.11.12-18.18.21:420][596]LogSlate: Took 0.020164 seconds to synchronously load lazily loaded font '../../../Engine/Content/Slate/Fonts/Roboto-BoldCondensed.ttf' (158K)
[2019.11.12-18.18.22:137][597]LogSlate: Took 0.038361 seconds to synchronously load lazily loaded font '../../../Engine/Content/Slate/Fonts/Roboto-Italic.ttf' (157K)
[2019.11.12-18.18.52:413][116]LogSlate: Window 'FirstPersonCharacter' being destroyed
[2019.11.12-18.18.54:339][228]LogRenderer: Reallocating scene render targets to support 1280x708 Format 10 NumSamples 1 (Frame:1).
[2019.11.12-18.19.02:087][685]LogSlate: FSceneViewport::OnFocusLost() reason 0
[2019.11.12-18.19.05:599][879]LogSlate: FSceneViewport::OnFocusLost() reason 0
[2019.11.12-18.23.29:330][313]LogEditorSessionSummary: EditorSessionSummary sent report. Type=Shutdown, SessionId={04D71407-42A5-DCBC-329D-69B9EF7FFC61}
[2019.11.12-18.25.28:432][668]LogUObjectHash: Compacting FUObjectHashTables data took   4.25ms
[2019.11.12-18.25.29:595][668]LogSavePackage: Moving '../../../../../../Users/death/OneDrive/Documents/Unreal Projects/MyProject2 4.23/Saved/FirstPersonExampleMap_Auto188619FC8420DCDB28CC85C957FEE1EC9.tmp' to '../../../../../../Users/death/OneDrive/Documents/Unreal Projects/MyProject2 4.23/Saved/Autosaves/Game/FirstPersonBP/Maps/FirstPersonExampleMap_Auto1.umap'
[2019.11.12-18.25.29:630][668]LogFileHelpers: Editor autosave (incl. sublevels) for '/Game/FirstPersonBP/Maps/FirstPersonExampleMap' took 1.240
[2019.11.12-18.25.29:630][668]LogFileHelpers: Editor autosave (incl. sublevels) for all levels took 1.240
[2019.11.12-18.25.29:636][668]OBJ SavePackage: Generating thumbnails for [1] asset(s) in package [/Game/FirstPersonBP/Blueprints/FirstPersonCharacter] ([1] browsable assets)...
[2019.11.12-18.25.29:751][668]OBJ SavePackage:     Rendered thumbnail for [Blueprint /Game/FirstPersonBP/Blueprints/FirstPersonCharacter.FirstPersonCharacter]
[2019.11.12-18.25.29:751][668]OBJ SavePackage: Finished generating thumbnails for package [/Game/FirstPersonBP/Blueprints/FirstPersonCharacter]
[2019.11.12-18.25.29:944][668]LogSavePackage: Moving '../../../../../../Users/death/OneDrive/Documents/Unreal Projects/MyProject2 4.23/Saved/FirstPersonCharacter_Auto1C2359786442055FDD1D46FB127AA912A.tmp' to '../../../../../../Users/death/OneDrive/Documents/Unreal Projects/MyProject2 4.23/Saved/Autosaves/Game/FirstPersonBP/Blueprints/FirstPersonCharacter_Auto1.uasset'
[2019.11.12-18.25.29:946][668]LogFileHelpers: Auto-saving content packages took 0.311
[2019.11.12-18.29.21:966][361]LogSlate: FSceneViewport::OnFocusLost() reason 5
[2019.11.12-19.23.54:254][919]LogUObjectHash: Compacting FUObjectHashTables data took   3.55ms
[2019.11.12-19.23.56:598][919]LogSlate: Window 'Save Content' being destroyed
[2019.11.12-19.23.56:891][919]LogSavePackage: Moving '../../../../../../Users/death/OneDrive/Documents/Unreal Projects/MyProject2 4.23/Saved/FirstPersonCharacter09B4B90C48008CF44FE4199D7E1ED9F3.tmp' to '../../../../../../Users/death/OneDrive/Documents/Unreal Projects/MyProject2 4.23/Content/FirstPersonBP/Blueprints/FirstPersonCharacter.uasset'
[2019.11.12-19.23.57:031][919]LogUObjectHash: Compacting FUObjectHashTables data took   0.90ms
[2019.11.12-19.23.57:886][919]LogSavePackage: Moving '../../../../../../Users/death/OneDrive/Documents/Unreal Projects/MyProject2 4.23/Saved/FirstPersonExampleMap43E484994358F6C53F1E60874F512897.tmp' to '../../../../../../Users/death/OneDrive/Documents/Unreal Projects/MyProject2 4.23/Content/FirstPersonBP/Maps/FirstPersonExampleMap.umap'
[2019.11.12-19.23.57:942][919]LogFileHelpers: Saving map 'FirstPersonExampleMap' took 0.970
[2019.11.12-19.23.58:386][919]LogWorld: UWorld::CleanupWorld for World_4, bSessionEnded=true, bCleanupResources=true
[2019.11.12-19.23.58:615][919]LogSlate: Window 'MyProject2 - Unreal Editor' being destroyed
[2019.11.12-19.23.59:632][920]Cmd: QUIT_EDITOR
[2019.11.12-19.23.59:784][920]LogWindowsTextInputMethodSystem: Display: IME system now deactivated.
[2019.11.12-19.23.59:806][920]LogExit: Preparing to exit.
[2019.11.12-19.24.00:363][920]LogWorld: UWorld::CleanupWorld for World_2, bSessionEnded=true, bCleanupResources=true
[2019.11.12-19.24.00:367][920]LogWorld: UWorld::CleanupWorld for World_3, bSessionEnded=true, bCleanupResources=true
[2019.11.12-19.24.00:370][920]LogWorld: UWorld::CleanupWorld for World_0, bSessionEnded=true, bCleanupResources=true
[2019.11.12-19.24.00:374][920]LogWorld: UWorld::CleanupWorld for World_5, bSessionEnded=true, bCleanupResources=true
[2019.11.12-19.24.00:377][920]LogWorld: UWorld::CleanupWorld for World_1, bSessionEnded=true, bCleanupResources=true
[2019.11.12-19.24.00:493][920]LogDemo: Cleaned up 0 splitscreen connections with owner deletion
[2019.11.12-19.24.00:542][920]LogWorld: UWorld::CleanupWorld for None, bSessionEnded=true, bCleanupResources=true
[2019.11.12-19.24.00:543][920]LogExit: Editor shut down
[2019.11.12-19.24.00:544][920]LogExit: Transaction tracking system shut down
[2019.11.12-19.24.01:061][920]LogExit: Object subsystem successfully closed.
[2019.11.12-19.24.01:096][920]LogShaderCompilers: Display: Shaders left to compile 0
[2019.11.12-19.24.01:177][920]LogModuleManager: Shutting down and abandoning module BlueprintGraph (672)
[2019.11.12-19.24.01:177][920]LogModuleManager: Shutting down and abandoning module HierarchicalLODOutliner (670)
[2019.11.12-19.24.01:177][920]LogModuleManager: Shutting down and abandoning module ExternalImagePicker (668)
[2019.11.12-19.24.01:177][920]LogModuleManager: Shutting down and abandoning module SceneOutliner (666)
[2019.11.12-19.24.01:189][920]LogModuleManager: Shutting down and abandoning module AddContentDialog (664)
[2019.11.12-19.24.01:201][920]LogModuleManager: Shutting down and abandoning module WidgetCarousel (663)
[2019.11.12-19.24.01:201][920]LogModuleManager: Shutting down and abandoning module EditorWidgets (660)
[2019.11.12-19.24.01:201][920]LogModuleManager: Shutting down and abandoning module CollectionManager (658)
[2019.11.12-19.24.01:201][920]LogModuleManager: Shutting down and abandoning module StatsViewer (656)
[2019.11.12-19.24.01:201][920]LogModuleManager: Shutting down and abandoning module VirtualTexturingEditor (654)
[2019.11.12-19.24.01:201][920]LogModuleManager: Shutting down and abandoning module FoliageEdit (652)
[2019.11.12-19.24.01:201][920]LogModuleManager: Shutting down and abandoning module LandscapeEditor (650)
[2019.11.12-19.24.01:201][920]LogModuleManager: Shutting down and abandoning module MeshPaintMode (648)
[2019.11.12-19.24.01:201][920]LogModuleManager: Shutting down and abandoning module SceneDepthPickerMode (646)
[2019.11.12-19.24.01:201][920]LogModuleManager: Shutting down and abandoning module ActorPickerMode (644)
[2019.11.12-19.24.01:201][920]LogModuleManager: Shutting down and abandoning module GeometryMode (642)
[2019.11.12-19.24.01:201][920]LogModuleManager: Shutting down and abandoning module TextureAlignMode (640)
[2019.11.12-19.24.01:201][920]LogModuleManager: Shutting down and abandoning module BspMode (638)
[2019.11.12-19.24.01:202][920]LogModuleManager: Shutting down and abandoning module PIEPreviewDeviceProfileSelector (636)
[2019.11.12-19.24.01:202][920]LogModuleManager: Shutting down and abandoning module SequenceRecorderSections (634)
[2019.11.12-19.24.01:202][920]LogModuleManager: Shutting down and abandoning module AutomationWorker (632)
[2019.11.12-19.24.01:202][920]LogModuleManager: Shutting down and abandoning module OculusMR (630)
[2019.11.12-19.24.01:202][920]LogModuleManager: Shutting down and abandoning module AudioCaptureEditor (628)
[2019.11.12-19.24.01:202][920]LogModuleManager: Shutting down and abandoning module MatineeToLevelSequence (626)
[2019.11.12-19.24.01:202][920]LogModuleManager: Shutting down and abandoning module LevelSequenceEditor (624)
[2019.11.12-19.24.01:202][920]LogModuleManager: Shutting down and abandoning module PlacementMode (623)
[2019.11.12-19.24.01:202][920]LogModuleManager: Shutting down and abandoning module MaterialEditor (622)
[2019.11.12-19.24.01:203][920]LogModuleManager: Shutting down and abandoning module ActorSequenceEditor (618)
[2019.11.12-19.24.01:203][920]LogModuleManager: Shutting down and abandoning module WmfMediaFactory (616)
[2019.11.12-19.24.01:203][920]LogModuleManager: Shutting down and abandoning module WmfMediaEditor (614)
[2019.11.12-19.24.01:203][920]LogModuleManager: Shutting down and abandoning module WebMMediaFactory (612)
[2019.11.12-19.24.01:203][920]LogModuleManager: Shutting down and abandoning module WebMMediaEditor (610)
[2019.11.12-19.24.01:203][920]LogModuleManager: Shutting down and abandoning module WebMMedia (608)
[2019.11.12-19.24.01:204][920]LogModuleManager: Shutting down and abandoning module MediaPlayerEditor (606)
[2019.11.12-19.24.01:204][920]LogModuleManager: Shutting down and abandoning module MediaCompositingEditor (604)
[2019.11.12-19.24.01:204][920]LogModuleManager: Shutting down and abandoning module SequenceRecorder (603)
[2019.11.12-19.24.01:204][920]LogModuleManager: Shutting down and abandoning module OpenExrWrapper (600)
[2019.11.12-19.24.01:204][920]LogModuleManager: Shutting down and abandoning module ImgMediaFactory (598)
[2019.11.12-19.24.01:204][920]LogModuleManager: Shutting down and abandoning module ImgMediaEditor (596)
[2019.11.12-19.24.01:204][920]LogModuleManager: Shutting down and abandoning module AvfMediaFactory (594)
[2019.11.12-19.24.01:204][920]LogModuleManager: Shutting down and abandoning module AvfMediaEditor (592)
[2019.11.12-19.24.01:204][920]LogModuleManager: Shutting down and abandoning module AndroidMediaFactory (590)
[2019.11.12-19.24.01:204][920]LogModuleManager: Shutting down and abandoning module AndroidMediaEditor (588)
[2019.11.12-19.24.01:204][920]LogModuleManager: Shutting down and abandoning module MagicLeapCameraPreviewFactory (586)
[2019.11.12-19.24.01:204][920]LogModuleManager: Shutting down and abandoning module MagicLeapMediaCodecFactory (584)
[2019.11.12-19.24.01:204][920]LogModuleManager: Shutting down and abandoning module MagicLeapMediaFactory (582)
[2019.11.12-19.24.01:204][920]LogModuleManager: Shutting down and abandoning module MagicLeapMediaEditor (580)
[2019.11.12-19.24.01:204][920]LogModuleManager: Shutting down and abandoning module CharacterAI (578)
[2019.11.12-19.24.01:204][920]LogModuleManager: Shutting down and abandoning module SmartSnapping (576)
[2019.11.12-19.24.01:204][920]LogModuleManager: Shutting down and abandoning module SessionServices (574)
[2019.11.12-19.24.01:205][920]LogModuleManager: Shutting down and abandoning module MeshPaint (572)
[2019.11.12-19.24.01:205][920]LogModuleManager: Shutting down and abandoning module ViewportSnapping (570)
[2019.11.12-19.24.01:205][920]LogModuleManager: Shutting down and abandoning module ViewportInteraction (568)
[2019.11.12-19.24.01:205][920]LogModuleManager: Shutting down and abandoning module ClothPainter (566)
[2019.11.12-19.24.01:205][920]LogModuleManager: Shutting down and abandoning module SkeletalMeshEditor (565)
[2019.11.12-19.24.01:205][920]LogModuleManager: Shutting down and abandoning module LogVisualizer (562)
[2019.11.12-19.24.01:205][920]LogModuleManager: Shutting down and abandoning module IntroTutorials (560)
[2019.11.12-19.24.01:221][920]LogModuleManager: Shutting down and abandoning module GameProjectGeneration (559)
[2019.11.12-19.24.01:221][920]LogModuleManager: Shutting down and abandoning module LuminPlatformEditor (556)
[2019.11.12-19.24.01:221][920]LogModuleManager: Shutting down and abandoning module IOSPlatformEditor (554)
[2019.11.12-19.24.01:221][920]LogModuleManager: Shutting down and abandoning module HTML5PlatformEditor (552)
[2019.11.12-19.24.01:221][920]LogModuleManager: Shutting down and abandoning module AndroidPlatformEditor (550)
[2019.11.12-19.24.01:221][920]LogModuleManager: Shutting down and abandoning module AndroidDeviceDetection (549)
[2019.11.12-19.24.01:846][920]LogModuleManager: Shutting down and abandoning module WindowsPlatformEditor (546)
[2019.11.12-19.24.01:846][920]LogModuleManager: Shutting down and abandoning module LuminRuntimeSettings (544)
[2019.11.12-19.24.01:847][920]LogModuleManager: Shutting down and abandoning module IOSRuntimeSettings (542)
[2019.11.12-19.24.01:847][920]LogModuleManager: Shutting down and abandoning module AndroidRuntimeSettings (540)
[2019.11.12-19.24.01:847][920]LogModuleManager: Shutting down and abandoning module TimeManagementEditor (538)
[2019.11.12-19.24.01:847][920]LogModuleManager: Shutting down and abandoning module InputBindingEditor (536)
[2019.11.12-19.24.01:847][920]LogModuleManager: Shutting down and abandoning module MergeActors (534)
[2019.11.12-19.24.01:847][920]LogModuleManager: Shutting down and abandoning module LocalizationDashboard (532)
[2019.11.12-19.24.01:847][920]LogModuleManager: Shutting down and abandoning module LocalizationService (531)
[2019.11.12-19.24.01:847][920]LogModuleManager: Shutting down and abandoning module HardwareTargeting (528)
[2019.11.12-19.24.01:847][920]LogModuleManager: Shutting down and abandoning module DeviceProfileEditor (526)
[2019.11.12-19.24.01:847][920]LogModuleManager: Shutting down and abandoning module UndoHistory (524)
[2019.11.12-19.24.01:847][920]LogModuleManager: Shutting down and abandoning module XmlParser (522)
[2019.11.12-19.24.01:847][920]LogModuleManager: Shutting down and abandoning module Blutility (520)
[2019.11.12-19.24.01:847][920]LogModuleManager: Shutting down and abandoning module ProjectSettingsViewer (518)
[2019.11.12-19.24.01:847][920]LogModuleManager: Shutting down and abandoning module ProjectTargetPlatformEditor (517)
[2019.11.12-19.24.01:847][920]LogModuleManager: Shutting down and abandoning module EditorSettingsViewer (514)
[2019.11.12-19.24.01:847][920]LogModuleManager: Shutting down and abandoning module SettingsEditor (512)
[2019.11.12-19.24.01:847][920]LogModuleManager: Shutting down and abandoning module ProjectLauncher (510)
[2019.11.12-19.24.01:847][920]LogModuleManager: Shutting down and abandoning module SessionFrontend (508)
[2019.11.12-19.24.01:848][920]LogModuleManager: Shutting down and abandoning module ProfilerClient (506)
[2019.11.12-19.24.01:848][920]LogModuleManager: Shutting down and abandoning module DeviceManager (504)
[2019.11.12-19.24.01:848][920]LogModuleManager: Shutting down and abandoning module TargetDeviceServices (503)
[2019.11.12-19.24.01:900][920]LogModuleManager: Shutting down and abandoning module AutomationController (500)
[2019.11.12-19.24.01:900][920]LogModuleManager: Shutting down and abandoning module AutomationWindow (498)
[2019.11.12-19.24.01:900][920]LogModuleManager: Shutting down and abandoning module Layers (496)
[2019.11.12-19.24.01:900][920]LogModuleManager: Shutting down and abandoning module ComponentVisualizers (494)
[2019.11.12-19.24.01:900][920]LogModuleManager: Shutting down and abandoning module DetailCustomizations (492)
[2019.11.12-19.24.01:900][920]LogModuleManager: Shutting down and abandoning module PackagesDialog (490)
[2019.11.12-19.24.01:900][920]LogModuleManager: Shutting down and abandoning module AnimationBlueprintEditor (488)
[2019.11.12-19.24.01:900][920]LogModuleManager: Shutting down and abandoning module Persona (486)
[2019.11.12-19.24.01:900][920]LogModuleManager: Shutting down and abandoning module AdvancedPreviewScene (485)
[2019.11.12-19.24.01:900][920]LogModuleManager: Shutting down and abandoning module AnimGraph (483)
[2019.11.12-19.24.01:900][920]LogModuleManager: Shutting down and abandoning module Kismet (480)
[2019.11.12-19.24.01:907][920]LogModuleManager: Shutting down and abandoning module KismetWidgets (479)
[2019.11.12-19.24.01:907][920]LogModuleManager: Shutting down and abandoning module GraphEditor (476)
[2019.11.12-19.24.01:907][920]LogModuleManager: Shutting down and abandoning module StructViewer (474)
[2019.11.12-19.24.01:907][920]LogModuleManager: Shutting down and abandoning module ClassViewer (472)
[2019.11.12-19.24.01:907][920]LogModuleManager: Shutting down and abandoning module Toolbox (470)
[2019.11.12-19.24.01:907][920]LogModuleManager: Shutting down and abandoning module ModuleUI (468)
[2019.11.12-19.24.01:907][920]LogModuleManager: Shutting down and abandoning module MovieSceneTools (466)
[2019.11.12-19.24.01:907][920]LogModuleManager: Shutting down and abandoning module OutputLog (464)
[2019.11.12-19.24.01:907][920]LogModuleManager: Shutting down and abandoning module GammaUI (462)
[2019.11.12-19.24.01:908][920]LogModuleManager: Shutting down and abandoning module Documentation (460)
[2019.11.12-19.24.01:908][920]LogModuleManager: Shutting down and abandoning module LiveCoding (458)
[2019.11.12-19.24.01:908][920]LogModuleManager: Shutting down and abandoning module LevelSequence (456)
[2019.11.12-19.24.01:908][920]LogModuleManager: Shutting down and abandoning module MovieSceneTracks (454)
[2019.11.12-19.24.01:908][920]LogModuleManager: Shutting down and abandoning module MovieScene (452)
[2019.11.12-19.24.01:908][920]LogModuleManager: Shutting down and abandoning module StreamingPauseRendering (450)
[2019.11.12-19.24.01:908][920]LogModuleManager: Shutting down and abandoning module LauncherPlatform (448)
[2019.11.12-19.24.01:908][920]LogModuleManager: Shutting down and abandoning module AnalyticsET (446)
[2019.11.12-19.24.01:908][920]LogModuleManager: Shutting down and abandoning module PortalServices (444)
[2019.11.12-19.24.01:908][920]LogModuleManager: Shutting down and abandoning module PortalRpc (442)
[2019.11.12-19.24.01:908][920]LogModuleManager: Shutting down and abandoning module MessagingRpc (440)
[2019.11.12-19.24.01:908][920]LogModuleManager: Shutting down and abandoning module AIModule (438)
[2019.11.12-19.24.01:908][920]LogModuleManager: Shutting down and abandoning module GameplayDebugger (437)
[2019.11.12-19.24.01:908][920]LogModuleManager: Shutting down and abandoning module AITestSuite (435)
[2019.11.12-19.24.01:908][920]LogModuleManager: Shutting down and abandoning module NavigationSystem (433)
[2019.11.12-19.24.01:908][920]LogModuleManager: Shutting down and abandoning module DesktopPlatform (430)
[2019.11.12-19.24.01:908][920]LogModuleManager: Shutting down and abandoning module ImageWriteQueue (428)
[2019.11.12-19.24.01:913][920]LogModuleManager: Shutting down and abandoning module ProfilerService (426)
[2019.11.12-19.24.01:932][920]LogModuleManager: Shutting down and abandoning module TaskGraph (424)
[2019.11.12-19.24.01:932][920]LogModuleManager: Shutting down and abandoning module ScreenshotTools (422)
[2019.11.12-19.24.01:932][920]LogModuleManager: Shutting down and abandoning module SteamVRController (420)
[2019.11.12-19.24.01:932][920]LogModuleManager: Shutting down and abandoning module ProceduralMeshComponentEditor (418)
[2019.11.12-19.24.01:932][920]LogModuleManager: Shutting down and abandoning module ProceduralMeshComponent (416)
[2019.11.12-19.24.01:932][920]LogModuleManager: Shutting down and abandoning module OculusEditor (414)
[2019.11.12-19.24.01:932][920]LogModuleManager: Shutting down and abandoning module OculusInput (412)
[2019.11.12-19.24.01:932][920]LogModuleManager: Shutting down and abandoning module MobilePatchingUtils (410)
[2019.11.12-19.24.01:932][920]LogModuleManager: Shutting down and abandoning module EditableMesh (408)
[2019.11.12-19.24.01:932][920]LogModuleManager: Shutting down and abandoning module CustomMeshComponent (406)
[2019.11.12-19.24.01:932][920]LogModuleManager: Shutting down and abandoning module CableComponent (404)
[2019.11.12-19.24.01:932][920]LogModuleManager: Shutting down and abandoning module AudioCapture (402)
[2019.11.12-19.24.01:932][920]LogModuleManager: Shutting down and abandoning module ArchVisCharacter (400)
[2019.11.12-19.24.01:932][920]LogModuleManager: Shutting down and abandoning module AppleImageUtilsBlueprintSupport (398)
[2019.11.12-19.24.01:932][920]LogModuleManager: Shutting down and abandoning module AppleImageUtils (396)
[2019.11.12-19.24.01:932][920]LogModuleManager: Shutting down and abandoning module AndroidPermission (394)
[2019.11.12-19.24.01:932][920]LogModuleManager: Shutting down and abandoning module NUTUnrealEngine4 (392)
[2019.11.12-19.24.01:933][920]LogModuleManager: Shutting down and abandoning module NetcodeUnitTest (390)
[2019.11.12-19.24.01:933][920]LogModuleManager: Shutting down and abandoning module MediaCompositing (388)
[2019.11.12-19.24.01:933][920]LogModuleManager: Shutting down and abandoning module ImgMedia (386)
[2019.11.12-19.24.01:933][920]LogModuleManager: Shutting down and abandoning module MagicLeapHelperVulkan (384)
[2019.11.12-19.24.01:933][920]LogModuleManager: Shutting down and abandoning module MagicLeapHelperOpenGL (382)
[2019.11.12-19.24.01:933][920]LogModuleManager: Shutting down and abandoning module MagicLeapAudio (380)
[2019.11.12-19.24.01:933][920]LogModuleManager: Shutting down and abandoning module HTML5Networking (378)
[2019.11.12-19.24.01:933][920]LogModuleManager: Shutting down and abandoning module GeometryCacheTracks (376)
[2019.11.12-19.24.01:933][920]LogModuleManager: Shutting down and abandoning module GeometryCacheSequencer (374)
[2019.11.12-19.24.01:933][920]LogModuleManager: Shutting down and abandoning module BackChannel (372)
[2019.11.12-19.24.01:933][920]LogModuleManager: Shutting down and abandoning module AutomationUtilsEditor (370)
[2019.11.12-19.24.01:933][920]LogModuleManager: Shutting down and abandoning module AutomationUtils (368)
[2019.11.12-19.24.01:933][920]LogModuleManager: Shutting down and abandoning module AlembicImporter (366)
[2019.11.12-19.24.01:933][920]LogModuleManager: Shutting down and abandoning module AlembicLibrary (365)
[2019.11.12-19.24.01:933][920]LogModuleManager: Shutting down and abandoning module GeometryCache (364)
[2019.11.12-19.24.01:933][920]LogModuleManager: Shutting down and abandoning module GeometryCacheEd (363)
[2019.11.12-19.24.01:933][920]LogModuleManager: Shutting down and abandoning module VariantManagerContent (358)
[2019.11.12-19.24.01:933][920]LogModuleManager: Shutting down and abandoning module DatasmithContentEditor (356)
[2019.11.12-19.24.01:933][920]LogModuleManager: Shutting down and abandoning module SpeedTreeImporter (354)
[2019.11.12-19.24.01:933][920]LogModuleManager: Shutting down and abandoning module PluginBrowser (352)
[2019.11.12-19.24.01:933][920]LogModuleManager: Shutting down and abandoning module MobileLauncherProfileWizard (350)
[2019.11.12-19.24.01:933][920]LogModuleManager: Shutting down and abandoning module MaterialAnalyzer (348)
[2019.11.12-19.24.01:933][920]LogModuleManager: Shutting down and abandoning module CurveEditorTools (346)
[2019.11.12-19.24.01:933][920]LogModuleManager: Shutting down and abandoning module CurveEditor (345)
[2019.11.12-19.24.01:933][920]LogModuleManager: Shutting down and abandoning module CryptoKeysOpenSSL (342)
[2019.11.12-19.24.01:933][920]LogModuleManager: Shutting down and abandoning module CryptoKeys (340)
[2019.11.12-19.24.01:933][920]LogModuleManager: Shutting down and abandoning module VisualStudioSourceCodeAccess (338)
[2019.11.12-19.24.01:933][920]LogModuleManager: Shutting down and abandoning module VisualStudioCodeSourceCodeAccess (336)
[2019.11.12-19.24.01:933][920]LogModuleManager: Shutting down and abandoning module UObjectPlugin (334)
[2019.11.12-19.24.01:933][920]LogModuleManager: Shutting down and abandoning module SubversionSourceControl (332)
[2019.11.12-19.24.01:933][920]LogModuleManager: Shutting down and abandoning module PerforceSourceControl (330)
[2019.11.12-19.24.01:933][920]LogModuleManager: Shutting down and abandoning module GitSourceControl (328)
[2019.11.12-19.24.01:933][920]LogModuleManager: Shutting down and abandoning module SourceControl (327)
[2019.11.12-19.24.01:933][920]LogModuleManager: Shutting down and abandoning module CLionSourceCodeAccess (324)
[2019.11.12-19.24.01:933][920]LogModuleManager: Shutting down and abandoning module AnimationSharingEd (322)
[2019.11.12-19.24.01:934][920]LogModuleManager: Shutting down and abandoning module ActorLayerUtilitiesEditor (320)
[2019.11.12-19.24.01:934][920]LogModuleManager: Shutting down and abandoning module ActorLayerUtilities (318)
[2019.11.12-19.24.01:934][920]LogModuleManager: Shutting down and abandoning module LightPropagationVolumeEditor (316)
[2019.11.12-19.24.01:934][920]LogModuleManager: Shutting down and abandoning module PaperTiledImporter (314)
[2019.11.12-19.24.01:934][920]LogModuleManager: Shutting down and abandoning module PaperSpriteSheetImporter (312)
[2019.11.12-19.24.01:934][920]LogModuleManager: Shutting down and abandoning module Paper2DEditor (310)
[2019.11.12-19.24.01:934][920]LogModuleManager: Shutting down and abandoning module SignificanceManager (308)
[2019.11.12-19.24.01:934][920]LogModuleManager: Shutting down and abandoning module RuntimePhysXCooking (306)
[2019.11.12-19.24.01:934][920]LogModuleManager: Shutting down and abandoning module PhysXVehiclesEditor (304)
[2019.11.12-19.24.01:934][920]LogModuleManager: Shutting down and abandoning module LocationServicesBPLibrary (300)
[2019.11.12-19.24.01:934][920]LogModuleManager: Shutting down and abandoning module ActorSequence (298)
[2019.11.12-19.24.01:934][920]LogModuleManager: Shutting down and abandoning module UdpMessaging (296)
[2019.11.12-19.24.02:035][920]LogModuleManager: Shutting down and abandoning module TcpMessaging (294)
[2019.11.12-19.24.02:135][920]LogModuleManager: Shutting down and abandoning module MagicLeapIdentity (292)
[2019.11.12-19.24.02:135][920]LogModuleManager: Shutting down and abandoning module MagicLeapSecureStorage (290)
[2019.11.12-19.24.02:135][920]LogModuleManager: Shutting down and abandoning module MagicLeapHandTracking (288)
[2019.11.12-19.24.02:135][920]LogModuleManager: Shutting down and abandoning module MagicLeapEyeTracker (286)
[2019.11.12-19.24.02:135][920]LogModuleManager: Shutting down and abandoning module MagicLeapController (284)
[2019.11.12-19.24.02:135][920]LogSlate: Slate User Destroyed.  User Index 0, Is Virtual User: 0
[2019.11.12-19.24.02:135][920]LogModuleManager: Shutting down and abandoning module MagicLeapAR (282)
[2019.11.12-19.24.02:135][920]LogModuleManager: Shutting down and abandoning module AugmentedReality (281)
[2019.11.12-19.24.02:135][920]LogModuleManager: Shutting down and abandoning module GameplayTagsEditor (278)
[2019.11.12-19.24.02:135][920]LogModuleManager: Shutting down and abandoning module FacialAnimationEditor (276)
[2019.11.12-19.24.02:135][920]LogModuleManager: Shutting down and abandoning module FacialAnimation (274)
[2019.11.12-19.24.02:135][920]LogModuleManager: Shutting down and abandoning module DataValidation (272)
[2019.11.12-19.24.02:135][920]LogModuleManager: Shutting down and abandoning module AssetManagerEditor (270)
[2019.11.12-19.24.02:135][920]LogModuleManager: Shutting down and abandoning module LevelEditor (269)
[2019.11.12-19.24.02:138][920]LogModuleManager: Shutting down and abandoning module PixelInspectorModule (268)
[2019.11.12-19.24.02:138][920]LogModuleManager: Shutting down and abandoning module CommonMenuExtensions (266)
[2019.11.12-19.24.02:138][920]LogModuleManager: Shutting down and abandoning module MainFrame (264)
[2019.11.12-19.24.02:138][920]LogModuleManager: Shutting down and abandoning module HotReload (263)
[2019.11.12-19.24.02:139][920]LogModuleManager: Shutting down and abandoning module ContentBrowser (259)
[2019.11.12-19.24.02:142][920]LogModuleManager: Shutting down and abandoning module TreeMap (257)
[2019.11.12-19.24.02:142][920]LogModuleManager: Shutting down and abandoning module AnimationSharing (254)
[2019.11.12-19.24.02:142][920]LogModuleManager: Shutting down and abandoning module LightPropagationVolumeRuntime (252)
[2019.11.12-19.24.02:142][920]LogModuleManager: Shutting down and abandoning module Paper2D (250)
[2019.11.12-19.24.02:142][920]LogModuleManager: Shutting down and abandoning module WindowsMoviePlayer (248)
[2019.11.12-19.24.02:145][920]LogModuleManager: Shutting down and abandoning module WebMMoviePlayer (246)
[2019.11.12-19.24.02:145][920]LogModuleManager: Shutting down and abandoning module NetworkReplayStreaming (244)
[2019.11.12-19.24.02:145][920]LogModuleManager: Shutting down and abandoning module PacketHandler (242)
[2019.11.12-19.24.02:145][920]LogModuleManager: Shutting down and abandoning module ClothingSystemEditor (240)
[2019.11.12-19.24.02:145][920]LogModuleManager: Shutting down and abandoning module ClothingSystemRuntime (238)
[2019.11.12-19.24.02:173][920]LogModuleManager: Shutting down and abandoning module MediaAssets (236)
[2019.11.12-19.24.02:173][920]LogModuleManager: Shutting down and abandoning module Overlay (234)
[2019.11.12-19.24.02:174][920]LogModuleManager: Shutting down and abandoning module OverlayEditor (233)
[2019.11.12-19.24.02:174][920]LogModuleManager: Shutting down and abandoning module VREditor (230)
[2019.11.12-19.24.02:174][920]LogModuleManager: Shutting down and abandoning module StringTableEditor (228)
[2019.11.12-19.24.02:174][920]LogModuleManager: Shutting down and abandoning module GameplayTasksEditor (226)
[2019.11.12-19.24.02:174][920]LogModuleManager: Shutting down and abandoning module BehaviorTreeEditor (224)
[2019.11.12-19.24.02:174][920]LogModuleManager: Shutting down and abandoning module FunctionalTesting (222)
[2019.11.12-19.24.02:174][920]LogModuleManager: Shutting down and abandoning module CollisionAnalyzer (220)
[2019.11.12-19.24.02:174][920]LogModuleManager: Shutting down and abandoning module WorkspaceMenuStructure (219)
[2019.11.12-19.24.02:174][920]LogModuleManager: Shutting down and abandoning module UMG (216)
[2019.11.12-19.24.02:174][920]LogModuleManager: Shutting down and abandoning module UMGEditor (215)
[2019.11.12-19.24.02:174][920]LogModuleManager: Shutting down and abandoning module Sequencer (214)
[2019.11.12-19.24.02:175][920]LogModuleManager: Shutting down and abandoning module MessageLog (211)
[2019.11.12-19.24.02:175][920]LogModuleManager: Shutting down and abandoning module SlateReflector (206)
[2019.11.12-19.24.02:175][920]LogModuleManager: Shutting down and abandoning module Slate (204)
[2019.11.12-19.24.02:175][920]LogModuleManager: Shutting down and abandoning module LandscapeEditorUtilities (202)
[2019.11.12-19.24.02:175][920]LogModuleManager: Shutting down and abandoning module EditorStyle (200)
[2019.11.12-19.24.02:177][920]LogModuleManager: Shutting down and abandoning module UnrealEd (198)
[2019.11.12-19.24.02:177][920]LogModuleManager: Shutting down and abandoning module MRMesh (196)
[2019.11.12-19.24.02:177][920]LogModuleManager: Shutting down and abandoning module SourceCodeAccess (194)
[2019.11.12-19.24.02:177][920]LogModuleManager: Shutting down and abandoning module HeadMountedDisplay (192)
[2019.11.12-19.24.02:177][920]LogModuleManager: Shutting down and abandoning module XAudio2 (190)
[2019.11.12-19.24.02:177][920]LogModuleManager: Shutting down and abandoning module Networking (188)
[2019.11.12-19.24.02:177][920]LogModuleManager: Shutting down and abandoning module Core (186)
[2019.11.12-19.24.02:177][920]LogModuleManager: Shutting down and abandoning module KismetCompiler (184)
[2019.11.12-19.24.02:177][920]LogModuleManager: Shutting down and abandoning module MeshUtilities (182)
[2019.11.12-19.24.02:177][920]LogModuleManager: Shutting down and abandoning module MeshMergeUtilities (181)
[2019.11.12-19.24.02:177][920]LogModuleManager: Shutting down and abandoning module MeshReductionInterface (180)
[2019.11.12-19.24.02:177][920]LogModuleManager: Shutting down and abandoning module SkeletalMeshReduction (179)
[2019.11.12-19.24.02:177][920]LogModuleManager: Shutting down and abandoning module ProxyLODMeshReduction (177)
[2019.11.12-19.24.02:177][920]LogModuleManager: Shutting down and abandoning module QuadricMeshReduction (175)
[2019.11.12-19.24.02:177][920]LogModuleManager: Shutting down and abandoning module MaterialBaking (171)
[2019.11.12-19.24.02:177][920]LogModuleManager: Shutting down and abandoning module NullInstallBundleManager (166)
[2019.11.12-19.24.02:177][920]LogModuleManager: Shutting down and abandoning module DerivedDataCache (164)
[2019.11.12-19.24.02:226][920]LogDerivedDataCache: Shutdown
[2019.11.12-19.24.02:226][920]LogModuleManager: Shutting down and abandoning module XGEController (162)
[2019.11.12-19.24.02:227][920]LogModuleManager: Shutting down and abandoning module TargetPlatform (160)
[2019.11.12-19.24.02:227][920]LogModuleManager: Shutting down and abandoning module VulkanShaderFormat (159)
[2019.11.12-19.24.02:227][920]LogModuleManager: Shutting down and abandoning module ShaderFormatVectorVM (157)
[2019.11.12-19.24.02:227][920]LogModuleManager: Shutting down and abandoning module ShaderFormatOpenGL (155)
[2019.11.12-19.24.02:227][920]LogModuleManager: Shutting down and abandoning module ShaderFormatD3D (153)
[2019.11.12-19.24.02:227][920]LogModuleManager: Shutting down and abandoning module MetalShaderFormat (151)
[2019.11.12-19.24.02:227][920]LogModuleManager: Shutting down and abandoning module TextureFormatUncompressed (149)
[2019.11.12-19.24.02:227][920]LogModuleManager: Shutting down and abandoning module TextureFormatPVR (147)
[2019.11.12-19.24.02:227][920]LogModuleManager: Shutting down and abandoning module TextureFormatDXT (145)
[2019.11.12-19.24.02:227][920]LogModuleManager: Shutting down and abandoning module TextureFormatIntelISPCTexComp (143)
[2019.11.12-19.24.02:227][920]LogModuleManager: Shutting down and abandoning module TextureFormatASTC (141)
[2019.11.12-19.24.02:227][920]LogModuleManager: Shutting down and abandoning module ImageWrapper (140)
[2019.11.12-19.24.02:227][920]LogModuleManager: Shutting down and abandoning module TextureFormatAndroid (137)
[2019.11.12-19.24.02:227][920]LogModuleManager: Shutting down and abandoning module AudioFormatOpus (135)
[2019.11.12-19.24.02:227][920]LogModuleManager: Shutting down and abandoning module AudioFormatOgg (133)
[2019.11.12-19.24.02:227][920]LogModuleManager: Shutting down and abandoning module AudioFormatADPCM (131)
[2019.11.12-19.24.02:227][920]LogModuleManager: Shutting down and abandoning module LuminTargetPlatform (129)
[2019.11.12-19.24.02:239][920]LogModuleManager: Shutting down and abandoning module LinuxTargetPlatform (127)
[2019.11.12-19.24.02:239][920]LogModuleManager: Shutting down and abandoning module LinuxServerTargetPlatform (125)
[2019.11.12-19.24.02:239][920]LogModuleManager: Shutting down and abandoning module LinuxNoEditorTargetPlatform (123)
[2019.11.12-19.24.02:239][920]LogModuleManager: Shutting down and abandoning module LinuxClientTargetPlatform (121)
[2019.11.12-19.24.02:240][920]LogModuleManager: Shutting down and abandoning module TVOSTargetPlatform (119)
[2019.11.12-19.24.02:244][920]LogModuleManager: Shutting down and abandoning module Messaging (117)
[2019.11.12-19.24.02:245][920]LogModuleManager: Shutting down and abandoning module IOSTargetPlatform (115)
[2019.11.12-19.24.02:248][920]LogModuleManager: Shutting down and abandoning module HTML5TargetPlatform (113)
[2019.11.12-19.24.02:248][920]LogModuleManager: Shutting down and abandoning module AndroidTargetPlatform (111)
[2019.11.12-19.24.02:291][920]LogModuleManager: Shutting down and abandoning module WindowsTargetPlatform (109)
[2019.11.12-19.24.02:291][920]LogModuleManager: Shutting down and abandoning module WindowsServerTargetPlatform (107)
[2019.11.12-19.24.02:291][920]LogModuleManager: Shutting down and abandoning module WindowsNoEditorTargetPlatform (105)
[2019.11.12-19.24.02:291][920]LogModuleManager: Shutting down and abandoning module WindowsClientTargetPlatform (103)
[2019.11.12-19.24.02:291][920]LogModuleManager: Shutting down and abandoning module MacTargetPlatform (101)
[2019.11.12-19.24.02:291][920]LogModuleManager: Shutting down and abandoning module MacServerTargetPlatform (99)
[2019.11.12-19.24.02:291][920]LogModuleManager: Shutting down and abandoning module MacNoEditorTargetPlatform (97)
[2019.11.12-19.24.02:291][920]LogModuleManager: Shutting down and abandoning module MacClientTargetPlatform (95)
[2019.11.12-19.24.02:291][920]LogModuleManager: Shutting down and abandoning module AllDesktopTargetPlatform (93)
[2019.11.12-19.24.02:291][920]LogModuleManager: Shutting down and abandoning module InputCore (90)
[2019.11.12-19.24.02:291][920]LogModuleManager: Shutting down and abandoning module Settings (88)
[2019.11.12-19.24.02:291][920]LogModuleManager: Shutting down and abandoning module DirectoryWatcher (86)
[2019.11.12-19.24.02:292][920]LogModuleManager: Shutting down and abandoning module PhysXCooking (84)
[2019.11.12-19.24.02:292][920]LogModuleManager: Shutting down and abandoning module WindowsPlatformFeatures (82)
[2019.11.12-19.24.02:292][920]LogModuleManager: Shutting down and abandoning module GameplayMediaEncoder (81)
[2019.11.12-19.24.02:292][920]LogModuleManager: Shutting down and abandoning module SteamVR (78)
[2019.11.12-19.24.02:292][920]LogHMD: Freeing OpenVRDLLHandle.
[2019.11.12-19.24.02:292][920]LogModuleManager: Shutting down and abandoning module OculusHMD (76)
[2019.11.12-19.24.02:292][920]LogModuleManager: Shutting down and abandoning module ExampleDeviceProfileSelector (74)
[2019.11.12-19.24.02:292][920]LogModuleManager: Shutting down and abandoning module LauncherChunkInstaller (72)
[2019.11.12-19.24.02:292][920]LogModuleManager: Shutting down and abandoning module OnlineBlueprintSupport (70)
[2019.11.12-19.24.02:292][920]LogModuleManager: Shutting down and abandoning module OnlineSubsystem (66)
[2019.11.12-19.24.02:293][920]LogModuleManager: Shutting down and abandoning module XMPP (61)
[2019.11.12-19.24.02:293][920]LogModuleManager: Shutting down and abandoning module WebSockets (60)
[2019.11.12-19.24.02:322][920]LogModuleManager: Shutting down and abandoning module HTTP (57)
[2019.11.12-19.24.02:322][920]LogHttp: Display: Http module shutting down, but needs to wait on 1 outstanding Http requests:
[2019.11.12-19.24.02:322][920]LogHttp: Display: 	verb=[POST] url=[https://datarouter.ol.epicgames.com/datarouter/api/v1/public/data?SessionID=%7B86F95F6D-4C4D-7B1F-3C9F-3BA44784E9C3%7D&AppID=UEEditor.Rocket.Release&AppVersion=4.23.1-9631420%2B%2B%2BUE4%2BRelease-4.23&UserID=56dd08ce4f1e2333fc3a9190812bef7f%7C0d24fb48151e4b3a9fb277ba8157d37f%7C5637bcc7-34ef-4e18-99d0-7cf7870a6763&AppEnvironment=datacollector-binary&UploadType=eteventstream] status=Processing
[2019.11.12-19.24.02:352][920]LogModuleManager: Shutting down and abandoning module SSL (56)
[2019.11.12-19.24.02:354][920]LogModuleManager: Shutting down and abandoning module WmfMedia (52)
[2019.11.12-19.24.02:356][920]LogModuleManager: Shutting down and abandoning module Media (51)
[2019.11.12-19.24.02:356][920]LogModuleManager: Shutting down and abandoning module MagicLeap (48)
[2019.11.12-19.24.02:356][920]LogModuleManager: Shutting down and abandoning module DatasmithContent (46)
[2019.11.12-19.24.02:357][920]LogModuleManager: Shutting down and abandoning module AISupportModule (44)
[2019.11.12-19.24.02:357][920]LogModuleManager: Shutting down and abandoning module PlatformCryptoOpenSSL (42)
[2019.11.12-19.24.02:357][920]LogModuleManager: Shutting down and abandoning module PlatformCrypto (40)
[2019.11.12-19.24.02:357][920]LogModuleManager: Shutting down and abandoning module AnimationModifiers (38)
[2019.11.12-19.24.02:357][920]LogModuleManager: Shutting down and abandoning module PropertyEditor (37)
[2019.11.12-19.24.02:357][920]LogModuleManager: Shutting down and abandoning module AudioEditor (34)
[2019.11.12-19.24.02:358][920]LogModuleManager: Shutting down and abandoning module TextureCompressor (32)
[2019.11.12-19.24.02:358][920]LogModuleManager: Shutting down and abandoning module RenderCore (30)
[2019.11.12-19.24.02:358][920]LogModuleManager: Shutting down and abandoning module Landscape (28)
[2019.11.12-19.24.02:358][920]LogModuleManager: Shutting down and abandoning module SlateRHIRenderer (26)
[2019.11.12-19.24.02:362][920]LogModuleManager: Shutting down and abandoning module OpenGLDrv (24)
[2019.11.12-19.24.02:362][920]LogModuleManager: Shutting down and abandoning module D3D11RHI (22)
[2019.11.12-19.24.02:362][920]LogModuleManager: Shutting down and abandoning module AnimGraphRuntime (20)
[2019.11.12-19.24.02:362][920]LogModuleManager: Shutting down and abandoning module Renderer (18)
[2019.11.12-19.24.02:362][920]LogModuleManager: Shutting down and abandoning module Engine (16)
[2019.11.12-19.24.02:362][920]LogModuleManager: Shutting down and abandoning module CoreUObject (14)
[2019.11.12-19.24.02:362][920]LogModuleManager: Shutting down and abandoning module NetworkFile (12)
[2019.11.12-19.24.02:362][920]LogModuleManager: Shutting down and abandoning module CookedIterativeFile (10)
[2019.11.12-19.24.02:362][920]LogModuleManager: Shutting down and abandoning module StreamingFile (8)
[2019.11.12-19.24.02:362][920]LogModuleManager: Shutting down and abandoning module SandboxFile (6)
[2019.11.12-19.24.02:362][920]LogModuleManager: Shutting down and abandoning module PakFile (4)
[2019.11.12-19.24.02:362][920]LogModuleManager: Shutting down and abandoning module RSA (3)
[2019.11.12-19.24.02:362][920]LogD3D11RHI: Shutdown
[2019.11.12-19.24.02:362][920]LogD3D11RHI: CleanupD3DDevice
[2019.11.12-19.24.02:377][920]LogRendererCore: FGlobalDynamicReadBuffer::Cleanup()
[2019.11.12-19.24.02:377][920]LogRendererCore: FGlobalDynamicReadBuffer::Cleanup()
[2019.11.12-19.24.02:377][920]LogRendererCore: FGlobalDynamicReadBuffer::Cleanup()
[2019.11.12-19.24.02:598][920]LogD3D11RHI: ~FD3D11DynamicRHI
[2019.11.12-19.24.02:614][920]LogExit: Exiting.
[2019.11.12-19.24.02:642][920]Log file closed, 11/12/19 20:24:02
