Log file open, 01/26/20 16:56:58
LogWindows: Failed to load 'aqProf.dll' (GetLastError=126)
LogWindows: File 'aqProf.dll' does not exist
LogWindows: Failed to load 'VtuneApi.dll' (GetLastError=126)
LogWindows: File 'VtuneApi.dll' does not exist
LogWindows: Failed to load 'VtuneApi32e.dll' (GetLastError=126)
LogWindows: File 'VtuneApi32e.dll' does not exist
LogConsoleResponse: Display: Failed to find resolution value strings in scalability ini. Falling back to default.
LogInit: Display: Running engine for game: WatchOut
LogPlatformFile: Not using cached read wrapper
LogTaskGraph: Started task graph with 5 named threads and 11 total threads with 3 sets of task threads.
LogStats: Stats thread started at 0.088466
LogD3D11RHI: Loaded GFSDK_Aftermath_Lib.x64.dll
LogICUInternationalization: ICU TimeZone Detection - Raw Offset: +1:00, Platform Override: ''
LogPluginManager: Mounting plugin Paper2D
LogPluginManager: Mounting plugin AISupport
LogPluginManager: Mounting plugin LightPropagationVolume
LogPluginManager: Mounting plugin ActorLayerUtilities
LogPluginManager: Mounting plugin AnimationSharing
LogPluginManager: Mounting plugin CLionSourceCodeAccess
LogPluginManager: Mounting plugin CodeLiteSourceCodeAccess
LogPluginManager: Mounting plugin GitSourceControl
LogPluginManager: Mounting plugin KDevelopSourceCodeAccess
LogPluginManager: Mounting plugin NullSourceCodeAccess
LogPluginManager: Mounting plugin PerforceSourceControl
LogPluginManager: Mounting plugin SubversionSourceControl
LogPluginManager: Mounting plugin UObjectPlugin
LogPluginManager: Mounting plugin VisualStudioCodeSourceCodeAccess
LogPluginManager: Mounting plugin VisualStudioSourceCodeAccess
LogPluginManager: Mounting plugin XCodeSourceCodeAccess
LogPluginManager: Mounting plugin AssetManagerEditor
LogPluginManager: Mounting plugin CryptoKeys
LogPluginManager: Mounting plugin CurveEditorTools
LogPluginManager: Mounting plugin DataValidation
LogPluginManager: Mounting plugin FacialAnimation
LogPluginManager: Mounting plugin GameplayTagsEditor
LogPluginManager: Mounting plugin MacGraphicsSwitching
LogPluginManager: Mounting plugin MaterialAnalyzer
LogPluginManager: Mounting plugin MobileLauncherProfileWizard
LogPluginManager: Mounting plugin PluginBrowser
LogPluginManager: Mounting plugin SpeedTreeImporter
LogPluginManager: Mounting plugin DatasmithContent
LogPluginManager: Mounting plugin VariantManagerContent
LogPluginManager: Mounting plugin AlembicImporter
LogPluginManager: Mounting plugin AutomationUtils
LogPluginManager: Mounting plugin BackChannel
LogPluginManager: Mounting plugin CharacterAI
LogPluginManager: Mounting plugin GeometryCache
LogPluginManager: Mounting plugin HTML5Networking
LogPluginManager: Mounting plugin PlatformCrypto
LogPluginManager: Mounting plugin ProxyLODPlugin
LogPluginManager: Mounting plugin SkeletalReduction
LogPluginManager: Mounting plugin MagicLeap
LogPluginManager: Mounting plugin MagicLeapMedia
LogPluginManager: Mounting plugin AndroidMedia
LogPluginManager: Mounting plugin AvfMedia
LogPluginManager: Mounting plugin ImgMedia
LogPluginManager: Mounting plugin MediaCompositing
LogPluginManager: Mounting plugin MediaPlayerEditor
LogPluginManager: Mounting plugin WebMMedia
LogPluginManager: Mounting plugin WmfMedia
LogPluginManager: Mounting plugin TcpMessaging
LogPluginManager: Mounting plugin UdpMessaging
LogPluginManager: Mounting plugin ActorSequence
LogPluginManager: Mounting plugin LevelSequenceEditor
LogPluginManager: Mounting plugin MatineeToLevelSequence
LogPluginManager: Mounting plugin NetcodeUnitTest
LogPluginManager: Mounting plugin NUTUnrealEngine4
LogPluginManager: Mounting plugin OnlineSubsystemGooglePlay
LogPluginManager: Mounting plugin OnlineSubsystemIOS
LogPluginManager: Mounting plugin OnlineSubsystem
LogPluginManager: Mounting plugin OnlineSubsystemNull
LogPluginManager: Mounting plugin OnlineSubsystemUtils
LogPluginManager: Mounting plugin LauncherChunkInstaller
LogPluginManager: Mounting plugin AndroidDeviceProfileSelector
LogPluginManager: Mounting plugin AndroidMoviePlayer
LogPluginManager: Mounting plugin AndroidPermission
LogPluginManager: Mounting plugin AppleImageUtils
LogPluginManager: Mounting plugin AppleMoviePlayer
LogPluginManager: Mounting plugin ArchVisCharacter
LogPluginManager: Mounting plugin AudioCapture
LogPluginManager: Mounting plugin CableComponent
LogPluginManager: Mounting plugin CustomMeshComponent
LogPluginManager: Mounting plugin EditableMesh
LogPluginManager: Mounting plugin ExampleDeviceProfileSelector
LogPluginManager: Mounting plugin GoogleCloudMessaging
LogPluginManager: Mounting plugin IOSDeviceProfileSelector
LogPluginManager: Mounting plugin LinuxDeviceProfileSelector
LogPluginManager: Mounting plugin LocationServicesBPLibrary
LogPluginManager: Mounting plugin MobilePatchingUtils
LogPluginManager: Mounting plugin OculusVR
LogPluginManager: Mounting plugin PhysXVehicles
LogPluginManager: Mounting plugin ProceduralMeshComponent
LogPluginManager: Mounting plugin RuntimePhysXCooking
LogPluginManager: Mounting plugin SignificanceManager
LogPluginManager: Mounting plugin SteamVR
LogPluginManager: Mounting plugin WebMMoviePlayer
LogPluginManager: Mounting plugin WindowsMoviePlayer
LogPluginManager: Mounting plugin ScreenshotTools
LogInit: Using libcurl 7.55.1-DEV
LogInit:  - built for x86_64-pc-win32
LogInit:  - supports SSL with OpenSSL/1.1.1
LogInit:  - supports HTTP deflate (compression) using libz 1.2.8
LogInit:  - other features:
LogInit:      CURL_VERSION_SSL
LogInit:      CURL_VERSION_LIBZ
LogInit:      CURL_VERSION_IPV6
LogInit:      CURL_VERSION_ASYNCHDNS
LogInit:      CURL_VERSION_LARGEFILE
LogInit:      CURL_VERSION_IDN
LogInit:  CurlRequestOptions (configurable via config and command line):
LogInit:  - bVerifyPeer = true  - Libcurl will verify peer certificate
LogInit:  - bUseHttpProxy = false  - Libcurl will NOT use HTTP proxy
LogInit:  - bDontReuseConnections = false  - Libcurl will reuse connections
LogInit:  - MaxHostConnections = 16  - Libcurl will limit the number of connections to a host
LogInit:  - LocalHostAddr = Default
LogInit:  - BufferSize = 65536
LogOnline: OSS: Creating online subsystem instance for: NULL
LogInit: WinSock: version 1.1 (2.2), MaxSocks=32767, MaxUdp=65467
LogInit: Build: ++UE4+Release-4.23-CL-9631420
LogInit: Engine Version: 4.23.1-9631420+++UE4+Release-4.23
LogInit: Compatible Engine Version: 4.23.0-8386587+++UE4+Release-4.23
LogInit: Net CL: 8386587
LogInit: OS: Windows 10 (Release 1903) (), CPU: Intel(R) Core(TM) i7-7500U CPU @ 2.70GHz, GPU: Intel(R) HD Graphics 620
LogInit: Compiled (64-bit): Oct 18 2019 02:07:44
LogInit: Compiled with Visual C++: 19.16.27030.01
LogInit: Build Configuration: Development
LogInit: Branch Name: ++UE4+Release-4.23
LogInit: Command Line: 
LogInit: Base Directory: C:/Program Files/Epic Games/UE_4.23/Engine/Binaries/Win64/
LogInit: Installed Engine Build: 1
LogDevObjectVersion: Number of dev versions registered: 23
LogDevObjectVersion:   Dev-Blueprints (B0D832E4-1F89-4F0D-ACCF-7EB736FD4AA2): 10
LogDevObjectVersion:   Dev-Build (E1C64328-A22C-4D53-A36C-8E866417BD8C): 0
LogDevObjectVersion:   Dev-Core (375EC13C-06E4-48FB-B500-84F0262A717E): 3
LogDevObjectVersion:   Dev-Editor (E4B068ED-F494-42E9-A231-DA0B2E46BB41): 34
LogDevObjectVersion:   Dev-Framework (CFFC743F-43B0-4480-9391-14DF171D2073): 35
LogDevObjectVersion:   Dev-Mobile (B02B49B5-BB20-44E9-A304-32B752E40360): 2
LogDevObjectVersion:   Dev-Networking (A4E4105C-59A1-49B5-A7C5-40C4547EDFEE): 0
LogDevObjectVersion:   Dev-Online (39C831C9-5AE6-47DC-9A44-9C173E1C8E7C): 0
LogDevObjectVersion:   Dev-Physics (78F01B33-EBEA-4F98-B9B4-84EACCB95AA2): 0
LogDevObjectVersion:   Dev-Platform (6631380F-2D4D-43E0-8009-CF276956A95A): 0
LogDevObjectVersion:   Dev-Rendering (12F88B9F-8875-4AFC-A67C-D90C383ABD29): 31
LogDevObjectVersion:   Dev-Sequencer (7B5AE74C-D270-4C10-A958-57980B212A5A): 11
LogDevObjectVersion:   Dev-VR (D7296918-1DD6-4BDD-9DE2-64A83CC13884): 2
LogDevObjectVersion:   Dev-LoadTimes (C2A15278-BFE7-4AFE-6C17-90FF531DF755): 1
LogDevObjectVersion:   Private-Geometry (6EACA3D4-40EC-4CC1-B786-8BED09428FC5): 3
LogDevObjectVersion:   Dev-AnimPhys (29E575DD-E0A3-4627-9D10-D276232CDCEA): 17
LogDevObjectVersion:   Dev-Anim (AF43A65D-7FD3-4947-9873-3E8ED9C1BB05): 2
LogDevObjectVersion:   Dev-ReflectionCapture (6B266CEC-1EC7-4B8F-A30B-E4D90942FC07): 1
LogDevObjectVersion:   Dev-Automation (0DF73D61-A23F-47EA-B727-89E90C41499A): 1
LogDevObjectVersion:   FortniteMain (601D1886-AC64-4F84-AA16-D3DE0DEAC7D6): 27
LogDevObjectVersion:   Dev-Enterprise (9DFFBCD6-494F-0158-E221-12823C92A888): 6
LogDevObjectVersion:   Dev-Niagara (F2AED0AC-9AFE-416F-8664-AA7FFA26D6FC): 1
LogDevObjectVersion:   Dev-Destruction (174F1F0B-B4C6-45A5-B13F-2EE8D0FB917D): 9
LogInit: Presizing for max 16777216 objects, including 0 objects not considered by GC, pre-allocating 0 bytes for permanent pool.
LogInit: Object subsystem initialized
LogConfig: Setting CVar [[con.DebugEarlyDefault:1]]
LogConfig: Setting CVar [[r.setres:1280x720]]
[2020.01.26-15.56.58:725][  0]LogConfig: Setting CVar [[r.VSync:0]]
[2020.01.26-15.56.58:725][  0]LogConfig: Setting CVar [[r.RHICmdBypass:0]]
[2020.01.26-15.56.58:725][  0]LogConfig: Applying CVar settings from Section [/Script/Engine.RendererSettings] File [C:/Users/Dylan/Documents/WatchOut/WatchOut/Saved/Config/Windows/Engine.ini]
[2020.01.26-15.56.58:725][  0]LogConfig: Setting CVar [[r.GPUCrashDebugging:0]]
[2020.01.26-15.56.58:725][  0]LogConfig: Applying CVar settings from Section [/Script/Engine.RendererOverrideSettings] File [C:/Users/Dylan/Documents/WatchOut/WatchOut/Saved/Config/Windows/Engine.ini]
[2020.01.26-15.56.58:725][  0]LogConfig: Applying CVar settings from Section [/Script/Engine.StreamingSettings] File [C:/Users/Dylan/Documents/WatchOut/WatchOut/Saved/Config/Windows/Engine.ini]
[2020.01.26-15.56.58:725][  0]LogConfig: Setting CVar [[s.MinBulkDataSizeForAsyncLoading:131072]]
[2020.01.26-15.56.58:725][  0]LogConfig: Setting CVar [[s.AsyncLoadingThreadEnabled:0]]
[2020.01.26-15.56.58:725][  0]LogConfig: Setting CVar [[s.EventDrivenLoaderEnabled:1]]
[2020.01.26-15.56.58:725][  0]LogConfig: Setting CVar [[s.WarnIfTimeLimitExceeded:0]]
[2020.01.26-15.56.58:725][  0]LogConfig: Setting CVar [[s.TimeLimitExceededMultiplier:1.5]]
[2020.01.26-15.56.58:725][  0]LogConfig: Setting CVar [[s.TimeLimitExceededMinTime:0.005]]
[2020.01.26-15.56.58:725][  0]LogConfig: Setting CVar [[s.UseBackgroundLevelStreaming:1]]
[2020.01.26-15.56.58:725][  0]LogConfig: Setting CVar [[s.PriorityAsyncLoadingExtraTime:15.0]]
[2020.01.26-15.56.58:725][  0]LogConfig: Setting CVar [[s.LevelStreamingActorsUpdateTimeLimit:5.0]]
[2020.01.26-15.56.58:725][  0]LogConfig: Setting CVar [[s.PriorityLevelStreamingActorsUpdateExtraTime:5.0]]
[2020.01.26-15.56.58:725][  0]LogConfig: Setting CVar [[s.LevelStreamingComponentsRegistrationGranularity:10]]
[2020.01.26-15.56.58:725][  0]LogConfig: Setting CVar [[s.UnregisterComponentsTimeLimit:1.0]]
[2020.01.26-15.56.58:725][  0]LogConfig: Setting CVar [[s.LevelStreamingComponentsUnregistrationGranularity:5]]
[2020.01.26-15.56.58:725][  0]LogConfig: Applying CVar settings from Section [/Script/Engine.GarbageCollectionSettings] File [C:/Users/Dylan/Documents/WatchOut/WatchOut/Saved/Config/Windows/Engine.ini]
[2020.01.26-15.56.58:725][  0]LogConfig: Setting CVar [[gc.MaxObjectsNotConsideredByGC:1]]
[2020.01.26-15.56.58:725][  0]LogConfig: Setting CVar [[gc.SizeOfPermanentObjectPool:0]]
[2020.01.26-15.56.58:725][  0]LogConfig: Setting CVar [[gc.FlushStreamingOnGC:0]]
[2020.01.26-15.56.58:725][  0]LogConfig: Setting CVar [[gc.NumRetriesBeforeForcingGC:10]]
[2020.01.26-15.56.58:725][  0]LogConfig: Setting CVar [[gc.AllowParallelGC:1]]
[2020.01.26-15.56.58:725][  0]LogConfig: Setting CVar [[gc.TimeBetweenPurgingPendingKillObjects:61.1]]
[2020.01.26-15.56.58:725][  0]LogConfig: Setting CVar [[gc.MaxObjectsInEditor:16777216]]
[2020.01.26-15.56.58:725][  0]LogConfig: Setting CVar [[gc.IncrementalBeginDestroyEnabled:1]]
[2020.01.26-15.56.58:725][  0]LogConfig: Setting CVar [[gc.CreateGCClusters:1]]
[2020.01.26-15.56.58:725][  0]LogConfig: Setting CVar [[gc.MinGCClusterSize:5]]
[2020.01.26-15.56.58:725][  0]LogConfig: Setting CVar [[gc.ActorClusteringEnabled:0]]
[2020.01.26-15.56.58:725][  0]LogConfig: Setting CVar [[gc.BlueprintClusteringEnabled:0]]
[2020.01.26-15.56.58:725][  0]LogConfig: Setting CVar [[gc.UseDisregardForGCOnDedicatedServers:0]]
[2020.01.26-15.56.58:725][  0]LogConfig: Applying CVar settings from Section [/Script/Engine.NetworkSettings] File [C:/Users/Dylan/Documents/WatchOut/WatchOut/Saved/Config/Windows/Engine.ini]
[2020.01.26-15.56.58:725][  0]LogConfig: Applying CVar settings from Section [/Script/UnrealEd.CookerSettings] File [C:/Users/Dylan/Documents/WatchOut/WatchOut/Saved/Config/Windows/Engine.ini]
[2020.01.26-15.56.58:728][  0]LogConfig: Applying CVar settings from Section [ViewDistanceQuality@3] File [C:/Users/Dylan/Documents/WatchOut/WatchOut/Saved/Config/Windows/Scalability.ini]
[2020.01.26-15.56.58:728][  0]LogConfig: Setting CVar [[r.SkeletalMeshLODBias:0]]
[2020.01.26-15.56.58:728][  0]LogConfig: Setting CVar [[r.ViewDistanceScale:1.0]]
[2020.01.26-15.56.58:728][  0]LogConfig: Applying CVar settings from Section [AntiAliasingQuality@3] File [C:/Users/Dylan/Documents/WatchOut/WatchOut/Saved/Config/Windows/Scalability.ini]
[2020.01.26-15.56.58:728][  0]LogConfig: Setting CVar [[r.PostProcessAAQuality:4]]
[2020.01.26-15.56.58:728][  0]LogConfig: Applying CVar settings from Section [ShadowQuality@3] File [C:/Users/Dylan/Documents/WatchOut/WatchOut/Saved/Config/Windows/Scalability.ini]
[2020.01.26-15.56.58:728][  0]LogConfig: Setting CVar [[r.LightFunctionQuality:1]]
[2020.01.26-15.56.58:728][  0]LogConfig: Setting CVar [[r.ShadowQuality:5]]
[2020.01.26-15.56.58:728][  0]LogConfig: Setting CVar [[r.Shadow.CSM.MaxCascades:10]]
[2020.01.26-15.56.58:728][  0]LogConfig: Setting CVar [[r.Shadow.MaxResolution:2048]]
[2020.01.26-15.56.58:728][  0]LogConfig: Setting CVar [[r.Shadow.MaxCSMResolution:2048]]
[2020.01.26-15.56.58:728][  0]LogConfig: Setting CVar [[r.Shadow.RadiusThreshold:0.01]]
[2020.01.26-15.56.58:728][  0]LogConfig: Setting CVar [[r.Shadow.DistanceScale:1.0]]
[2020.01.26-15.56.58:728][  0]LogConfig: Setting CVar [[r.Shadow.CSM.TransitionScale:1.0]]
[2020.01.26-15.56.58:728][  0]LogConfig: Setting CVar [[r.Shadow.PreShadowResolutionFactor:1.0]]
[2020.01.26-15.56.58:728][  0]LogConfig: Setting CVar [[r.DistanceFieldShadowing:1]]
[2020.01.26-15.56.58:728][  0]LogConfig: Setting CVar [[r.DistanceFieldAO:1]]
[2020.01.26-15.56.58:728][  0]LogConfig: Setting CVar [[r.AOQuality:2]]
[2020.01.26-15.56.58:728][  0]LogConfig: Setting CVar [[r.VolumetricFog:1]]
[2020.01.26-15.56.58:728][  0]LogConfig: Setting CVar [[r.VolumetricFog.GridPixelSize:8]]
[2020.01.26-15.56.58:728][  0]LogConfig: Setting CVar [[r.VolumetricFog.GridSizeZ:128]]
[2020.01.26-15.56.58:728][  0]LogConfig: Setting CVar [[r.VolumetricFog.HistoryMissSupersampleCount:4]]
[2020.01.26-15.56.58:728][  0]LogConfig: Setting CVar [[r.LightMaxDrawDistanceScale:1]]
[2020.01.26-15.56.58:728][  0]LogConfig: Setting CVar [[r.CapsuleShadows:1]]
[2020.01.26-15.56.58:728][  0]LogConfig: Applying CVar settings from Section [PostProcessQuality@3] File [C:/Users/Dylan/Documents/WatchOut/WatchOut/Saved/Config/Windows/Scalability.ini]
[2020.01.26-15.56.58:728][  0]LogConfig: Setting CVar [[r.MotionBlurQuality:4]]
[2020.01.26-15.56.58:728][  0]LogConfig: Setting CVar [[r.AmbientOcclusionMipLevelFactor:0.4]]
[2020.01.26-15.56.58:728][  0]LogConfig: Setting CVar [[r.AmbientOcclusionMaxQuality:100]]
[2020.01.26-15.56.58:728][  0]LogConfig: Setting CVar [[r.AmbientOcclusionLevels:-1]]
[2020.01.26-15.56.58:728][  0]LogConfig: Setting CVar [[r.AmbientOcclusionRadiusScale:1.0]]
[2020.01.26-15.56.58:728][  0]LogConfig: Setting CVar [[r.DepthOfFieldQuality:2]]
[2020.01.26-15.56.58:728][  0]LogConfig: Setting CVar [[r.RenderTargetPoolMin:400]]
[2020.01.26-15.56.58:728][  0]LogConfig: Setting CVar [[r.LensFlareQuality:2]]
[2020.01.26-15.56.58:728][  0]LogConfig: Setting CVar [[r.SceneColorFringeQuality:1]]
[2020.01.26-15.56.58:728][  0]LogConfig: Setting CVar [[r.EyeAdaptationQuality:2]]
[2020.01.26-15.56.58:728][  0]LogConfig: Setting CVar [[r.BloomQuality:5]]
[2020.01.26-15.56.58:728][  0]LogConfig: Setting CVar [[r.FastBlurThreshold:100]]
[2020.01.26-15.56.58:728][  0]LogConfig: Setting CVar [[r.Upscale.Quality:3]]
[2020.01.26-15.56.58:728][  0]LogConfig: Setting CVar [[r.Tonemapper.GrainQuantization:1]]
[2020.01.26-15.56.58:728][  0]LogConfig: Setting CVar [[r.LightShaftQuality:1]]
[2020.01.26-15.56.58:728][  0]LogConfig: Setting CVar [[r.Filter.SizeScale:1]]
[2020.01.26-15.56.58:728][  0]LogConfig: Setting CVar [[r.Tonemapper.Quality:5]]
[2020.01.26-15.56.58:728][  0]LogConfig: Setting CVar [[r.DOF.Gather.AccumulatorQuality:1        ; higher gathering accumulator quality]]
[2020.01.26-15.56.58:728][  0]LogConfig: Setting CVar [[r.DOF.Gather.PostfilterMethod:1          ; Median3x3 postfilering method]]
[2020.01.26-15.56.58:729][  0]LogConfig: Setting CVar [[r.DOF.Gather.EnableBokehSettings:0       ; no bokeh simulation when gathering]]
[2020.01.26-15.56.58:729][  0]LogConfig: Setting CVar [[r.DOF.Gather.RingCount:4                 ; medium number of samples when gathering]]
[2020.01.26-15.56.58:729][  0]LogConfig: Setting CVar [[r.DOF.Scatter.ForegroundCompositing:1    ; additive foreground scattering]]
[2020.01.26-15.56.58:729][  0]LogConfig: Setting CVar [[r.DOF.Scatter.BackgroundCompositing:2    ; additive background scattering]]
[2020.01.26-15.56.58:729][  0]LogConfig: Setting CVar [[r.DOF.Scatter.EnableBokehSettings:1      ; bokeh simulation when scattering]]
[2020.01.26-15.56.58:729][  0]LogConfig: Setting CVar [[r.DOF.Scatter.MaxSpriteRatio:0.1         ; only a maximum of 10% of scattered bokeh]]
[2020.01.26-15.56.58:729][  0]LogConfig: Setting CVar [[r.DOF.Recombine.Quality:1                ; cheap slight out of focus]]
[2020.01.26-15.56.58:729][  0]LogConfig: Setting CVar [[r.DOF.Recombine.EnableBokehSettings:0    ; no bokeh simulation on slight out of focus]]
[2020.01.26-15.56.58:729][  0]LogConfig: Setting CVar [[r.DOF.TemporalAAQuality:1                ; more stable temporal accumulation]]
[2020.01.26-15.56.58:729][  0]LogConfig: Setting CVar [[r.DOF.Kernel.MaxForegroundRadius:0.025]]
[2020.01.26-15.56.58:729][  0]LogConfig: Setting CVar [[r.DOF.Kernel.MaxBackgroundRadius:0.025]]
[2020.01.26-15.56.58:729][  0]LogConfig: Applying CVar settings from Section [TextureQuality@3] File [C:/Users/Dylan/Documents/WatchOut/WatchOut/Saved/Config/Windows/Scalability.ini]
[2020.01.26-15.56.58:729][  0]LogConfig: Setting CVar [[r.Streaming.MipBias:0]]
[2020.01.26-15.56.58:729][  0]LogConfig: Setting CVar [[r.Streaming.AmortizeCPUToGPUCopy:0]]
[2020.01.26-15.56.58:729][  0]LogConfig: Setting CVar [[r.Streaming.MaxNumTexturesToStreamPerFrame:0]]
[2020.01.26-15.56.58:729][  0]LogConfig: Setting CVar [[r.Streaming.Boost:1]]
[2020.01.26-15.56.58:729][  0]LogConfig: Setting CVar [[r.MaxAnisotropy:8]]
[2020.01.26-15.56.58:729][  0]LogConfig: Setting CVar [[r.Streaming.LimitPoolSizeToVRAM:0]]
[2020.01.26-15.56.58:729][  0]LogConfig: Setting CVar [[r.Streaming.PoolSize:1000]]
[2020.01.26-15.56.58:729][  0]LogConfig: Setting CVar [[r.Streaming.MaxEffectiveScreenSize:0]]
[2020.01.26-15.56.58:729][  0]LogConfig: Applying CVar settings from Section [EffectsQuality@3] File [C:/Users/Dylan/Documents/WatchOut/WatchOut/Saved/Config/Windows/Scalability.ini]
[2020.01.26-15.56.58:729][  0]LogConfig: Setting CVar [[r.TranslucencyLightingVolumeDim:64]]
[2020.01.26-15.56.58:729][  0]LogConfig: Setting CVar [[r.RefractionQuality:2]]
[2020.01.26-15.56.58:729][  0]LogConfig: Setting CVar [[r.SSR.Quality:3]]
[2020.01.26-15.56.58:729][  0]LogConfig: Setting CVar [[r.SceneColorFormat:4]]
[2020.01.26-15.56.58:729][  0]LogConfig: Setting CVar [[r.DetailMode:2]]
[2020.01.26-15.56.58:729][  0]LogConfig: Setting CVar [[r.TranslucencyVolumeBlur:1]]
[2020.01.26-15.56.58:729][  0]LogConfig: Setting CVar [[r.MaterialQualityLevel:1 ; High quality]]
[2020.01.26-15.56.58:729][  0]LogConfig: Setting CVar [[r.SSS.Scale:1]]
[2020.01.26-15.56.58:729][  0]LogConfig: Setting CVar [[r.SSS.SampleSet:2]]
[2020.01.26-15.56.58:729][  0]LogConfig: Setting CVar [[r.SSS.Quality:1]]
[2020.01.26-15.56.58:729][  0]LogConfig: Setting CVar [[r.SSS.HalfRes:1]]
[2020.01.26-15.56.58:729][  0]LogConfig: Setting CVar [[r.EmitterSpawnRateScale:1.0]]
[2020.01.26-15.56.58:729][  0]LogConfig: Setting CVar [[r.ParticleLightQuality:2]]
[2020.01.26-15.56.58:729][  0]LogConfig: Applying CVar settings from Section [FoliageQuality@3] File [C:/Users/Dylan/Documents/WatchOut/WatchOut/Saved/Config/Windows/Scalability.ini]
[2020.01.26-15.56.58:729][  0]LogConfig: Setting CVar [[foliage.DensityScale:1.0]]
[2020.01.26-15.56.58:729][  0]LogConfig: Setting CVar [[grass.DensityScale:1.0]]
[2020.01.26-15.56.58:729][  0]LogInit: Selected Device Profile: [Windows]
[2020.01.26-15.56.58:729][  0]LogInit: Applying CVar settings loaded from the selected device profile: [Windows]
[2020.01.26-15.56.58:734][  0]LogHAL: Display: Platform has ~ 8 GB [8480210944 / 8589934592 / 8], which maps to Default [LargestMinGB=32, LargerMinGB=12, DefaultMinGB=8, SmallerMinGB=6, SmallestMinGB=0)
[2020.01.26-15.56.58:734][  0]LogInit: Going up to parent DeviceProfile []
[2020.01.26-15.56.58:734][  0]LogConfig: Applying CVar settings from Section [ViewDistanceQuality@0] File [C:/Users/Dylan/Documents/WatchOut/WatchOut/Saved/Config/Windows/Scalability.ini]
[2020.01.26-15.56.58:734][  0]LogConfig: Setting CVar [[r.SkeletalMeshLODBias:2]]
[2020.01.26-15.56.58:734][  0]LogConfig: Setting CVar [[r.ViewDistanceScale:0.4]]
[2020.01.26-15.56.58:734][  0]LogConfig: Applying CVar settings from Section [AntiAliasingQuality@0] File [C:/Users/Dylan/Documents/WatchOut/WatchOut/Saved/Config/Windows/Scalability.ini]
[2020.01.26-15.56.58:734][  0]LogConfig: Setting CVar [[r.PostProcessAAQuality:0]]
[2020.01.26-15.56.58:734][  0]LogConfig: Applying CVar settings from Section [ShadowQuality@0] File [C:/Users/Dylan/Documents/WatchOut/WatchOut/Saved/Config/Windows/Scalability.ini]
[2020.01.26-15.56.58:734][  0]LogConfig: Setting CVar [[r.LightFunctionQuality:0]]
[2020.01.26-15.56.58:734][  0]LogConfig: Setting CVar [[r.ShadowQuality:0]]
[2020.01.26-15.56.58:734][  0]LogConfig: Setting CVar [[r.Shadow.CSM.MaxCascades:1]]
[2020.01.26-15.56.58:734][  0]LogConfig: Setting CVar [[r.Shadow.MaxResolution:512]]
[2020.01.26-15.56.58:734][  0]LogConfig: Setting CVar [[r.Shadow.MaxCSMResolution:512]]
[2020.01.26-15.56.58:734][  0]LogConfig: Setting CVar [[r.Shadow.RadiusThreshold:0.06]]
[2020.01.26-15.56.58:734][  0]LogConfig: Setting CVar [[r.Shadow.DistanceScale:0.6]]
[2020.01.26-15.56.58:734][  0]LogConfig: Setting CVar [[r.Shadow.CSM.TransitionScale:0]]
[2020.01.26-15.56.58:734][  0]LogConfig: Setting CVar [[r.Shadow.PreShadowResolutionFactor:0.5]]
[2020.01.26-15.56.58:734][  0]LogConfig: Setting CVar [[r.DistanceFieldShadowing:0]]
[2020.01.26-15.56.58:734][  0]LogConfig: Setting CVar [[r.DistanceFieldAO:0]]
[2020.01.26-15.56.58:734][  0]LogConfig: Setting CVar [[r.VolumetricFog:0]]
[2020.01.26-15.56.58:734][  0]LogConfig: Setting CVar [[r.LightMaxDrawDistanceScale:0]]
[2020.01.26-15.56.58:734][  0]LogConfig: Setting CVar [[r.CapsuleShadows:0]]
[2020.01.26-15.56.58:734][  0]LogConfig: Applying CVar settings from Section [PostProcessQuality@0] File [C:/Users/Dylan/Documents/WatchOut/WatchOut/Saved/Config/Windows/Scalability.ini]
[2020.01.26-15.56.58:734][  0]LogConfig: Setting CVar [[r.MotionBlurQuality:0]]
[2020.01.26-15.56.58:734][  0]LogConfig: Setting CVar [[r.AmbientOcclusionMipLevelFactor:1.0]]
[2020.01.26-15.56.58:734][  0]LogConfig: Setting CVar [[r.AmbientOcclusionMaxQuality:0]]
[2020.01.26-15.56.58:734][  0]LogConfig: Setting CVar [[r.AmbientOcclusionLevels:0]]
[2020.01.26-15.56.58:734][  0]LogConfig: Setting CVar [[r.AmbientOcclusionRadiusScale:1.2]]
[2020.01.26-15.56.58:734][  0]LogConfig: Setting CVar [[r.DepthOfFieldQuality:0]]
[2020.01.26-15.56.58:734][  0]LogConfig: Setting CVar [[r.RenderTargetPoolMin:300]]
[2020.01.26-15.56.58:734][  0]LogConfig: Setting CVar [[r.LensFlareQuality:0]]
[2020.01.26-15.56.58:734][  0]LogConfig: Setting CVar [[r.SceneColorFringeQuality:0]]
[2020.01.26-15.56.58:734][  0]LogConfig: Setting CVar [[r.EyeAdaptationQuality:0]]
[2020.01.26-15.56.58:734][  0]LogConfig: Setting CVar [[r.BloomQuality:4]]
[2020.01.26-15.56.58:734][  0]LogConfig: Setting CVar [[r.FastBlurThreshold:0]]
[2020.01.26-15.56.58:734][  0]LogConfig: Setting CVar [[r.Upscale.Quality:1]]
[2020.01.26-15.56.58:734][  0]LogConfig: Setting CVar [[r.Tonemapper.GrainQuantization:0]]
[2020.01.26-15.56.58:734][  0]LogConfig: Setting CVar [[r.LightShaftQuality:0]]
[2020.01.26-15.56.58:734][  0]LogConfig: Setting CVar [[r.Filter.SizeScale:0.6]]
[2020.01.26-15.56.58:735][  0]LogConfig: Setting CVar [[r.Tonemapper.Quality:0]]
[2020.01.26-15.56.58:735][  0]LogConfig: Applying CVar settings from Section [TextureQuality@0] File [C:/Users/Dylan/Documents/WatchOut/WatchOut/Saved/Config/Windows/Scalability.ini]
[2020.01.26-15.56.58:735][  0]LogConfig: Setting CVar [[r.Streaming.MipBias:16]]
[2020.01.26-15.56.58:735][  0]LogConfig: Setting CVar [[r.Streaming.AmortizeCPUToGPUCopy:1]]
[2020.01.26-15.56.58:735][  0]LogConfig: Setting CVar [[r.Streaming.MaxNumTexturesToStreamPerFrame:1]]
[2020.01.26-15.56.58:735][  0]LogConfig: Setting CVar [[r.Streaming.Boost:0.3]]
[2020.01.26-15.56.58:735][  0]LogConfig: Setting CVar [[r.MaxAnisotropy:0]]
[2020.01.26-15.56.58:735][  0]LogConfig: Setting CVar [[r.Streaming.LimitPoolSizeToVRAM:1]]
[2020.01.26-15.56.58:735][  0]LogConfig: Setting CVar [[r.Streaming.PoolSize:400]]
[2020.01.26-15.56.58:735][  0]LogConfig: Setting CVar [[r.Streaming.MaxEffectiveScreenSize:0]]
[2020.01.26-15.56.58:735][  0]LogConfig: Applying CVar settings from Section [EffectsQuality@0] File [C:/Users/Dylan/Documents/WatchOut/WatchOut/Saved/Config/Windows/Scalability.ini]
[2020.01.26-15.56.58:735][  0]LogConfig: Setting CVar [[r.TranslucencyLightingVolumeDim:24]]
[2020.01.26-15.56.58:735][  0]LogConfig: Setting CVar [[r.RefractionQuality:0]]
[2020.01.26-15.56.58:735][  0]LogConfig: Setting CVar [[r.SSR.Quality:0]]
[2020.01.26-15.56.58:735][  0]LogConfig: Setting CVar [[r.SceneColorFormat:3]]
[2020.01.26-15.56.58:735][  0]LogConfig: Setting CVar [[r.DetailMode:0]]
[2020.01.26-15.56.58:735][  0]LogConfig: Setting CVar [[r.TranslucencyVolumeBlur:0]]
[2020.01.26-15.56.58:735][  0]LogConfig: Setting CVar [[r.MaterialQualityLevel:0 ; Low quality]]
[2020.01.26-15.56.58:735][  0]LogConfig: Setting CVar [[r.SSS.Scale:0]]
[2020.01.26-15.56.58:735][  0]LogConfig: Setting CVar [[r.SSS.SampleSet:0]]
[2020.01.26-15.56.58:735][  0]LogConfig: Setting CVar [[r.SSS.Quality:0]]
[2020.01.26-15.56.58:735][  0]LogConfig: Setting CVar [[r.SSS.HalfRes:1]]
[2020.01.26-15.56.58:735][  0]LogConfig: Setting CVar [[r.EmitterSpawnRateScale:0.125]]
[2020.01.26-15.56.58:735][  0]LogConfig: Setting CVar [[r.ParticleLightQuality:0]]
[2020.01.26-15.56.58:735][  0]LogConfig: Applying CVar settings from Section [FoliageQuality@0] File [C:/Users/Dylan/Documents/WatchOut/WatchOut/Saved/Config/Windows/Scalability.ini]
[2020.01.26-15.56.58:735][  0]LogConfig: Setting CVar [[foliage.DensityScale:0]]
[2020.01.26-15.56.58:735][  0]LogConfig: Setting CVar [[grass.DensityScale:0]]
[2020.01.26-15.56.58:735][  0]LogConfig: Applying CVar settings from Section [Startup] File [../../../Engine/Config/ConsoleVariables.ini]
[2020.01.26-15.56.58:735][  0]LogConfig: Setting CVar [[net.UseAdaptiveNetUpdateFrequency:0]]
[2020.01.26-15.56.58:736][  0]LogConfig: Setting CVar [[p.chaos.AllowCreatePhysxBodies:1]]
[2020.01.26-15.56.58:736][  0]LogConfig: Applying CVar settings from Section [ConsoleVariables] File [C:/Users/Dylan/Documents/WatchOut/WatchOut/Saved/Config/Windows/Engine.ini]
[2020.01.26-15.56.58:736][  0]LogInit: Computer: DESKTOP-L9TU9HC
[2020.01.26-15.56.58:736][  0]LogInit: User: Dylan
[2020.01.26-15.56.58:736][  0]LogInit: CPU Page size=4096, Cores=2
[2020.01.26-15.56.58:736][  0]LogInit: High frequency timer resolution =10.000000 MHz
[2020.01.26-15.56.58:736][  0]LogMemory: Memory total: Physical=7.9GB (8GB approx)
[2020.01.26-15.56.58:736][  0]LogMemory: Platform Memory Stats for Windows
[2020.01.26-15.56.58:736][  0]LogMemory: Process Physical Memory: 99.99 MB used, 100.00 MB peak
[2020.01.26-15.56.58:736][  0]LogMemory: Process Virtual Memory: 88.18 MB used, 88.18 MB peak
[2020.01.26-15.56.58:736][  0]LogMemory: Physical Memory: 5958.27 MB used,  2129.09 MB free, 8087.36 MB total
[2020.01.26-15.56.58:736][  0]LogMemory: Virtual Memory: 4639.56 MB used,  134213088.00 MB free, 134217728.00 MB total
[2020.01.26-15.56.58:739][  0]LogWindows: WindowsPlatformFeatures enabled
[2020.01.26-15.56.58:763][  0]LogInit: Using OS detected language (fr-FR).
[2020.01.26-15.56.58:763][  0]LogInit: Using OS detected locale (en-GB).
[2020.01.26-15.56.58:764][  0]LogTextLocalizationManager: No specific localization for 'fr-FR' exists, so the 'fr' localization will be used.
[2020.01.26-15.56.58:764][  0]LogTextLocalizationResource: LocRes '../../../Engine/Content/Localization/Editor/fr/Editor.locres' could not be opened for reading!
[2020.01.26-15.56.58:765][  0]LogTextLocalizationResource: LocRes '../../../Engine/Content/Localization/EditorTutorials/fr/EditorTutorials.locres' could not be opened for reading!
[2020.01.26-15.56.58:765][  0]LogTextLocalizationResource: LocRes '../../../Engine/Content/Localization/Keywords/fr/Keywords.locres' could not be opened for reading!
[2020.01.26-15.56.58:765][  0]LogTextLocalizationResource: LocRes '../../../Engine/Content/Localization/Category/fr/Category.locres' could not be opened for reading!
[2020.01.26-15.56.58:765][  0]LogTextLocalizationResource: LocRes '../../../Engine/Content/Localization/ToolTips/fr/ToolTips.locres' could not be opened for reading!
[2020.01.26-15.56.58:765][  0]LogTextLocalizationResource: LocRes '../../../Engine/Content/Localization/PropertyNames/fr/PropertyNames.locres' could not be opened for reading!
[2020.01.26-15.56.58:765][  0]LogTextLocalizationResource: LocRes '../../../Engine/Content/Localization/Engine/fr/Engine.locres' could not be opened for reading!
[2020.01.26-15.56.58:766][  0]LogInit: Setting process to per monitor DPI aware
[2020.01.26-15.56.58:820][  0]LogSlate: New Slate User Created.  User Index 0, Is Virtual User: 0
[2020.01.26-15.56.58:820][  0]LogSlate: Slate User Registered.  User Index 0, Is Virtual User: 0
[2020.01.26-15.56.59:089][  0]LogHMD: Failed to initialize OpenVR with code 110
[2020.01.26-15.56.59:089][  0]LogD3D11RHI: D3D11 adapters:
[2020.01.26-15.56.59:138][  0]LogD3D11RHI:    0. 'Intel(R) HD Graphics 620' (Feature Level 11_0)
[2020.01.26-15.56.59:138][  0]LogD3D11RHI:       128/0/4043 MB DedicatedVideo/DedicatedSystem/SharedSystem, Outputs:1, VendorId:0x8086
[2020.01.26-15.56.59:141][  0]LogD3D11RHI:    1. 'Microsoft Basic Render Driver' (Feature Level 11_0)
[2020.01.26-15.56.59:141][  0]LogD3D11RHI:       0/0/4043 MB DedicatedVideo/DedicatedSystem/SharedSystem, Outputs:0, VendorId:0x1414
[2020.01.26-15.56.59:141][  0]LogD3D11RHI: Chosen D3D11 Adapter: 0
[2020.01.26-15.56.59:150][  0]LogD3D11RHI: Creating new Direct3DDevice
[2020.01.26-15.56.59:150][  0]LogD3D11RHI:     GPU DeviceId: 0x5916 (for the marketing name, search the web for "GPU Device Id")
[2020.01.26-15.56.59:150][  0]LogWindows: EnumDisplayDevices:
[2020.01.26-15.56.59:150][  0]LogWindows:    0. 'Intel(R) HD Graphics 620' (P:1 D:1)
[2020.01.26-15.56.59:151][  0]LogWindows:    1. 'Intel(R) HD Graphics 620' (P:0 D:0)
[2020.01.26-15.56.59:151][  0]LogWindows:    2. 'Intel(R) HD Graphics 620' (P:0 D:0)
[2020.01.26-15.56.59:151][  0]LogWindows: DebugString: FoundDriverCount:3 
[2020.01.26-15.56.59:151][  0]LogD3D11RHI:     Adapter Name: Intel(R) HD Graphics 620
[2020.01.26-15.56.59:151][  0]LogD3D11RHI:   Driver Version: 23.20.16.4973 (internal:23.20.16.4973, unified:23.20.16.4973)
[2020.01.26-15.56.59:151][  0]LogD3D11RHI:      Driver Date: 2-28-2018
[2020.01.26-15.56.59:151][  0]LogRHI: Texture pool is 1504 MB (70% of 2149 MB)
[2020.01.26-15.56.59:195][  0]LogD3D11RHI: Async texture creation enabled
[2020.01.26-15.56.59:201][  0]LogD3D11RHI: GPU Timing Frequency: 12.000048 (Debug: 2 0)
[2020.01.26-15.56.59:642][  0]LogTemp: Display: Module 'AllDesktopTargetPlatform' loaded TargetPlatform 'AllDesktop'
[2020.01.26-15.56.59:663][  0]LogTemp: Display: Module 'MacClientTargetPlatform' loaded TargetPlatform 'MacClient'
[2020.01.26-15.56.59:684][  0]LogTemp: Display: Module 'MacNoEditorTargetPlatform' loaded TargetPlatform 'MacNoEditor'
[2020.01.26-15.56.59:705][  0]LogTemp: Display: Module 'MacServerTargetPlatform' loaded TargetPlatform 'MacServer'
[2020.01.26-15.56.59:723][  0]LogTemp: Display: Module 'MacTargetPlatform' loaded TargetPlatform 'Mac'
[2020.01.26-15.56.59:735][  0]LogTemp: Display: Module 'WindowsClientTargetPlatform' loaded TargetPlatform 'WindowsClient'
[2020.01.26-15.56.59:745][  0]LogTemp: Display: Module 'WindowsNoEditorTargetPlatform' loaded TargetPlatform 'WindowsNoEditor'
[2020.01.26-15.56.59:755][  0]LogTemp: Display: Module 'WindowsServerTargetPlatform' loaded TargetPlatform 'WindowsServer'
[2020.01.26-15.56.59:760][  0]LogTemp: Display: Module 'WindowsTargetPlatform' loaded TargetPlatform 'Windows'
[2020.01.26-15.56.59:797][  0]LogTemp: Display: Module 'AndroidTargetPlatform' loaded TargetPlatform 'Android'
[2020.01.26-15.56.59:797][  0]LogTemp: Display: Module 'AndroidTargetPlatform' loaded TargetPlatform 'Android_ASTC'
[2020.01.26-15.56.59:797][  0]LogTemp: Display: Module 'AndroidTargetPlatform' loaded TargetPlatform 'Android_ATC'
[2020.01.26-15.56.59:797][  0]LogTemp: Display: Module 'AndroidTargetPlatform' loaded TargetPlatform 'Android_DXT'
[2020.01.26-15.56.59:797][  0]LogTemp: Display: Module 'AndroidTargetPlatform' loaded TargetPlatform 'Android_ETC1'
[2020.01.26-15.56.59:797][  0]LogTemp: Display: Module 'AndroidTargetPlatform' loaded TargetPlatform 'Android_ETC1a'
[2020.01.26-15.56.59:797][  0]LogTemp: Display: Module 'AndroidTargetPlatform' loaded TargetPlatform 'Android_ETC2'
[2020.01.26-15.56.59:797][  0]LogTemp: Display: Module 'AndroidTargetPlatform' loaded TargetPlatform 'Android_PVRTC'
[2020.01.26-15.56.59:797][  0]LogTemp: Display: Module 'AndroidTargetPlatform' loaded TargetPlatform 'AndroidClient'
[2020.01.26-15.56.59:797][  0]LogTemp: Display: Module 'AndroidTargetPlatform' loaded TargetPlatform 'Android_ASTCClient'
[2020.01.26-15.56.59:797][  0]LogTemp: Display: Module 'AndroidTargetPlatform' loaded TargetPlatform 'Android_ATCClient'
[2020.01.26-15.56.59:797][  0]LogTemp: Display: Module 'AndroidTargetPlatform' loaded TargetPlatform 'Android_DXTClient'
[2020.01.26-15.56.59:797][  0]LogTemp: Display: Module 'AndroidTargetPlatform' loaded TargetPlatform 'Android_ETC1Client'
[2020.01.26-15.56.59:797][  0]LogTemp: Display: Module 'AndroidTargetPlatform' loaded TargetPlatform 'Android_ETC1aClient'
[2020.01.26-15.56.59:798][  0]LogTemp: Display: Module 'AndroidTargetPlatform' loaded TargetPlatform 'Android_ETC2Client'
[2020.01.26-15.56.59:798][  0]LogTemp: Display: Module 'AndroidTargetPlatform' loaded TargetPlatform 'Android_PVRTCClient'
[2020.01.26-15.56.59:798][  0]LogTemp: Display: Module 'AndroidTargetPlatform' loaded TargetPlatform 'Android_Multi'
[2020.01.26-15.56.59:798][  0]LogTemp: Display: Module 'AndroidTargetPlatform' loaded TargetPlatform 'Android_MultiClient'
[2020.01.26-15.56.59:800][  0]LogTemp: Display: Module 'HTML5TargetPlatform' loaded TargetPlatform 'HTML5'
[2020.01.26-15.56.59:821][  0]LogTemp: Display: Module 'IOSTargetPlatform' loaded TargetPlatform 'IOSClient'
[2020.01.26-15.56.59:821][  0]LogTemp: Display: Module 'IOSTargetPlatform' loaded TargetPlatform 'IOS'
[2020.01.26-15.56.59:837][  0]LogTemp: Display: Module 'TVOSTargetPlatform' loaded TargetPlatform 'TVOSClient'
[2020.01.26-15.56.59:837][  0]LogTemp: Display: Module 'TVOSTargetPlatform' loaded TargetPlatform 'TVOS'
[2020.01.26-15.56.59:846][  0]LogTemp: Display: Module 'LinuxClientTargetPlatform' loaded TargetPlatform 'LinuxClient'
[2020.01.26-15.56.59:857][  0]LogTemp: Display: Module 'LinuxNoEditorTargetPlatform' loaded TargetPlatform 'LinuxNoEditor'
[2020.01.26-15.56.59:865][  0]LogTemp: Display: Module 'LinuxServerTargetPlatform' loaded TargetPlatform 'LinuxServer'
[2020.01.26-15.56.59:875][  0]LogTemp: Display: Module 'LinuxTargetPlatform' loaded TargetPlatform 'Linux'
[2020.01.26-15.56.59:902][  0]LogTemp: Display: Module 'LuminTargetPlatform' loaded TargetPlatform 'Lumin'
[2020.01.26-15.56.59:902][  0]LogTemp: Display: Module 'LuminTargetPlatform' loaded TargetPlatform 'LuminClient'
[2020.01.26-15.56.59:902][  0]LogTargetPlatformManager: Display: Building Assets For Windows
[2020.01.26-15.56.59:914][  0]LogAudioDebug: Display: Lib vorbis DLL was dynamically loaded.
[2020.01.26-15.56.59:979][  0]LogShaderCompilers: Guid format shader working directory is -12 characters bigger than the processId version (../../../../../../Users/Dylan/Documents/WatchOut/WatchOut/Intermediate/Shaders/WorkingDirectory/25448/).
[2020.01.26-15.56.59:980][  0]LogShaderCompilers: Cleaned the shader compiler working directory 'C:/Users/Dylan/AppData/Local/Temp/UnrealShaderWorkingDir/4433F4874C3722DC9E52FCA44FAE008C/'.
[2020.01.26-15.56.59:982][  0]LogXGEController: Cannot use XGE Controller as Incredibuild is not installed on this machine.
[2020.01.26-15.56.59:983][  0]LogShaderCompilers: Cannot use XGE Shader Compiler as Incredibuild is not installed on this machine.
[2020.01.26-15.56.59:983][  0]LogShaderCompilers: Display: Using Local Shader Compiler.
[2020.01.26-15.57.00:705][  0]LogDerivedDataCache: Display: Max Cache Size: 512 MB
[2020.01.26-15.57.00:766][  0]LogDerivedDataCache: Loaded boot cache 0.06s 73MB C:/Users/Dylan/AppData/Local/UnrealEngine/4.23/DerivedDataCache/Boot.ddc.
[2020.01.26-15.57.00:766][  0]LogDerivedDataCache: Display: Loaded Boot cache: C:/Users/Dylan/AppData/Local/UnrealEngine/4.23/DerivedDataCache/Boot.ddc
[2020.01.26-15.57.00:766][  0]LogDerivedDataCache: FDerivedDataBackendGraph:  Pak pak cache file ../../../../../../Users/Dylan/Documents/WatchOut/WatchOut/DerivedDataCache/DDC.ddp not found, will not use a pak cache.
[2020.01.26-15.57.00:766][  0]LogDerivedDataCache: Unable to find inner node Pak for hierarchical cache Hierarchy.
[2020.01.26-15.57.00:766][  0]LogDerivedDataCache: FDerivedDataBackendGraph:  CompressedPak pak cache file ../../../../../../Users/Dylan/Documents/WatchOut/WatchOut/DerivedDataCache/Compressed.ddp not found, will not use a pak cache.
[2020.01.26-15.57.00:766][  0]LogDerivedDataCache: Unable to find inner node CompressedPak for hierarchical cache Hierarchy.
[2020.01.26-15.57.00:779][  0]LogDerivedDataCache: Display: Pak cache opened for reading ../../../Engine/DerivedDataCache/Compressed.ddp.
[2020.01.26-15.57.00:779][  0]LogDerivedDataCache: FDerivedDataBackendGraph:  EnterprisePak pak cache file ../../../Enterprise/DerivedDataCache/Compressed.ddp not found, will not use a pak cache.
[2020.01.26-15.57.00:779][  0]LogDerivedDataCache: Unable to find inner node EnterprisePak for hierarchical cache Hierarchy.
[2020.01.26-15.57.00:781][  0]LogDerivedDataCache: Using Local data cache path C:/Users/Dylan/AppData/Local/UnrealEngine/Common/DerivedDataCache: Writable
[2020.01.26-15.57.00:781][  0]LogDerivedDataCache: Shared data cache path not found in *engine.ini, will not use an Shared cache.
[2020.01.26-15.57.00:781][  0]LogDerivedDataCache: Unable to find inner node Shared for hierarchical cache Hierarchy.
[2020.01.26-15.57.00:809][  0]LogMaterial: Verifying Global Shaders for PCD3D_SM5
[2020.01.26-15.57.00:812][  0]LogSlate: Using FreeType 2.6.0
[2020.01.26-15.57.00:813][  0]LogSlate: SlateFontServices - WITH_FREETYPE: 1, WITH_HARFBUZZ: 1
[2020.01.26-15.57.00:896][  0]LogAssetRegistry: FAssetRegistry took 0.0028 seconds to start up
[2020.01.26-15.57.01:297][  0]LogInit: Selected Device Profile: [Windows]
[2020.01.26-15.57.01:470][  0]LogMeshReduction: Using QuadricMeshReduction for automatic static mesh reduction
[2020.01.26-15.57.01:470][  0]LogMeshReduction: Using SimplygonMeshReduction for automatic skeletal mesh reduction
[2020.01.26-15.57.01:470][  0]LogMeshReduction: Using ProxyLODMeshReduction for automatic mesh merging
[2020.01.26-15.57.01:470][  0]LogMeshReduction: No distributed automatic mesh merging module available
[2020.01.26-15.57.01:470][  0]LogMeshMerging: No distributed automatic mesh merging module available
[2020.01.26-15.57.01:480][  0]LogNetVersion: WatchOut 1.0.0, NetCL: 8386587, EngineNetVer: 11, GameNetVer: 0 (Checksum: 1557532604)
[2020.01.26-15.57.02:057][  0]LogPackageLocalizationCache: Processed 12 localized package path(s) for 1 prioritized culture(s) in 0.078619 seconds
[2020.01.26-15.57.02:065][  0]LogUObjectArray: 43444 objects as part of root set at end of initial load.
[2020.01.26-15.57.02:065][  0]LogUObjectAllocator: 7548648 out of 0 bytes used by permanent object pool.
[2020.01.26-15.57.02:065][  0]LogUObjectArray: CloseDisregardForGC: 0/0 objects in disregard for GC pool
[2020.01.26-15.57.03:161][  0]LogTcpMessaging: Initializing TcpMessaging bridge
[2020.01.26-15.57.03:164][  0]LogUdpMessaging: Initializing bridge on interface 0.0.0.0:0 to multicast group 230.0.0.1:6666.
[2020.01.26-15.57.03:225][  0]SourceControl: Source control is disabled
[2020.01.26-15.57.03:225][  0]SourceControl: Source control is disabled
[2020.01.26-15.57.03:226][  0]SourceControl: Source control is disabled
[2020.01.26-15.57.03:227][  0]SourceControl: Source control is disabled
[2020.01.26-15.57.03:329][  0]LogAndroidPermission: UAndroidPermissionCallbackProxy::GetInstance
[2020.01.26-15.57.03:448][  0]LogOcInput: OculusInput pre-init called
[2020.01.26-15.57.03:456][  0]LogWindows: Failed to load 'OVRPlugin.dll' (GetLastError=126)
[2020.01.26-15.57.03:457][  0]LogWindows: File 'OVRPlugin.dll' does not exist
[2020.01.26-15.57.03:534][  0]LogEngine: Initializing Engine...
[2020.01.26-15.57.03:535][  0]LogHMD: Failed to initialize OpenVR with code 110
[2020.01.26-15.57.03:536][  0]LogStats: UGameplayTagsManager::InitializeManager -  0.000 s
[2020.01.26-15.57.03:794][  0]LogInit: Initializing FReadOnlyCVARCache
[2020.01.26-15.57.03:821][  0]LogAIModule: Creating AISystem for world Untitled
[2020.01.26-15.57.03:833][  0]LogInit: XAudio2 using 'Haut-parleur/Ecouteurs (Realtek High Definition Audio)' : 2 channels at 48 kHz using 32 bits per sample (channel mask 0x3)
[2020.01.26-15.57.04:024][  0]LogInit: FAudioDevice initialized.
[2020.01.26-15.57.04:025][  0]LogNetVersion: Set ProjectVersion to 1.0.0.0. Version Checksum will be recalculated on next use.
[2020.01.26-15.57.04:097][  0]LogDerivedDataCache: Saved boot cache 0.07s 73MB C:/Users/Dylan/AppData/Local/UnrealEngine/4.23/DerivedDataCache/Boot.ddc.
[2020.01.26-15.57.04:106][  0]LogInit: Texture streaming: Enabled
[2020.01.26-15.57.04:128][  0]LogEngineSessionManager: EngineSessionManager initialized
[2020.01.26-15.57.04:128][  0]LogEditorSessionSummary: Verbose: Initializing EditorSessionSummaryWriter for editor session tracking
[2020.01.26-15.57.04:134][  0]LogEditorSessionSummary: EditorSessionSummaryWriter initialized
[2020.01.26-15.57.04:214][  0]LogInit: Transaction tracking system initialized
[2020.01.26-15.57.04:253][  0]BlueprintLog: New page: Editor Load
[2020.01.26-15.57.04:351][  0]LocalizationService: Localization service is disabled
[2020.01.26-15.57.05:320][  0]LogCook: Display: Max memory allowance for cook 16384mb min free memory 0mb
[2020.01.26-15.57.05:320][  0]LogCook: Display: Mobile HDR setting 1
[2020.01.26-15.57.05:569][  0]LogFileCache: Scanning file cache for directory 'C:/Users/Dylan/Documents/WatchOut/WatchOut/Content/' took 0.03s
[2020.01.26-15.57.05:569][  0]SourceControl: Source control is disabled
[2020.01.26-15.57.05:569][  0]Cmd: MAP LOAD FILE="../../../../../../Users/Dylan/Documents/WatchOut/WatchOut/Content/FirstPersonBP/Maps/FirstPersonExampleMap.umap" TEMPLATE=0 SHOWPROGRESS=1 FEATURELEVEL=3
[2020.01.26-15.57.05:570][  0]LightingResults: New page: Lighting Build
[2020.01.26-15.57.05:573][  0]LogWorld: UWorld::CleanupWorld for Untitled, bSessionEnded=true, bCleanupResources=true
[2020.01.26-15.57.05:574][  0]MapCheck: New page: Map Check
[2020.01.26-15.57.05:574][  0]LightingResults: New page: Lighting Build
[2020.01.26-15.57.05:600][  0]LogUObjectHash: Compacting FUObjectHashTables data took   2.41ms
[2020.01.26-15.57.05:720][  0]LogBlueprint: Warning: [Compiler Ue4ASP_Character] InputAction Event references unknown Action 'Crouch' for  InputAction Crouch
[2020.01.26-15.57.07:427][  0]LogAIModule: Creating AISystem for world FirstPersonExampleMap
[2020.01.26-15.57.07:524][  0]LogEditorServer: Finished looking for orphan Actors (0.000 secs)
[2020.01.26-15.57.08:055][  0]LogUObjectHash: Compacting FUObjectHashTables data took   3.02ms
[2020.01.26-15.57.08:056][  0]Cmd: MAP CHECKDEP NOCLEARLOG
[2020.01.26-15.57.08:056][  0]MapCheck: Map check complete: 0 Error(s), 0 Warning(s), took 0.275ms to complete.
[2020.01.26-15.57.08:056][  0]LogFileHelpers: Loading map 'FirstPersonExampleMap' took 2.487
[2020.01.26-15.57.08:269][  0]LogSlate: Updating window title bar state: overlay mode, drag disabled, window buttons hidden, title bar hidden
[2020.01.26-15.57.08:278][  0]LogSlate: Updating window title bar state: overlay mode, drag disabled, window buttons hidden, title bar hidden
[2020.01.26-15.57.08:286][  0]LogSlate: Updating window title bar state: overlay mode, drag disabled, window buttons hidden, title bar hidden
[2020.01.26-15.57.08:296][  0]LogSlate: Updating window title bar state: overlay mode, drag disabled, window buttons hidden, title bar hidden
[2020.01.26-15.57.08:307][  0]LogCollectionManager: Loaded 0 collections in 0.002334 seconds
[2020.01.26-15.57.08:318][  0]LogFileCache: Scanning file cache for directory 'C:/Users/Dylan/Documents/WatchOut/WatchOut/Saved/Collections/' took 0.00s
[2020.01.26-15.57.08:318][  0]LogFileCache: Scanning file cache for directory 'C:/Users/Dylan/Documents/WatchOut/WatchOut/Content/Developers/Dylan/Collections/' took 0.00s
[2020.01.26-15.57.08:318][  0]LogFileCache: Scanning file cache for directory 'C:/Users/Dylan/Documents/WatchOut/WatchOut/Content/Collections/' took 0.00s
[2020.01.26-15.57.08:318][  0]LogCollectionManager: Rebuilt the GUID cache for 0 collections in 0.000002 seconds
[2020.01.26-15.57.08:328][  0]LogContentBrowser: Native class hierarchy populated in 0.0099 seconds. Added 2863 classes and 680 folders.
[2020.01.26-15.57.08:342][  0]LogContentBrowser: Native class hierarchy updated for 'WidgetCarousel' in 0.0003 seconds. Added 0 classes and 0 folders.
[2020.01.26-15.57.08:702][  0]LogContentBrowser: Native class hierarchy updated for 'AddContentDialog' in 0.0003 seconds. Added 0 classes and 0 folders.
[2020.01.26-15.57.08:713][  0]LogContentBrowser: Native class hierarchy updated for 'SceneOutliner' in 0.0003 seconds. Added 1 classes and 2 folders.
[2020.01.26-15.57.10:349][  0]LogSlate: Only BGRA pngs, bmps or icos are supported in by External Image Picker
[2020.01.26-15.57.10:380][  0]LogSlate: Took 0.000248 seconds to synchronously load lazily loaded font '../../../Engine/Content/Slate/Fonts/Roboto-Regular.ttf' (155K)
[2020.01.26-15.57.10:384][  0]LogSlate: Took 0.000245 seconds to synchronously load lazily loaded font '../../../Engine/Content/Slate/Fonts/Roboto-Bold.ttf' (160K)
[2020.01.26-15.57.10:396][  0]LogSlate: Took 0.001808 seconds to synchronously load lazily loaded font '../../../Engine/Content/Editor/Slate/Fonts/FontAwesome.ttf' (139K)
[2020.01.26-15.57.10:576][  0]LogRenderer: Reallocating scene render targets to support 1208x572 Format 9 NumSamples 1 (Frame:1).
[2020.01.26-15.57.11:210][  0]LogContentBrowser: Native class hierarchy updated for 'HierarchicalLODOutliner' in 0.0003 seconds. Added 0 classes and 0 folders.
[2020.01.26-15.57.11:210][  0]LogLoad: (Engine Initialization) Total time: 13.82 seconds
[2020.01.26-15.57.11:210][  0]LogLoad: (Engine Initialization) Total Blueprint compile time: 0.00 seconds
[2020.01.26-15.57.11:684][  0]LogContentStreaming: Texture pool size now 400 MB
[2020.01.26-15.57.11:743][  0]LogSlate: Took 0.007938 seconds to synchronously load lazily loaded font '../../../Engine/Content/Slate/Fonts/Roboto-Light.ttf' (167K)
[2020.01.26-15.57.12:168][  5]LogAssetRegistry: Asset discovery search completed in 11.2723 seconds
[2020.01.26-15.57.12:174][  5]LogCollectionManager: Rebuilt the object cache for 0 collections in 0.000004 seconds (found 0 objects)
[2020.01.26-15.57.12:174][  5]LogCollectionManager: Fixed up redirectors for 0 collections in 0.000078 seconds (updated 0 objects)
[2020.01.26-15.57.12:331][  7]LogSlate: Took 0.000222 seconds to synchronously load lazily loaded font '../../../Engine/Content/Slate/Fonts/Roboto-Light.ttf' (167K)
[2020.01.26-15.57.15:158][101]LogSlate: FSceneViewport::OnFocusLost() reason 0
[2020.01.26-15.57.23:122][356]LogAssetEditorManager: Opening Asset editor for Blueprint /Game/FirstPersonBP/Player_Classes/Support/FirstPersonCharacter.FirstPersonCharacter
[2020.01.26-15.57.23:577][356]LogContentBrowser: Native class hierarchy updated for 'BlueprintGraph' in 0.0005 seconds. Added 121 classes and 0 folders.
[2020.01.26-15.57.24:628][356]LogSlate: Took 0.000724 seconds to synchronously load lazily loaded font '../../../Engine/Content/Slate/Fonts/Roboto-BoldCondensed.ttf' (158K)
[2020.01.26-15.57.24:944][357]LogSlate: Took 0.000851 seconds to synchronously load lazily loaded font '../../../Engine/Content/Slate/Fonts/Roboto-Italic.ttf' (157K)
[2020.01.26-15.57.28:328][419]LogSlate: Window 'FirstPersonCharacter' being destroyed
[2020.01.26-15.58.35:435][601]LogSlate: FSceneViewport::OnFocusLost() reason 0
[2020.01.26-15.58.39:030][704]LogTemp: Repeating last play command: Selected Viewport
[2020.01.26-15.58.39:085][704]LogBlueprintUserMessages: Early PlayInEditor Detection: Level '/Game/FirstPersonBP/Maps/FirstPersonExampleMap.FirstPersonExampleMap:PersistentLevel' has LevelScriptBlueprint '/Game/FirstPersonBP/Maps/FirstPersonExampleMap.FirstPersonExampleMap:PersistentLevel.FirstPersonExampleMap' with GeneratedClass '/Game/FirstPersonBP/Maps/FirstPersonExampleMap.FirstPersonExampleMap_C' with ClassGeneratedBy '/Game/FirstPersonBP/Maps/FirstPersonExampleMap.FirstPersonExampleMap:PersistentLevel.FirstPersonExampleMap'
[2020.01.26-15.58.39:085][704]LogPlayLevel: PlayLevel: No blueprints needed recompiling
[2020.01.26-15.58.39:090][704]PIE: New page: PIE session: FirstPersonExampleMap (26 Jan 2020 17:58:39)
[2020.01.26-15.58.39:092][704]LogOnline: OSS: Creating online subsystem instance for: NULL
[2020.01.26-15.58.39:094][704]LogPlayLevel: Creating play world package: /Game/FirstPersonBP/Maps/UEDPIE_0_FirstPersonExampleMap
[2020.01.26-15.58.39:352][704]LogPlayLevel: PIE: StaticDuplicateObject took: (0.257600s)
[2020.01.26-15.58.39:353][704]LogAIModule: Creating AISystem for world FirstPersonExampleMap
[2020.01.26-15.58.39:353][704]LogPlayLevel: PIE: World Init took: (0.002280s)
[2020.01.26-15.58.39:354][704]LogPlayLevel: PIE: Created PIE world by copying editor world from /Game/FirstPersonBP/Maps/FirstPersonExampleMap.FirstPersonExampleMap to /Game/FirstPersonBP/Maps/UEDPIE_0_FirstPersonExampleMap.FirstPersonExampleMap (0.260493s)
[2020.01.26-15.58.39:411][704]LogUObjectHash: Compacting FUObjectHashTables data took   4.25ms
[2020.01.26-15.58.39:418][704]LogInit: XAudio2 using 'Haut-parleur/Ecouteurs (Realtek High Definition Audio)' : 2 channels at 48 kHz using 32 bits per sample (channel mask 0x3)
[2020.01.26-15.58.39:440][704]LogInit: FAudioDevice initialized.
[2020.01.26-15.58.39:460][704]LogLoad: Game class is 'FirstPersonGameMode_C'
[2020.01.26-15.58.39:478][704]LogWorld: Bringing World /Game/FirstPersonBP/Maps/UEDPIE_0_FirstPersonExampleMap.FirstPersonExampleMap up for play (max tick rate 0) at 2020.01.26-16.58.39
[2020.01.26-15.58.39:480][704]LogWorld: Bringing up level for play took: 0.018991
[2020.01.26-15.58.39:480][704]LogOnline: OSS: Creating online subsystem instance for: :Context_4
[2020.01.26-15.58.39:494][704]LogContentBrowser: Native class hierarchy updated for 'MovieSceneCapture' in 0.0004 seconds. Added 20 classes and 0 folders.
[2020.01.26-15.58.39:496][704]PIE: Play in editor start time for /Game/FirstPersonBP/Maps/UEDPIE_0_FirstPersonExampleMap 1.249
[2020.01.26-15.58.39:496][704]LogBlueprintUserMessages: Late PlayInEditor Detection: Level '/Game/FirstPersonBP/Maps/FirstPersonExampleMap.FirstPersonExampleMap:PersistentLevel' has LevelScriptBlueprint '/Game/FirstPersonBP/Maps/FirstPersonExampleMap.FirstPersonExampleMap:PersistentLevel.FirstPersonExampleMap' with GeneratedClass '/Game/FirstPersonBP/Maps/FirstPersonExampleMap.FirstPersonExampleMap_C' with ClassGeneratedBy '/Game/FirstPersonBP/Maps/FirstPersonExampleMap.FirstPersonExampleMap:PersistentLevel.FirstPersonExampleMap'
[2020.01.26-15.59.05:186][763]LogBlueprintUserMessages: Early EndPlayMap Detection: Level '/Game/FirstPersonBP/Maps/FirstPersonExampleMap.FirstPersonExampleMap:PersistentLevel' has LevelScriptBlueprint '/Game/FirstPersonBP/Maps/FirstPersonExampleMap.FirstPersonExampleMap:PersistentLevel.FirstPersonExampleMap' with GeneratedClass '/Game/FirstPersonBP/Maps/FirstPersonExampleMap.FirstPersonExampleMap_C' with ClassGeneratedBy '/Game/FirstPersonBP/Maps/FirstPersonExampleMap.FirstPersonExampleMap:PersistentLevel.FirstPersonExampleMap'
[2020.01.26-15.59.05:189][763]LogSlate: Updating window title bar state: overlay mode, drag disabled, window buttons hidden, title bar hidden
[2020.01.26-15.59.05:189][763]LogWorld: BeginTearingDown for /Game/FirstPersonBP/Maps/UEDPIE_0_FirstPersonExampleMap
[2020.01.26-15.59.05:193][763]LogWorld: UWorld::CleanupWorld for FirstPersonExampleMap, bSessionEnded=true, bCleanupResources=true
[2020.01.26-15.59.05:221][763]LogPlayLevel: Display: Shutting down PIE online subsystems
[2020.01.26-15.59.05:222][763]LogBlueprintUserMessages: Late EndPlayMap Detection: Level '/Game/FirstPersonBP/Maps/FirstPersonExampleMap.FirstPersonExampleMap:PersistentLevel' has LevelScriptBlueprint '/Game/FirstPersonBP/Maps/FirstPersonExampleMap.FirstPersonExampleMap:PersistentLevel.FirstPersonExampleMap' with GeneratedClass '/Game/FirstPersonBP/Maps/FirstPersonExampleMap.FirstPersonExampleMap_C' with ClassGeneratedBy '/Game/FirstPersonBP/Maps/FirstPersonExampleMap.FirstPersonExampleMap:PersistentLevel.FirstPersonExampleMap'
[2020.01.26-15.59.05:290][763]LogSlate: Updating window title bar state: overlay mode, drag disabled, window buttons hidden, title bar hidden
[2020.01.26-15.59.05:339][763]LogUObjectHash: Compacting FUObjectHashTables data took   6.72ms
[2020.01.26-15.59.05:396][764]LogPlayLevel: Display: Destroying online subsystem :Context_4
[2020.01.26-15.59.06:814][794]LogSlate: FSceneViewport::OnFocusLost() reason 0
[2020.01.26-15.59.07:029][795]LogUObjectHash: Compacting FUObjectHashTables data took   4.96ms
[2020.01.26-15.59.09:072][795]LogSlate: Window 'Save Content' being destroyed
[2020.01.26-15.59.09:226][795]LogWorld: UWorld::CleanupWorld for World_1, bSessionEnded=true, bCleanupResources=true
[2020.01.26-15.59.09:277][795]LogSlate: Window 'WatchOut - Unreal Editor' being destroyed
[2020.01.26-15.59.09:279][795]LogWindowsTextInputMethodSystem: Display: IME system now deactivated.
[2020.01.26-15.59.09:550][796]Cmd: QUIT_EDITOR
[2020.01.26-15.59.09:971][796]LogExit: Preparing to exit.
[2020.01.26-15.59.10:355][796]LogWorld: UWorld::CleanupWorld for World_2, bSessionEnded=true, bCleanupResources=true
[2020.01.26-15.59.10:359][796]LogWorld: UWorld::CleanupWorld for World_0, bSessionEnded=true, bCleanupResources=true
[2020.01.26-15.59.10:464][796]LogDemo: Cleaned up 0 splitscreen connections with owner deletion
[2020.01.26-15.59.10:487][796]LogWorld: UWorld::CleanupWorld for None, bSessionEnded=true, bCleanupResources=true
[2020.01.26-15.59.10:488][796]LogExit: Editor shut down
[2020.01.26-15.59.10:493][796]LogExit: Transaction tracking system shut down
[2020.01.26-15.59.11:039][796]LogExit: Object subsystem successfully closed.
[2020.01.26-15.59.11:073][796]LogShaderCompilers: Display: Shaders left to compile 0
[2020.01.26-15.59.11:165][796]LogModuleManager: Shutting down and abandoning module MovieSceneCapture (676)
[2020.01.26-15.59.11:165][796]LogModuleManager: Shutting down and abandoning module Voice (674)
[2020.01.26-15.59.11:167][796]LogModuleManager: Shutting down and abandoning module BlueprintGraph (672)
[2020.01.26-15.59.11:167][796]LogModuleManager: Shutting down and abandoning module HierarchicalLODOutliner (670)
[2020.01.26-15.59.11:167][796]LogModuleManager: Shutting down and abandoning module ExternalImagePicker (668)
[2020.01.26-15.59.11:167][796]LogModuleManager: Shutting down and abandoning module SceneOutliner (666)
[2020.01.26-15.59.11:167][796]LogModuleManager: Shutting down and abandoning module AddContentDialog (664)
[2020.01.26-15.59.11:169][796]LogModuleManager: Shutting down and abandoning module WidgetCarousel (663)
[2020.01.26-15.59.11:169][796]LogModuleManager: Shutting down and abandoning module EditorWidgets (660)
[2020.01.26-15.59.11:169][796]LogModuleManager: Shutting down and abandoning module CollectionManager (658)
[2020.01.26-15.59.11:170][796]LogModuleManager: Shutting down and abandoning module StatsViewer (656)
[2020.01.26-15.59.11:171][796]LogModuleManager: Shutting down and abandoning module VirtualTexturingEditor (654)
[2020.01.26-15.59.11:171][796]LogModuleManager: Shutting down and abandoning module FoliageEdit (652)
[2020.01.26-15.59.11:172][796]LogModuleManager: Shutting down and abandoning module LandscapeEditor (650)
[2020.01.26-15.59.11:175][796]LogModuleManager: Shutting down and abandoning module MeshPaintMode (648)
[2020.01.26-15.59.11:175][796]LogModuleManager: Shutting down and abandoning module SceneDepthPickerMode (646)
[2020.01.26-15.59.11:175][796]LogModuleManager: Shutting down and abandoning module ActorPickerMode (644)
[2020.01.26-15.59.11:175][796]LogModuleManager: Shutting down and abandoning module GeometryMode (642)
[2020.01.26-15.59.11:176][796]LogModuleManager: Shutting down and abandoning module TextureAlignMode (640)
[2020.01.26-15.59.11:176][796]LogModuleManager: Shutting down and abandoning module BspMode (638)
[2020.01.26-15.59.11:176][796]LogModuleManager: Shutting down and abandoning module PIEPreviewDeviceProfileSelector (636)
[2020.01.26-15.59.11:177][796]LogModuleManager: Shutting down and abandoning module SequenceRecorderSections (634)
[2020.01.26-15.59.11:177][796]LogModuleManager: Shutting down and abandoning module AutomationWorker (632)
[2020.01.26-15.59.11:177][796]LogModuleManager: Shutting down and abandoning module OculusMR (630)
[2020.01.26-15.59.11:177][796]LogModuleManager: Shutting down and abandoning module AudioCaptureEditor (628)
[2020.01.26-15.59.11:179][796]LogModuleManager: Shutting down and abandoning module MatineeToLevelSequence (626)
[2020.01.26-15.59.11:180][796]LogModuleManager: Shutting down and abandoning module LevelSequenceEditor (624)
[2020.01.26-15.59.11:183][796]LogModuleManager: Shutting down and abandoning module PlacementMode (623)
[2020.01.26-15.59.11:183][796]LogModuleManager: Shutting down and abandoning module MaterialEditor (622)
[2020.01.26-15.59.11:187][796]LogModuleManager: Shutting down and abandoning module ActorSequenceEditor (618)
[2020.01.26-15.59.11:187][796]LogModuleManager: Shutting down and abandoning module WmfMediaFactory (616)
[2020.01.26-15.59.11:187][796]LogModuleManager: Shutting down and abandoning module WmfMediaEditor (614)
[2020.01.26-15.59.11:187][796]LogModuleManager: Shutting down and abandoning module WebMMediaFactory (612)
[2020.01.26-15.59.11:187][796]LogModuleManager: Shutting down and abandoning module WebMMediaEditor (610)
[2020.01.26-15.59.11:187][796]LogModuleManager: Shutting down and abandoning module WebMMedia (608)
[2020.01.26-15.59.11:188][796]LogModuleManager: Shutting down and abandoning module MediaPlayerEditor (606)
[2020.01.26-15.59.11:189][796]LogModuleManager: Shutting down and abandoning module MediaCompositingEditor (604)
[2020.01.26-15.59.11:192][796]LogModuleManager: Shutting down and abandoning module SequenceRecorder (603)
[2020.01.26-15.59.11:192][796]LogModuleManager: Shutting down and abandoning module OpenExrWrapper (600)
[2020.01.26-15.59.11:192][796]LogModuleManager: Shutting down and abandoning module ImgMediaFactory (598)
[2020.01.26-15.59.11:192][796]LogModuleManager: Shutting down and abandoning module ImgMediaEditor (596)
[2020.01.26-15.59.11:192][796]LogModuleManager: Shutting down and abandoning module AvfMediaFactory (594)
[2020.01.26-15.59.11:192][796]LogModuleManager: Shutting down and abandoning module AvfMediaEditor (592)
[2020.01.26-15.59.11:192][796]LogModuleManager: Shutting down and abandoning module AndroidMediaFactory (590)
[2020.01.26-15.59.11:192][796]LogModuleManager: Shutting down and abandoning module AndroidMediaEditor (588)
[2020.01.26-15.59.11:192][796]LogModuleManager: Shutting down and abandoning module MagicLeapCameraPreviewFactory (586)
[2020.01.26-15.59.11:192][796]LogModuleManager: Shutting down and abandoning module MagicLeapMediaCodecFactory (584)
[2020.01.26-15.59.11:192][796]LogModuleManager: Shutting down and abandoning module MagicLeapMediaFactory (582)
[2020.01.26-15.59.11:192][796]LogModuleManager: Shutting down and abandoning module MagicLeapMediaEditor (580)
[2020.01.26-15.59.11:192][796]LogModuleManager: Shutting down and abandoning module CharacterAI (578)
[2020.01.26-15.59.11:192][796]LogModuleManager: Shutting down and abandoning module SmartSnapping (576)
[2020.01.26-15.59.11:192][796]LogModuleManager: Shutting down and abandoning module SessionServices (574)
[2020.01.26-15.59.11:192][796]LogModuleManager: Shutting down and abandoning module MeshPaint (572)
[2020.01.26-15.59.11:194][796]LogModuleManager: Shutting down and abandoning module ViewportSnapping (570)
[2020.01.26-15.59.11:194][796]LogModuleManager: Shutting down and abandoning module ViewportInteraction (568)
[2020.01.26-15.59.11:194][796]LogModuleManager: Shutting down and abandoning module ClothPainter (566)
[2020.01.26-15.59.11:195][796]LogModuleManager: Shutting down and abandoning module SkeletalMeshEditor (565)
[2020.01.26-15.59.11:198][796]LogModuleManager: Shutting down and abandoning module LogVisualizer (562)
[2020.01.26-15.59.11:199][796]LogModuleManager: Shutting down and abandoning module IntroTutorials (560)
[2020.01.26-15.59.11:200][796]LogModuleManager: Shutting down and abandoning module GameProjectGeneration (559)
[2020.01.26-15.59.11:201][796]LogModuleManager: Shutting down and abandoning module LuminPlatformEditor (556)
[2020.01.26-15.59.11:201][796]LogModuleManager: Shutting down and abandoning module IOSPlatformEditor (554)
[2020.01.26-15.59.11:201][796]LogModuleManager: Shutting down and abandoning module HTML5PlatformEditor (552)
[2020.01.26-15.59.11:201][796]LogModuleManager: Shutting down and abandoning module AndroidPlatformEditor (550)
[2020.01.26-15.59.11:201][796]LogModuleManager: Shutting down and abandoning module AndroidDeviceDetection (549)
[2020.01.26-15.59.11:481][796]LogModuleManager: Shutting down and abandoning module WindowsPlatformEditor (546)
[2020.01.26-15.59.11:482][796]LogModuleManager: Shutting down and abandoning module LuminRuntimeSettings (544)
[2020.01.26-15.59.11:482][796]LogModuleManager: Shutting down and abandoning module IOSRuntimeSettings (542)
[2020.01.26-15.59.11:482][796]LogModuleManager: Shutting down and abandoning module AndroidRuntimeSettings (540)
[2020.01.26-15.59.11:482][796]LogModuleManager: Shutting down and abandoning module TimeManagementEditor (538)
[2020.01.26-15.59.11:482][796]LogModuleManager: Shutting down and abandoning module InputBindingEditor (536)
[2020.01.26-15.59.11:485][796]LogModuleManager: Shutting down and abandoning module MergeActors (534)
[2020.01.26-15.59.11:487][796]LogModuleManager: Shutting down and abandoning module LocalizationDashboard (532)
[2020.01.26-15.59.11:488][796]LogModuleManager: Shutting down and abandoning module LocalizationService (531)
[2020.01.26-15.59.11:488][796]LogModuleManager: Shutting down and abandoning module HardwareTargeting (528)
[2020.01.26-15.59.11:488][796]LogModuleManager: Shutting down and abandoning module DeviceProfileEditor (526)
[2020.01.26-15.59.11:489][796]LogModuleManager: Shutting down and abandoning module UndoHistory (524)
[2020.01.26-15.59.11:489][796]LogModuleManager: Shutting down and abandoning module XmlParser (522)
[2020.01.26-15.59.11:490][796]LogModuleManager: Shutting down and abandoning module Blutility (520)
[2020.01.26-15.59.11:490][796]LogModuleManager: Shutting down and abandoning module ProjectSettingsViewer (518)
[2020.01.26-15.59.11:490][796]LogModuleManager: Shutting down and abandoning module ProjectTargetPlatformEditor (517)
[2020.01.26-15.59.11:491][796]LogModuleManager: Shutting down and abandoning module EditorSettingsViewer (514)
[2020.01.26-15.59.11:491][796]LogModuleManager: Shutting down and abandoning module SettingsEditor (512)
[2020.01.26-15.59.11:491][796]LogModuleManager: Shutting down and abandoning module ProjectLauncher (510)
[2020.01.26-15.59.11:491][796]LogModuleManager: Shutting down and abandoning module SessionFrontend (508)
[2020.01.26-15.59.11:492][796]LogModuleManager: Shutting down and abandoning module ProfilerClient (506)
[2020.01.26-15.59.11:493][796]LogModuleManager: Shutting down and abandoning module DeviceManager (504)
[2020.01.26-15.59.11:494][796]LogModuleManager: Shutting down and abandoning module TargetDeviceServices (503)
[2020.01.26-15.59.11:538][796]LogModuleManager: Shutting down and abandoning module AutomationController (500)
[2020.01.26-15.59.11:540][796]LogModuleManager: Shutting down and abandoning module AutomationWindow (498)
[2020.01.26-15.59.11:541][796]LogModuleManager: Shutting down and abandoning module Layers (496)
[2020.01.26-15.59.11:543][796]LogModuleManager: Shutting down and abandoning module ComponentVisualizers (494)
[2020.01.26-15.59.11:544][796]LogModuleManager: Shutting down and abandoning module DetailCustomizations (492)
[2020.01.26-15.59.11:544][796]LogModuleManager: Shutting down and abandoning module PackagesDialog (490)
[2020.01.26-15.59.11:545][796]LogModuleManager: Shutting down and abandoning module AnimationBlueprintEditor (488)
[2020.01.26-15.59.11:548][796]LogModuleManager: Shutting down and abandoning module Persona (486)
[2020.01.26-15.59.11:549][796]LogModuleManager: Shutting down and abandoning module AdvancedPreviewScene (485)
[2020.01.26-15.59.11:550][796]LogModuleManager: Shutting down and abandoning module AnimGraph (483)
[2020.01.26-15.59.11:550][796]LogModuleManager: Shutting down and abandoning module Kismet (480)
[2020.01.26-15.59.11:573][796]LogModuleManager: Shutting down and abandoning module KismetWidgets (479)
[2020.01.26-15.59.11:574][796]LogModuleManager: Shutting down and abandoning module GraphEditor (476)
[2020.01.26-15.59.11:574][796]LogModuleManager: Shutting down and abandoning module StructViewer (474)
[2020.01.26-15.59.11:575][796]LogModuleManager: Shutting down and abandoning module ClassViewer (472)
[2020.01.26-15.59.11:575][796]LogModuleManager: Shutting down and abandoning module Toolbox (470)
[2020.01.26-15.59.11:575][796]LogModuleManager: Shutting down and abandoning module ModuleUI (468)
[2020.01.26-15.59.11:576][796]LogModuleManager: Shutting down and abandoning module MovieSceneTools (466)
[2020.01.26-15.59.11:577][796]LogModuleManager: Shutting down and abandoning module OutputLog (464)
[2020.01.26-15.59.11:578][796]LogModuleManager: Shutting down and abandoning module GammaUI (462)
[2020.01.26-15.59.11:579][796]LogModuleManager: Shutting down and abandoning module Documentation (460)
[2020.01.26-15.59.11:579][796]LogModuleManager: Shutting down and abandoning module LiveCoding (458)
[2020.01.26-15.59.11:581][796]LogModuleManager: Shutting down and abandoning module LevelSequence (456)
[2020.01.26-15.59.11:581][796]LogModuleManager: Shutting down and abandoning module MovieSceneTracks (454)
[2020.01.26-15.59.11:581][796]LogModuleManager: Shutting down and abandoning module MovieScene (452)
[2020.01.26-15.59.11:582][796]LogModuleManager: Shutting down and abandoning module StreamingPauseRendering (450)
[2020.01.26-15.59.11:582][796]LogModuleManager: Shutting down and abandoning module LauncherPlatform (448)
[2020.01.26-15.59.11:582][796]LogModuleManager: Shutting down and abandoning module AnalyticsET (446)
[2020.01.26-15.59.11:582][796]LogModuleManager: Shutting down and abandoning module PortalServices (444)
[2020.01.26-15.59.11:582][796]LogModuleManager: Shutting down and abandoning module PortalRpc (442)
[2020.01.26-15.59.11:582][796]LogModuleManager: Shutting down and abandoning module MessagingRpc (440)
[2020.01.26-15.59.11:583][796]LogModuleManager: Shutting down and abandoning module AIModule (438)
[2020.01.26-15.59.11:583][796]LogModuleManager: Shutting down and abandoning module GameplayDebugger (437)
[2020.01.26-15.59.11:583][796]LogModuleManager: Shutting down and abandoning module AITestSuite (435)
[2020.01.26-15.59.11:583][796]LogModuleManager: Shutting down and abandoning module NavigationSystem (433)
[2020.01.26-15.59.11:583][796]LogModuleManager: Shutting down and abandoning module DesktopPlatform (430)
[2020.01.26-15.59.11:583][796]LogModuleManager: Shutting down and abandoning module ImageWriteQueue (428)
[2020.01.26-15.59.11:594][796]LogModuleManager: Shutting down and abandoning module ProfilerService (426)
[2020.01.26-15.59.11:671][796]LogModuleManager: Shutting down and abandoning module TaskGraph (424)
[2020.01.26-15.59.11:676][796]LogModuleManager: Shutting down and abandoning module ScreenshotTools (422)
[2020.01.26-15.59.11:676][796]LogModuleManager: Shutting down and abandoning module SteamVRController (420)
[2020.01.26-15.59.11:676][796]LogModuleManager: Shutting down and abandoning module ProceduralMeshComponentEditor (418)
[2020.01.26-15.59.11:676][796]LogModuleManager: Shutting down and abandoning module ProceduralMeshComponent (416)
[2020.01.26-15.59.11:677][796]LogModuleManager: Shutting down and abandoning module OculusEditor (414)
[2020.01.26-15.59.11:677][796]LogModuleManager: Shutting down and abandoning module OculusInput (412)
[2020.01.26-15.59.11:678][796]LogModuleManager: Shutting down and abandoning module MobilePatchingUtils (410)
[2020.01.26-15.59.11:678][796]LogModuleManager: Shutting down and abandoning module EditableMesh (408)
[2020.01.26-15.59.11:679][796]LogModuleManager: Shutting down and abandoning module CustomMeshComponent (406)
[2020.01.26-15.59.11:679][796]LogModuleManager: Shutting down and abandoning module CableComponent (404)
[2020.01.26-15.59.11:679][796]LogModuleManager: Shutting down and abandoning module AudioCapture (402)
[2020.01.26-15.59.11:679][796]LogModuleManager: Shutting down and abandoning module ArchVisCharacter (400)
[2020.01.26-15.59.11:679][796]LogModuleManager: Shutting down and abandoning module AppleImageUtilsBlueprintSupport (398)
[2020.01.26-15.59.11:679][796]LogModuleManager: Shutting down and abandoning module AppleImageUtils (396)
[2020.01.26-15.59.11:679][796]LogModuleManager: Shutting down and abandoning module AndroidPermission (394)
[2020.01.26-15.59.11:679][796]LogModuleManager: Shutting down and abandoning module NUTUnrealEngine4 (392)
[2020.01.26-15.59.11:680][796]LogModuleManager: Shutting down and abandoning module NetcodeUnitTest (390)
[2020.01.26-15.59.11:682][796]LogModuleManager: Shutting down and abandoning module MediaCompositing (388)
[2020.01.26-15.59.11:682][796]LogModuleManager: Shutting down and abandoning module ImgMedia (386)
[2020.01.26-15.59.11:683][796]LogModuleManager: Shutting down and abandoning module MagicLeapHelperVulkan (384)
[2020.01.26-15.59.11:683][796]LogModuleManager: Shutting down and abandoning module MagicLeapHelperOpenGL (382)
[2020.01.26-15.59.11:683][796]LogModuleManager: Shutting down and abandoning module MagicLeapAudio (380)
[2020.01.26-15.59.11:684][796]LogModuleManager: Shutting down and abandoning module HTML5Networking (378)
[2020.01.26-15.59.11:684][796]LogModuleManager: Shutting down and abandoning module GeometryCacheTracks (376)
[2020.01.26-15.59.11:684][796]LogModuleManager: Shutting down and abandoning module GeometryCacheSequencer (374)
[2020.01.26-15.59.11:684][796]LogModuleManager: Shutting down and abandoning module BackChannel (372)
[2020.01.26-15.59.11:684][796]LogModuleManager: Shutting down and abandoning module AutomationUtilsEditor (370)
[2020.01.26-15.59.11:685][796]LogModuleManager: Shutting down and abandoning module AutomationUtils (368)
[2020.01.26-15.59.11:685][796]LogModuleManager: Shutting down and abandoning module AlembicImporter (366)
[2020.01.26-15.59.11:685][796]LogModuleManager: Shutting down and abandoning module AlembicLibrary (365)
[2020.01.26-15.59.11:686][796]LogModuleManager: Shutting down and abandoning module GeometryCache (364)
[2020.01.26-15.59.11:686][796]LogModuleManager: Shutting down and abandoning module GeometryCacheEd (363)
[2020.01.26-15.59.11:686][796]LogModuleManager: Shutting down and abandoning module VariantManagerContent (358)
[2020.01.26-15.59.11:686][796]LogModuleManager: Shutting down and abandoning module DatasmithContentEditor (356)
[2020.01.26-15.59.11:687][796]LogModuleManager: Shutting down and abandoning module SpeedTreeImporter (354)
[2020.01.26-15.59.11:687][796]LogModuleManager: Shutting down and abandoning module PluginBrowser (352)
[2020.01.26-15.59.11:690][796]LogModuleManager: Shutting down and abandoning module MobileLauncherProfileWizard (350)
[2020.01.26-15.59.11:691][796]LogModuleManager: Shutting down and abandoning module MaterialAnalyzer (348)
[2020.01.26-15.59.11:691][796]LogModuleManager: Shutting down and abandoning module CurveEditorTools (346)
[2020.01.26-15.59.11:693][796]LogModuleManager: Shutting down and abandoning module CurveEditor (345)
[2020.01.26-15.59.11:696][796]LogModuleManager: Shutting down and abandoning module CryptoKeysOpenSSL (342)
[2020.01.26-15.59.11:697][796]LogModuleManager: Shutting down and abandoning module CryptoKeys (340)
[2020.01.26-15.59.11:697][796]LogModuleManager: Shutting down and abandoning module VisualStudioSourceCodeAccess (338)
[2020.01.26-15.59.11:697][796]LogModuleManager: Shutting down and abandoning module VisualStudioCodeSourceCodeAccess (336)
[2020.01.26-15.59.11:698][796]LogModuleManager: Shutting down and abandoning module UObjectPlugin (334)
[2020.01.26-15.59.11:698][796]LogModuleManager: Shutting down and abandoning module SubversionSourceControl (332)
[2020.01.26-15.59.11:699][796]LogModuleManager: Shutting down and abandoning module PerforceSourceControl (330)
[2020.01.26-15.59.11:701][796]LogModuleManager: Shutting down and abandoning module GitSourceControl (328)
[2020.01.26-15.59.11:703][796]LogModuleManager: Shutting down and abandoning module SourceControl (327)
[2020.01.26-15.59.11:707][796]LogModuleManager: Shutting down and abandoning module CLionSourceCodeAccess (324)
[2020.01.26-15.59.11:707][796]LogModuleManager: Shutting down and abandoning module AnimationSharingEd (322)
[2020.01.26-15.59.11:707][796]LogModuleManager: Shutting down and abandoning module ActorLayerUtilitiesEditor (320)
[2020.01.26-15.59.11:707][796]LogModuleManager: Shutting down and abandoning module ActorLayerUtilities (318)
[2020.01.26-15.59.11:707][796]LogModuleManager: Shutting down and abandoning module LightPropagationVolumeEditor (316)
[2020.01.26-15.59.11:707][796]LogModuleManager: Shutting down and abandoning module PaperTiledImporter (314)
[2020.01.26-15.59.11:707][796]LogModuleManager: Shutting down and abandoning module PaperSpriteSheetImporter (312)
[2020.01.26-15.59.11:707][796]LogModuleManager: Shutting down and abandoning module Paper2DEditor (310)
[2020.01.26-15.59.11:711][796]LogModuleManager: Shutting down and abandoning module SignificanceManager (308)
[2020.01.26-15.59.11:711][796]LogModuleManager: Shutting down and abandoning module RuntimePhysXCooking (306)
[2020.01.26-15.59.11:711][796]LogModuleManager: Shutting down and abandoning module PhysXVehiclesEditor (304)
[2020.01.26-15.59.11:711][796]LogModuleManager: Shutting down and abandoning module LocationServicesBPLibrary (300)
[2020.01.26-15.59.11:711][796]LogModuleManager: Shutting down and abandoning module ActorSequence (298)
[2020.01.26-15.59.11:711][796]LogModuleManager: Shutting down and abandoning module UdpMessaging (296)
[2020.01.26-15.59.11:812][796]LogModuleManager: Shutting down and abandoning module TcpMessaging (294)
[2020.01.26-15.59.11:916][796]LogModuleManager: Shutting down and abandoning module MagicLeapIdentity (292)
[2020.01.26-15.59.11:916][796]LogModuleManager: Shutting down and abandoning module MagicLeapSecureStorage (290)
[2020.01.26-15.59.11:916][796]LogModuleManager: Shutting down and abandoning module MagicLeapHandTracking (288)
[2020.01.26-15.59.11:916][796]LogModuleManager: Shutting down and abandoning module MagicLeapEyeTracker (286)
[2020.01.26-15.59.11:916][796]LogModuleManager: Shutting down and abandoning module MagicLeapController (284)
[2020.01.26-15.59.11:917][796]LogSlate: Slate User Destroyed.  User Index 0, Is Virtual User: 0
[2020.01.26-15.59.11:917][796]LogModuleManager: Shutting down and abandoning module MagicLeapAR (282)
[2020.01.26-15.59.11:917][796]LogModuleManager: Shutting down and abandoning module AugmentedReality (281)
[2020.01.26-15.59.11:917][796]LogModuleManager: Shutting down and abandoning module GameplayTagsEditor (278)
[2020.01.26-15.59.11:917][796]LogModuleManager: Shutting down and abandoning module FacialAnimationEditor (276)
[2020.01.26-15.59.11:917][796]LogModuleManager: Shutting down and abandoning module FacialAnimation (274)
[2020.01.26-15.59.11:917][796]LogModuleManager: Shutting down and abandoning module DataValidation (272)
[2020.01.26-15.59.11:918][796]LogModuleManager: Shutting down and abandoning module AssetManagerEditor (270)
[2020.01.26-15.59.11:920][796]LogModuleManager: Shutting down and abandoning module LevelEditor (269)
[2020.01.26-15.59.11:924][796]LogModuleManager: Shutting down and abandoning module PixelInspectorModule (268)
[2020.01.26-15.59.11:925][796]LogModuleManager: Shutting down and abandoning module CommonMenuExtensions (266)
[2020.01.26-15.59.11:926][796]LogModuleManager: Shutting down and abandoning module MainFrame (264)
[2020.01.26-15.59.11:927][796]LogModuleManager: Shutting down and abandoning module HotReload (263)
[2020.01.26-15.59.11:928][796]LogModuleManager: Shutting down and abandoning module ContentBrowser (259)
[2020.01.26-15.59.11:932][796]LogModuleManager: Shutting down and abandoning module TreeMap (257)
[2020.01.26-15.59.11:933][796]LogModuleManager: Shutting down and abandoning module AnimationSharing (254)
[2020.01.26-15.59.11:933][796]LogModuleManager: Shutting down and abandoning module LightPropagationVolumeRuntime (252)
[2020.01.26-15.59.11:933][796]LogModuleManager: Shutting down and abandoning module Paper2D (250)
[2020.01.26-15.59.11:934][796]LogModuleManager: Shutting down and abandoning module WindowsMoviePlayer (248)
[2020.01.26-15.59.11:946][796]LogModuleManager: Shutting down and abandoning module WebMMoviePlayer (246)
[2020.01.26-15.59.11:947][796]LogModuleManager: Shutting down and abandoning module NetworkReplayStreaming (244)
[2020.01.26-15.59.11:947][796]LogModuleManager: Shutting down and abandoning module PacketHandler (242)
[2020.01.26-15.59.11:947][796]LogModuleManager: Shutting down and abandoning module ClothingSystemEditor (240)
[2020.01.26-15.59.11:947][796]LogModuleManager: Shutting down and abandoning module ClothingSystemRuntime (238)
[2020.01.26-15.59.11:948][796]LogModuleManager: Shutting down and abandoning module MediaAssets (236)
[2020.01.26-15.59.11:948][796]LogModuleManager: Shutting down and abandoning module Overlay (234)
[2020.01.26-15.59.11:948][796]LogModuleManager: Shutting down and abandoning module OverlayEditor (233)
[2020.01.26-15.59.11:948][796]LogModuleManager: Shutting down and abandoning module VREditor (230)
[2020.01.26-15.59.11:949][796]LogModuleManager: Shutting down and abandoning module StringTableEditor (228)
[2020.01.26-15.59.11:950][796]LogModuleManager: Shutting down and abandoning module GameplayTasksEditor (226)
[2020.01.26-15.59.11:950][796]LogModuleManager: Shutting down and abandoning module BehaviorTreeEditor (224)
[2020.01.26-15.59.11:953][796]LogModuleManager: Shutting down and abandoning module FunctionalTesting (222)
[2020.01.26-15.59.11:953][796]LogModuleManager: Shutting down and abandoning module CollisionAnalyzer (220)
[2020.01.26-15.59.11:955][796]LogModuleManager: Shutting down and abandoning module WorkspaceMenuStructure (219)
[2020.01.26-15.59.11:955][796]LogModuleManager: Shutting down and abandoning module UMG (216)
[2020.01.26-15.59.11:956][796]LogModuleManager: Shutting down and abandoning module UMGEditor (215)
[2020.01.26-15.59.11:957][796]LogModuleManager: Shutting down and abandoning module Sequencer (214)
[2020.01.26-15.59.11:961][796]LogModuleManager: Shutting down and abandoning module MessageLog (211)
[2020.01.26-15.59.11:961][796]LogModuleManager: Shutting down and abandoning module SlateReflector (206)
[2020.01.26-15.59.11:964][796]LogModuleManager: Shutting down and abandoning module Slate (204)
[2020.01.26-15.59.11:964][796]LogModuleManager: Shutting down and abandoning module LandscapeEditorUtilities (202)
[2020.01.26-15.59.11:964][796]LogModuleManager: Shutting down and abandoning module EditorStyle (200)
[2020.01.26-15.59.11:966][796]LogModuleManager: Shutting down and abandoning module UnrealEd (198)
[2020.01.26-15.59.11:966][796]LogModuleManager: Shutting down and abandoning module MRMesh (196)
[2020.01.26-15.59.11:966][796]LogModuleManager: Shutting down and abandoning module SourceCodeAccess (194)
[2020.01.26-15.59.11:966][796]LogModuleManager: Shutting down and abandoning module HeadMountedDisplay (192)
[2020.01.26-15.59.11:966][796]LogModuleManager: Shutting down and abandoning module XAudio2 (190)
[2020.01.26-15.59.11:966][796]LogModuleManager: Shutting down and abandoning module Networking (188)
[2020.01.26-15.59.11:966][796]LogModuleManager: Shutting down and abandoning module Core (186)
[2020.01.26-15.59.11:966][796]LogModuleManager: Shutting down and abandoning module KismetCompiler (184)
[2020.01.26-15.59.11:966][796]LogModuleManager: Shutting down and abandoning module MeshUtilities (182)
[2020.01.26-15.59.11:966][796]LogModuleManager: Shutting down and abandoning module MeshMergeUtilities (181)
[2020.01.26-15.59.11:967][796]LogModuleManager: Shutting down and abandoning module MeshReductionInterface (180)
[2020.01.26-15.59.11:967][796]LogModuleManager: Shutting down and abandoning module SkeletalMeshReduction (179)
[2020.01.26-15.59.11:968][796]LogModuleManager: Shutting down and abandoning module ProxyLODMeshReduction (177)
[2020.01.26-15.59.11:970][796]LogModuleManager: Shutting down and abandoning module QuadricMeshReduction (175)
[2020.01.26-15.59.11:971][796]LogModuleManager: Shutting down and abandoning module MaterialBaking (171)
[2020.01.26-15.59.11:971][796]LogModuleManager: Shutting down and abandoning module NullInstallBundleManager (166)
[2020.01.26-15.59.11:971][796]LogModuleManager: Shutting down and abandoning module DerivedDataCache (164)
[2020.01.26-15.59.11:979][796]LogDerivedDataCache: Shutdown
[2020.01.26-15.59.11:979][796]LogModuleManager: Shutting down and abandoning module XGEController (162)
[2020.01.26-15.59.11:979][796]LogModuleManager: Shutting down and abandoning module TargetPlatform (160)
[2020.01.26-15.59.11:979][796]LogModuleManager: Shutting down and abandoning module VulkanShaderFormat (159)
[2020.01.26-15.59.11:980][796]LogModuleManager: Shutting down and abandoning module ShaderFormatVectorVM (157)
[2020.01.26-15.59.11:980][796]LogModuleManager: Shutting down and abandoning module ShaderFormatOpenGL (155)
[2020.01.26-15.59.11:981][796]LogModuleManager: Shutting down and abandoning module ShaderFormatD3D (153)
[2020.01.26-15.59.11:981][796]LogModuleManager: Shutting down and abandoning module MetalShaderFormat (151)
[2020.01.26-15.59.11:981][796]LogModuleManager: Shutting down and abandoning module TextureFormatUncompressed (149)
[2020.01.26-15.59.11:982][796]LogModuleManager: Shutting down and abandoning module TextureFormatPVR (147)
[2020.01.26-15.59.11:982][796]LogModuleManager: Shutting down and abandoning module TextureFormatDXT (145)
[2020.01.26-15.59.11:982][796]LogModuleManager: Shutting down and abandoning module TextureFormatIntelISPCTexComp (143)
[2020.01.26-15.59.11:983][796]LogModuleManager: Shutting down and abandoning module TextureFormatASTC (141)
[2020.01.26-15.59.11:983][796]LogModuleManager: Shutting down and abandoning module ImageWrapper (140)
[2020.01.26-15.59.11:983][796]LogModuleManager: Shutting down and abandoning module TextureFormatAndroid (137)
[2020.01.26-15.59.11:983][796]LogModuleManager: Shutting down and abandoning module AudioFormatOpus (135)
[2020.01.26-15.59.11:983][796]LogModuleManager: Shutting down and abandoning module AudioFormatOgg (133)
[2020.01.26-15.59.11:983][796]LogModuleManager: Shutting down and abandoning module AudioFormatADPCM (131)
[2020.01.26-15.59.11:983][796]LogModuleManager: Shutting down and abandoning module LuminTargetPlatform (129)
[2020.01.26-15.59.11:984][796]LogModuleManager: Shutting down and abandoning module LinuxTargetPlatform (127)
[2020.01.26-15.59.11:984][796]LogModuleManager: Shutting down and abandoning module LinuxServerTargetPlatform (125)
[2020.01.26-15.59.11:985][796]LogModuleManager: Shutting down and abandoning module LinuxNoEditorTargetPlatform (123)
[2020.01.26-15.59.11:985][796]LogModuleManager: Shutting down and abandoning module LinuxClientTargetPlatform (121)
[2020.01.26-15.59.11:986][796]LogModuleManager: Shutting down and abandoning module TVOSTargetPlatform (119)
[2020.01.26-15.59.11:987][796]LogModuleManager: Shutting down and abandoning module Messaging (117)
[2020.01.26-15.59.11:987][796]LogModuleManager: Shutting down and abandoning module IOSTargetPlatform (115)
[2020.01.26-15.59.11:987][796]LogModuleManager: Shutting down and abandoning module HTML5TargetPlatform (113)
[2020.01.26-15.59.11:988][796]LogModuleManager: Shutting down and abandoning module AndroidTargetPlatform (111)
[2020.01.26-15.59.11:995][796]LogModuleManager: Shutting down and abandoning module WindowsTargetPlatform (109)
[2020.01.26-15.59.11:995][796]LogModuleManager: Shutting down and abandoning module WindowsServerTargetPlatform (107)
[2020.01.26-15.59.11:995][796]LogModuleManager: Shutting down and abandoning module WindowsNoEditorTargetPlatform (105)
[2020.01.26-15.59.11:995][796]LogModuleManager: Shutting down and abandoning module WindowsClientTargetPlatform (103)
[2020.01.26-15.59.11:995][796]LogModuleManager: Shutting down and abandoning module MacTargetPlatform (101)
[2020.01.26-15.59.11:995][796]LogModuleManager: Shutting down and abandoning module MacServerTargetPlatform (99)
[2020.01.26-15.59.11:995][796]LogModuleManager: Shutting down and abandoning module MacNoEditorTargetPlatform (97)
[2020.01.26-15.59.11:995][796]LogModuleManager: Shutting down and abandoning module MacClientTargetPlatform (95)
[2020.01.26-15.59.11:995][796]LogModuleManager: Shutting down and abandoning module AllDesktopTargetPlatform (93)
[2020.01.26-15.59.11:995][796]LogModuleManager: Shutting down and abandoning module InputCore (90)
[2020.01.26-15.59.11:995][796]LogModuleManager: Shutting down and abandoning module Settings (88)
[2020.01.26-15.59.11:995][796]LogModuleManager: Shutting down and abandoning module DirectoryWatcher (86)
[2020.01.26-15.59.11:995][796]LogModuleManager: Shutting down and abandoning module PhysXCooking (84)
[2020.01.26-15.59.11:995][796]LogModuleManager: Shutting down and abandoning module WindowsPlatformFeatures (82)
[2020.01.26-15.59.11:995][796]LogModuleManager: Shutting down and abandoning module GameplayMediaEncoder (81)
[2020.01.26-15.59.11:996][796]LogModuleManager: Shutting down and abandoning module SteamVR (78)
[2020.01.26-15.59.11:996][796]LogHMD: Freeing OpenVRDLLHandle.
[2020.01.26-15.59.11:996][796]LogModuleManager: Shutting down and abandoning module OculusHMD (76)
[2020.01.26-15.59.11:996][796]LogModuleManager: Shutting down and abandoning module ExampleDeviceProfileSelector (74)
[2020.01.26-15.59.11:997][796]LogModuleManager: Shutting down and abandoning module LauncherChunkInstaller (72)
[2020.01.26-15.59.11:997][796]LogModuleManager: Shutting down and abandoning module OnlineBlueprintSupport (70)
[2020.01.26-15.59.11:997][796]LogModuleManager: Shutting down and abandoning module OnlineSubsystem (66)
[2020.01.26-15.59.11:998][796]LogModuleManager: Shutting down and abandoning module XMPP (61)
[2020.01.26-15.59.12:000][796]LogModuleManager: Shutting down and abandoning module WebSockets (60)
[2020.01.26-15.59.12:013][796]LogModuleManager: Shutting down and abandoning module HTTP (57)
[2020.01.26-15.59.12:013][796]LogHttp: Display: Http module shutting down, but needs to wait on 1 outstanding Http requests:
[2020.01.26-15.59.12:013][796]LogHttp: Display: 	verb=[POST] url=[https://datarouter.ol.epicgames.com/datarouter/api/v1/public/data?SessionID=%7BEFD2848A-444C-D94B-CA69-AD93D05C20F2%7D&AppID=UEEditor.Rocket.Release&AppVersion=4.23.1-9631420%2B%2B%2BUE4%2BRelease-4.23&UserID=4dc34ee1439caf22289390b86b1d99f8%7C0d24fb48151e4b3a9fb277ba8157d37f%7Cfcb2b111-f97b-414a-b1a6-746fa1a8d448&AppEnvironment=datacollector-binary&UploadType=eteventstream] status=Processing
[2020.01.26-15.59.12:038][796]LogModuleManager: Shutting down and abandoning module SSL (56)
[2020.01.26-15.59.12:040][796]LogModuleManager: Shutting down and abandoning module WmfMedia (52)
[2020.01.26-15.59.12:044][796]LogModuleManager: Shutting down and abandoning module Media (51)
[2020.01.26-15.59.12:045][796]LogModuleManager: Shutting down and abandoning module MagicLeap (48)
[2020.01.26-15.59.12:045][796]LogModuleManager: Shutting down and abandoning module DatasmithContent (46)
[2020.01.26-15.59.12:046][796]LogModuleManager: Shutting down and abandoning module AISupportModule (44)
[2020.01.26-15.59.12:046][796]LogModuleManager: Shutting down and abandoning module PlatformCryptoOpenSSL (42)
[2020.01.26-15.59.12:046][796]LogModuleManager: Shutting down and abandoning module PlatformCrypto (40)
[2020.01.26-15.59.12:047][796]LogModuleManager: Shutting down and abandoning module AnimationModifiers (38)
[2020.01.26-15.59.12:048][796]LogModuleManager: Shutting down and abandoning module PropertyEditor (37)
[2020.01.26-15.59.12:048][796]LogModuleManager: Shutting down and abandoning module AudioEditor (34)
[2020.01.26-15.59.12:050][796]LogModuleManager: Shutting down and abandoning module TextureCompressor (32)
[2020.01.26-15.59.12:051][796]LogModuleManager: Shutting down and abandoning module RenderCore (30)
[2020.01.26-15.59.12:051][796]LogModuleManager: Shutting down and abandoning module Landscape (28)
[2020.01.26-15.59.12:051][796]LogModuleManager: Shutting down and abandoning module SlateRHIRenderer (26)
[2020.01.26-15.59.12:054][796]LogModuleManager: Shutting down and abandoning module OpenGLDrv (24)
[2020.01.26-15.59.12:055][796]LogModuleManager: Shutting down and abandoning module D3D11RHI (22)
[2020.01.26-15.59.12:055][796]LogModuleManager: Shutting down and abandoning module AnimGraphRuntime (20)
[2020.01.26-15.59.12:055][796]LogModuleManager: Shutting down and abandoning module Renderer (18)
[2020.01.26-15.59.12:056][796]LogModuleManager: Shutting down and abandoning module Engine (16)
[2020.01.26-15.59.12:056][796]LogModuleManager: Shutting down and abandoning module CoreUObject (14)
[2020.01.26-15.59.12:056][796]LogModuleManager: Shutting down and abandoning module NetworkFile (12)
[2020.01.26-15.59.12:056][796]LogModuleManager: Shutting down and abandoning module CookedIterativeFile (10)
[2020.01.26-15.59.12:056][796]LogModuleManager: Shutting down and abandoning module StreamingFile (8)
[2020.01.26-15.59.12:057][796]LogModuleManager: Shutting down and abandoning module SandboxFile (6)
[2020.01.26-15.59.12:057][796]LogModuleManager: Shutting down and abandoning module PakFile (4)
[2020.01.26-15.59.12:057][796]LogModuleManager: Shutting down and abandoning module RSA (3)
[2020.01.26-15.59.12:059][796]LogD3D11RHI: Shutdown
[2020.01.26-15.59.12:060][796]LogD3D11RHI: CleanupD3DDevice
[2020.01.26-15.59.12:065][796]LogRendererCore: FGlobalDynamicReadBuffer::Cleanup()
[2020.01.26-15.59.12:066][796]LogRendererCore: FGlobalDynamicReadBuffer::Cleanup()
[2020.01.26-15.59.12:066][796]LogRendererCore: FGlobalDynamicReadBuffer::Cleanup()
[2020.01.26-15.59.12:445][796]LogD3D11RHI: ~FD3D11DynamicRHI
[2020.01.26-15.59.12:449][796]LogExit: Exiting.
[2020.01.26-15.59.12:456][796]Log file closed, 01/26/20 16:59:12
