Log file open, 01/28/20 14:44:32
LogWindows: Failed to load 'aqProf.dll' (GetLastError=126)
LogWindows: File 'aqProf.dll' does not exist
LogWindows: Failed to load 'VtuneApi.dll' (GetLastError=126)
LogWindows: File 'VtuneApi.dll' does not exist
LogWindows: Failed to load 'VtuneApi32e.dll' (GetLastError=126)
LogWindows: File 'VtuneApi32e.dll' does not exist
LogConsoleResponse: Display: Failed to find resolution value strings in scalability ini. Falling back to default.
LogInit: Display: Running engine for game: WatchOut
LogPlatformFile: Not using cached read wrapper
LogTaskGraph: Started task graph with 5 named threads and 11 total threads with 3 sets of task threads.
LogStats: Stats thread started at 0.722130
LogD3D11RHI: Loaded GFSDK_Aftermath_Lib.x64.dll
LogICUInternationalization: ICU TimeZone Detection - Raw Offset: +1:00, Platform Override: ''
LogPluginManager: Mounting plugin Paper2D
LogPluginManager: Mounting plugin AISupport
LogPluginManager: Mounting plugin LightPropagationVolume
LogPluginManager: Mounting plugin ActorLayerUtilities
LogPluginManager: Mounting plugin AnimationSharing
LogPluginManager: Mounting plugin CLionSourceCodeAccess
LogPluginManager: Mounting plugin CodeLiteSourceCodeAccess
LogPluginManager: Mounting plugin GitSourceControl
LogPluginManager: Mounting plugin KDevelopSourceCodeAccess
LogPluginManager: Mounting plugin NullSourceCodeAccess
LogPluginManager: Mounting plugin PerforceSourceControl
LogPluginManager: Mounting plugin SubversionSourceControl
LogPluginManager: Mounting plugin UObjectPlugin
LogPluginManager: Mounting plugin VisualStudioCodeSourceCodeAccess
LogPluginManager: Mounting plugin VisualStudioSourceCodeAccess
LogPluginManager: Mounting plugin XCodeSourceCodeAccess
LogPluginManager: Mounting plugin AssetManagerEditor
LogPluginManager: Mounting plugin CryptoKeys
LogPluginManager: Mounting plugin CurveEditorTools
LogPluginManager: Mounting plugin DataValidation
LogPluginManager: Mounting plugin FacialAnimation
LogPluginManager: Mounting plugin GameplayTagsEditor
LogPluginManager: Mounting plugin MacGraphicsSwitching
LogPluginManager: Mounting plugin MaterialAnalyzer
LogPluginManager: Mounting plugin MobileLauncherProfileWizard
LogPluginManager: Mounting plugin PluginBrowser
LogPluginManager: Mounting plugin SpeedTreeImporter
LogPluginManager: Mounting plugin DatasmithContent
LogPluginManager: Mounting plugin VariantManagerContent
LogPluginManager: Mounting plugin AlembicImporter
LogPluginManager: Mounting plugin AutomationUtils
LogPluginManager: Mounting plugin BackChannel
LogPluginManager: Mounting plugin CharacterAI
LogPluginManager: Mounting plugin GeometryCache
LogPluginManager: Mounting plugin HTML5Networking
LogPluginManager: Mounting plugin PlatformCrypto
LogPluginManager: Mounting plugin ProxyLODPlugin
LogPluginManager: Mounting plugin SkeletalReduction
LogPluginManager: Mounting plugin MagicLeap
LogPluginManager: Mounting plugin MagicLeapMedia
LogPluginManager: Mounting plugin AndroidMedia
LogPluginManager: Mounting plugin AvfMedia
LogPluginManager: Mounting plugin ImgMedia
LogPluginManager: Mounting plugin MediaCompositing
LogPluginManager: Mounting plugin MediaPlayerEditor
LogPluginManager: Mounting plugin WebMMedia
LogPluginManager: Mounting plugin WmfMedia
LogPluginManager: Mounting plugin TcpMessaging
LogPluginManager: Mounting plugin UdpMessaging
LogPluginManager: Mounting plugin ActorSequence
LogPluginManager: Mounting plugin LevelSequenceEditor
LogPluginManager: Mounting plugin MatineeToLevelSequence
LogPluginManager: Mounting plugin NetcodeUnitTest
LogPluginManager: Mounting plugin NUTUnrealEngine4
LogPluginManager: Mounting plugin OnlineSubsystemGooglePlay
LogPluginManager: Mounting plugin OnlineSubsystemIOS
LogPluginManager: Mounting plugin OnlineSubsystem
LogPluginManager: Mounting plugin OnlineSubsystemNull
LogPluginManager: Mounting plugin OnlineSubsystemUtils
LogPluginManager: Mounting plugin LauncherChunkInstaller
LogPluginManager: Mounting plugin AndroidDeviceProfileSelector
LogPluginManager: Mounting plugin AndroidMoviePlayer
LogPluginManager: Mounting plugin AndroidPermission
LogPluginManager: Mounting plugin AppleImageUtils
LogPluginManager: Mounting plugin AppleMoviePlayer
LogPluginManager: Mounting plugin ArchVisCharacter
LogPluginManager: Mounting plugin AudioCapture
LogPluginManager: Mounting plugin CableComponent
LogPluginManager: Mounting plugin CustomMeshComponent
LogPluginManager: Mounting plugin EditableMesh
LogPluginManager: Mounting plugin ExampleDeviceProfileSelector
LogPluginManager: Mounting plugin GoogleCloudMessaging
LogPluginManager: Mounting plugin IOSDeviceProfileSelector
LogPluginManager: Mounting plugin LinuxDeviceProfileSelector
LogPluginManager: Mounting plugin LocationServicesBPLibrary
LogPluginManager: Mounting plugin MobilePatchingUtils
LogPluginManager: Mounting plugin OculusVR
LogPluginManager: Mounting plugin PhysXVehicles
LogPluginManager: Mounting plugin ProceduralMeshComponent
LogPluginManager: Mounting plugin RuntimePhysXCooking
LogPluginManager: Mounting plugin SignificanceManager
LogPluginManager: Mounting plugin SteamVR
LogPluginManager: Mounting plugin WebMMoviePlayer
LogPluginManager: Mounting plugin WindowsMoviePlayer
LogPluginManager: Mounting plugin ScreenshotTools
LogInit: Using libcurl 7.55.1-DEV
LogInit:  - built for x86_64-pc-win32
LogInit:  - supports SSL with OpenSSL/1.1.1
LogInit:  - supports HTTP deflate (compression) using libz 1.2.8
LogInit:  - other features:
LogInit:      CURL_VERSION_SSL
LogInit:      CURL_VERSION_LIBZ
LogInit:      CURL_VERSION_IPV6
LogInit:      CURL_VERSION_ASYNCHDNS
LogInit:      CURL_VERSION_LARGEFILE
LogInit:      CURL_VERSION_IDN
LogInit:  CurlRequestOptions (configurable via config and command line):
LogInit:  - bVerifyPeer = true  - Libcurl will verify peer certificate
LogInit:  - bUseHttpProxy = false  - Libcurl will NOT use HTTP proxy
LogInit:  - bDontReuseConnections = false  - Libcurl will reuse connections
LogInit:  - MaxHostConnections = 16  - Libcurl will limit the number of connections to a host
LogInit:  - LocalHostAddr = Default
LogInit:  - BufferSize = 65536
LogOnline: OSS: Creating online subsystem instance for: NULL
LogInit: WinSock: version 1.1 (2.2), MaxSocks=32767, MaxUdp=65467
LogInit: Build: ++UE4+Release-4.23-CL-9631420
LogInit: Engine Version: 4.23.1-9631420+++UE4+Release-4.23
LogInit: Compatible Engine Version: 4.23.0-8386587+++UE4+Release-4.23
LogInit: Net CL: 8386587
LogInit: OS: Windows 10 (Release 1903) (), CPU: Intel(R) Core(TM) i7-7500U CPU @ 2.70GHz, GPU: Intel(R) HD Graphics 620
LogInit: Compiled (64-bit): Oct 18 2019 02:07:44
LogInit: Compiled with Visual C++: 19.16.27030.01
LogInit: Build Configuration: Development
LogInit: Branch Name: ++UE4+Release-4.23
LogInit: Command Line: 
LogInit: Base Directory: C:/Program Files/Epic Games/UE_4.23/Engine/Binaries/Win64/
LogInit: Installed Engine Build: 1
LogDevObjectVersion: Number of dev versions registered: 23
LogDevObjectVersion:   Dev-Blueprints (B0D832E4-1F89-4F0D-ACCF-7EB736FD4AA2): 10
LogDevObjectVersion:   Dev-Build (E1C64328-A22C-4D53-A36C-8E866417BD8C): 0
LogDevObjectVersion:   Dev-Core (375EC13C-06E4-48FB-B500-84F0262A717E): 3
LogDevObjectVersion:   Dev-Editor (E4B068ED-F494-42E9-A231-DA0B2E46BB41): 34
LogDevObjectVersion:   Dev-Framework (CFFC743F-43B0-4480-9391-14DF171D2073): 35
LogDevObjectVersion:   Dev-Mobile (B02B49B5-BB20-44E9-A304-32B752E40360): 2
LogDevObjectVersion:   Dev-Networking (A4E4105C-59A1-49B5-A7C5-40C4547EDFEE): 0
LogDevObjectVersion:   Dev-Online (39C831C9-5AE6-47DC-9A44-9C173E1C8E7C): 0
LogDevObjectVersion:   Dev-Physics (78F01B33-EBEA-4F98-B9B4-84EACCB95AA2): 0
LogDevObjectVersion:   Dev-Platform (6631380F-2D4D-43E0-8009-CF276956A95A): 0
LogDevObjectVersion:   Dev-Rendering (12F88B9F-8875-4AFC-A67C-D90C383ABD29): 31
LogDevObjectVersion:   Dev-Sequencer (7B5AE74C-D270-4C10-A958-57980B212A5A): 11
LogDevObjectVersion:   Dev-VR (D7296918-1DD6-4BDD-9DE2-64A83CC13884): 2
LogDevObjectVersion:   Dev-LoadTimes (C2A15278-BFE7-4AFE-6C17-90FF531DF755): 1
LogDevObjectVersion:   Private-Geometry (6EACA3D4-40EC-4CC1-B786-8BED09428FC5): 3
LogDevObjectVersion:   Dev-AnimPhys (29E575DD-E0A3-4627-9D10-D276232CDCEA): 17
LogDevObjectVersion:   Dev-Anim (AF43A65D-7FD3-4947-9873-3E8ED9C1BB05): 2
LogDevObjectVersion:   Dev-ReflectionCapture (6B266CEC-1EC7-4B8F-A30B-E4D90942FC07): 1
LogDevObjectVersion:   Dev-Automation (0DF73D61-A23F-47EA-B727-89E90C41499A): 1
LogDevObjectVersion:   FortniteMain (601D1886-AC64-4F84-AA16-D3DE0DEAC7D6): 27
LogDevObjectVersion:   Dev-Enterprise (9DFFBCD6-494F-0158-E221-12823C92A888): 6
LogDevObjectVersion:   Dev-Niagara (F2AED0AC-9AFE-416F-8664-AA7FFA26D6FC): 1
LogDevObjectVersion:   Dev-Destruction (174F1F0B-B4C6-45A5-B13F-2EE8D0FB917D): 9
LogInit: Presizing for max 16777216 objects, including 0 objects not considered by GC, pre-allocating 0 bytes for permanent pool.
LogInit: Object subsystem initialized
LogConfig: Setting CVar [[con.DebugEarlyDefault:1]]
LogConfig: Setting CVar [[r.setres:1280x720]]
[2020.01.28-13.44.34:147][  0]LogConfig: Setting CVar [[r.VSync:0]]
[2020.01.28-13.44.34:147][  0]LogConfig: Setting CVar [[r.RHICmdBypass:0]]
[2020.01.28-13.44.34:148][  0]LogConfig: Applying CVar settings from Section [/Script/Engine.RendererSettings] File [C:/Users/Dylan/Desktop/EPITECH/UNREAL/v1/WatchOut/WatchOut/Saved/Config/Windows/Engine.ini]
[2020.01.28-13.44.34:148][  0]LogConfig: Setting CVar [[r.GPUCrashDebugging:0]]
[2020.01.28-13.44.34:148][  0]LogConfig: Applying CVar settings from Section [/Script/Engine.RendererOverrideSettings] File [C:/Users/Dylan/Desktop/EPITECH/UNREAL/v1/WatchOut/WatchOut/Saved/Config/Windows/Engine.ini]
[2020.01.28-13.44.34:148][  0]LogConfig: Applying CVar settings from Section [/Script/Engine.StreamingSettings] File [C:/Users/Dylan/Desktop/EPITECH/UNREAL/v1/WatchOut/WatchOut/Saved/Config/Windows/Engine.ini]
[2020.01.28-13.44.34:148][  0]LogConfig: Setting CVar [[s.MinBulkDataSizeForAsyncLoading:131072]]
[2020.01.28-13.44.34:148][  0]LogConfig: Setting CVar [[s.AsyncLoadingThreadEnabled:0]]
[2020.01.28-13.44.34:148][  0]LogConfig: Setting CVar [[s.EventDrivenLoaderEnabled:1]]
[2020.01.28-13.44.34:148][  0]LogConfig: Setting CVar [[s.WarnIfTimeLimitExceeded:0]]
[2020.01.28-13.44.34:148][  0]LogConfig: Setting CVar [[s.TimeLimitExceededMultiplier:1.5]]
[2020.01.28-13.44.34:148][  0]LogConfig: Setting CVar [[s.TimeLimitExceededMinTime:0.005]]
[2020.01.28-13.44.34:148][  0]LogConfig: Setting CVar [[s.UseBackgroundLevelStreaming:1]]
[2020.01.28-13.44.34:148][  0]LogConfig: Setting CVar [[s.PriorityAsyncLoadingExtraTime:15.0]]
[2020.01.28-13.44.34:148][  0]LogConfig: Setting CVar [[s.LevelStreamingActorsUpdateTimeLimit:5.0]]
[2020.01.28-13.44.34:148][  0]LogConfig: Setting CVar [[s.PriorityLevelStreamingActorsUpdateExtraTime:5.0]]
[2020.01.28-13.44.34:148][  0]LogConfig: Setting CVar [[s.LevelStreamingComponentsRegistrationGranularity:10]]
[2020.01.28-13.44.34:148][  0]LogConfig: Setting CVar [[s.UnregisterComponentsTimeLimit:1.0]]
[2020.01.28-13.44.34:148][  0]LogConfig: Setting CVar [[s.LevelStreamingComponentsUnregistrationGranularity:5]]
[2020.01.28-13.44.34:148][  0]LogConfig: Applying CVar settings from Section [/Script/Engine.GarbageCollectionSettings] File [C:/Users/Dylan/Desktop/EPITECH/UNREAL/v1/WatchOut/WatchOut/Saved/Config/Windows/Engine.ini]
[2020.01.28-13.44.34:148][  0]LogConfig: Setting CVar [[gc.MaxObjectsNotConsideredByGC:1]]
[2020.01.28-13.44.34:148][  0]LogConfig: Setting CVar [[gc.SizeOfPermanentObjectPool:0]]
[2020.01.28-13.44.34:148][  0]LogConfig: Setting CVar [[gc.FlushStreamingOnGC:0]]
[2020.01.28-13.44.34:148][  0]LogConfig: Setting CVar [[gc.NumRetriesBeforeForcingGC:10]]
[2020.01.28-13.44.34:148][  0]LogConfig: Setting CVar [[gc.AllowParallelGC:1]]
[2020.01.28-13.44.34:148][  0]LogConfig: Setting CVar [[gc.TimeBetweenPurgingPendingKillObjects:61.1]]
[2020.01.28-13.44.34:148][  0]LogConfig: Setting CVar [[gc.MaxObjectsInEditor:16777216]]
[2020.01.28-13.44.34:149][  0]LogConfig: Setting CVar [[gc.IncrementalBeginDestroyEnabled:1]]
[2020.01.28-13.44.34:149][  0]LogConfig: Setting CVar [[gc.CreateGCClusters:1]]
[2020.01.28-13.44.34:149][  0]LogConfig: Setting CVar [[gc.MinGCClusterSize:5]]
[2020.01.28-13.44.34:149][  0]LogConfig: Setting CVar [[gc.ActorClusteringEnabled:0]]
[2020.01.28-13.44.34:149][  0]LogConfig: Setting CVar [[gc.BlueprintClusteringEnabled:0]]
[2020.01.28-13.44.34:149][  0]LogConfig: Setting CVar [[gc.UseDisregardForGCOnDedicatedServers:0]]
[2020.01.28-13.44.34:149][  0]LogConfig: Applying CVar settings from Section [/Script/Engine.NetworkSettings] File [C:/Users/Dylan/Desktop/EPITECH/UNREAL/v1/WatchOut/WatchOut/Saved/Config/Windows/Engine.ini]
[2020.01.28-13.44.34:149][  0]LogConfig: Applying CVar settings from Section [/Script/UnrealEd.CookerSettings] File [C:/Users/Dylan/Desktop/EPITECH/UNREAL/v1/WatchOut/WatchOut/Saved/Config/Windows/Engine.ini]
[2020.01.28-13.44.34:157][  0]LogConfig: Applying CVar settings from Section [ViewDistanceQuality@3] File [C:/Users/Dylan/Desktop/EPITECH/UNREAL/v1/WatchOut/WatchOut/Saved/Config/Windows/Scalability.ini]
[2020.01.28-13.44.34:157][  0]LogConfig: Setting CVar [[r.SkeletalMeshLODBias:0]]
[2020.01.28-13.44.34:157][  0]LogConfig: Setting CVar [[r.ViewDistanceScale:1.0]]
[2020.01.28-13.44.34:157][  0]LogConfig: Applying CVar settings from Section [AntiAliasingQuality@3] File [C:/Users/Dylan/Desktop/EPITECH/UNREAL/v1/WatchOut/WatchOut/Saved/Config/Windows/Scalability.ini]
[2020.01.28-13.44.34:157][  0]LogConfig: Setting CVar [[r.PostProcessAAQuality:4]]
[2020.01.28-13.44.34:157][  0]LogConfig: Applying CVar settings from Section [ShadowQuality@3] File [C:/Users/Dylan/Desktop/EPITECH/UNREAL/v1/WatchOut/WatchOut/Saved/Config/Windows/Scalability.ini]
[2020.01.28-13.44.34:158][  0]LogConfig: Setting CVar [[r.LightFunctionQuality:1]]
[2020.01.28-13.44.34:158][  0]LogConfig: Setting CVar [[r.ShadowQuality:5]]
[2020.01.28-13.44.34:158][  0]LogConfig: Setting CVar [[r.Shadow.CSM.MaxCascades:10]]
[2020.01.28-13.44.34:158][  0]LogConfig: Setting CVar [[r.Shadow.MaxResolution:2048]]
[2020.01.28-13.44.34:158][  0]LogConfig: Setting CVar [[r.Shadow.MaxCSMResolution:2048]]
[2020.01.28-13.44.34:158][  0]LogConfig: Setting CVar [[r.Shadow.RadiusThreshold:0.01]]
[2020.01.28-13.44.34:158][  0]LogConfig: Setting CVar [[r.Shadow.DistanceScale:1.0]]
[2020.01.28-13.44.34:158][  0]LogConfig: Setting CVar [[r.Shadow.CSM.TransitionScale:1.0]]
[2020.01.28-13.44.34:158][  0]LogConfig: Setting CVar [[r.Shadow.PreShadowResolutionFactor:1.0]]
[2020.01.28-13.44.34:158][  0]LogConfig: Setting CVar [[r.DistanceFieldShadowing:1]]
[2020.01.28-13.44.34:158][  0]LogConfig: Setting CVar [[r.DistanceFieldAO:1]]
[2020.01.28-13.44.34:158][  0]LogConfig: Setting CVar [[r.AOQuality:2]]
[2020.01.28-13.44.34:158][  0]LogConfig: Setting CVar [[r.VolumetricFog:1]]
[2020.01.28-13.44.34:158][  0]LogConfig: Setting CVar [[r.VolumetricFog.GridPixelSize:8]]
[2020.01.28-13.44.34:158][  0]LogConfig: Setting CVar [[r.VolumetricFog.GridSizeZ:128]]
[2020.01.28-13.44.34:158][  0]LogConfig: Setting CVar [[r.VolumetricFog.HistoryMissSupersampleCount:4]]
[2020.01.28-13.44.34:158][  0]LogConfig: Setting CVar [[r.LightMaxDrawDistanceScale:1]]
[2020.01.28-13.44.34:158][  0]LogConfig: Setting CVar [[r.CapsuleShadows:1]]
[2020.01.28-13.44.34:158][  0]LogConfig: Applying CVar settings from Section [PostProcessQuality@3] File [C:/Users/Dylan/Desktop/EPITECH/UNREAL/v1/WatchOut/WatchOut/Saved/Config/Windows/Scalability.ini]
[2020.01.28-13.44.34:158][  0]LogConfig: Setting CVar [[r.MotionBlurQuality:4]]
[2020.01.28-13.44.34:158][  0]LogConfig: Setting CVar [[r.AmbientOcclusionMipLevelFactor:0.4]]
[2020.01.28-13.44.34:158][  0]LogConfig: Setting CVar [[r.AmbientOcclusionMaxQuality:100]]
[2020.01.28-13.44.34:158][  0]LogConfig: Setting CVar [[r.AmbientOcclusionLevels:-1]]
[2020.01.28-13.44.34:158][  0]LogConfig: Setting CVar [[r.AmbientOcclusionRadiusScale:1.0]]
[2020.01.28-13.44.34:158][  0]LogConfig: Setting CVar [[r.DepthOfFieldQuality:2]]
[2020.01.28-13.44.34:158][  0]LogConfig: Setting CVar [[r.RenderTargetPoolMin:400]]
[2020.01.28-13.44.34:158][  0]LogConfig: Setting CVar [[r.LensFlareQuality:2]]
[2020.01.28-13.44.34:158][  0]LogConfig: Setting CVar [[r.SceneColorFringeQuality:1]]
[2020.01.28-13.44.34:158][  0]LogConfig: Setting CVar [[r.EyeAdaptationQuality:2]]
[2020.01.28-13.44.34:158][  0]LogConfig: Setting CVar [[r.BloomQuality:5]]
[2020.01.28-13.44.34:158][  0]LogConfig: Setting CVar [[r.FastBlurThreshold:100]]
[2020.01.28-13.44.34:158][  0]LogConfig: Setting CVar [[r.Upscale.Quality:3]]
[2020.01.28-13.44.34:158][  0]LogConfig: Setting CVar [[r.Tonemapper.GrainQuantization:1]]
[2020.01.28-13.44.34:158][  0]LogConfig: Setting CVar [[r.LightShaftQuality:1]]
[2020.01.28-13.44.34:158][  0]LogConfig: Setting CVar [[r.Filter.SizeScale:1]]
[2020.01.28-13.44.34:158][  0]LogConfig: Setting CVar [[r.Tonemapper.Quality:5]]
[2020.01.28-13.44.34:158][  0]LogConfig: Setting CVar [[r.DOF.Gather.AccumulatorQuality:1        ; higher gathering accumulator quality]]
[2020.01.28-13.44.34:158][  0]LogConfig: Setting CVar [[r.DOF.Gather.PostfilterMethod:1          ; Median3x3 postfilering method]]
[2020.01.28-13.44.34:158][  0]LogConfig: Setting CVar [[r.DOF.Gather.EnableBokehSettings:0       ; no bokeh simulation when gathering]]
[2020.01.28-13.44.34:158][  0]LogConfig: Setting CVar [[r.DOF.Gather.RingCount:4                 ; medium number of samples when gathering]]
[2020.01.28-13.44.34:158][  0]LogConfig: Setting CVar [[r.DOF.Scatter.ForegroundCompositing:1    ; additive foreground scattering]]
[2020.01.28-13.44.34:158][  0]LogConfig: Setting CVar [[r.DOF.Scatter.BackgroundCompositing:2    ; additive background scattering]]
[2020.01.28-13.44.34:158][  0]LogConfig: Setting CVar [[r.DOF.Scatter.EnableBokehSettings:1      ; bokeh simulation when scattering]]
[2020.01.28-13.44.34:158][  0]LogConfig: Setting CVar [[r.DOF.Scatter.MaxSpriteRatio:0.1         ; only a maximum of 10% of scattered bokeh]]
[2020.01.28-13.44.34:158][  0]LogConfig: Setting CVar [[r.DOF.Recombine.Quality:1                ; cheap slight out of focus]]
[2020.01.28-13.44.34:159][  0]LogConfig: Setting CVar [[r.DOF.Recombine.EnableBokehSettings:0    ; no bokeh simulation on slight out of focus]]
[2020.01.28-13.44.34:159][  0]LogConfig: Setting CVar [[r.DOF.TemporalAAQuality:1                ; more stable temporal accumulation]]
[2020.01.28-13.44.34:159][  0]LogConfig: Setting CVar [[r.DOF.Kernel.MaxForegroundRadius:0.025]]
[2020.01.28-13.44.34:159][  0]LogConfig: Setting CVar [[r.DOF.Kernel.MaxBackgroundRadius:0.025]]
[2020.01.28-13.44.34:159][  0]LogConfig: Applying CVar settings from Section [TextureQuality@3] File [C:/Users/Dylan/Desktop/EPITECH/UNREAL/v1/WatchOut/WatchOut/Saved/Config/Windows/Scalability.ini]
[2020.01.28-13.44.34:159][  0]LogConfig: Setting CVar [[r.Streaming.MipBias:0]]
[2020.01.28-13.44.34:159][  0]LogConfig: Setting CVar [[r.Streaming.AmortizeCPUToGPUCopy:0]]
[2020.01.28-13.44.34:159][  0]LogConfig: Setting CVar [[r.Streaming.MaxNumTexturesToStreamPerFrame:0]]
[2020.01.28-13.44.34:159][  0]LogConfig: Setting CVar [[r.Streaming.Boost:1]]
[2020.01.28-13.44.34:159][  0]LogConfig: Setting CVar [[r.MaxAnisotropy:8]]
[2020.01.28-13.44.34:159][  0]LogConfig: Setting CVar [[r.Streaming.LimitPoolSizeToVRAM:0]]
[2020.01.28-13.44.34:159][  0]LogConfig: Setting CVar [[r.Streaming.PoolSize:1000]]
[2020.01.28-13.44.34:159][  0]LogConfig: Setting CVar [[r.Streaming.MaxEffectiveScreenSize:0]]
[2020.01.28-13.44.34:159][  0]LogConfig: Applying CVar settings from Section [EffectsQuality@3] File [C:/Users/Dylan/Desktop/EPITECH/UNREAL/v1/WatchOut/WatchOut/Saved/Config/Windows/Scalability.ini]
[2020.01.28-13.44.34:159][  0]LogConfig: Setting CVar [[r.TranslucencyLightingVolumeDim:64]]
[2020.01.28-13.44.34:159][  0]LogConfig: Setting CVar [[r.RefractionQuality:2]]
[2020.01.28-13.44.34:159][  0]LogConfig: Setting CVar [[r.SSR.Quality:3]]
[2020.01.28-13.44.34:159][  0]LogConfig: Setting CVar [[r.SceneColorFormat:4]]
[2020.01.28-13.44.34:159][  0]LogConfig: Setting CVar [[r.DetailMode:2]]
[2020.01.28-13.44.34:159][  0]LogConfig: Setting CVar [[r.TranslucencyVolumeBlur:1]]
[2020.01.28-13.44.34:159][  0]LogConfig: Setting CVar [[r.MaterialQualityLevel:1 ; High quality]]
[2020.01.28-13.44.34:159][  0]LogConfig: Setting CVar [[r.SSS.Scale:1]]
[2020.01.28-13.44.34:159][  0]LogConfig: Setting CVar [[r.SSS.SampleSet:2]]
[2020.01.28-13.44.34:159][  0]LogConfig: Setting CVar [[r.SSS.Quality:1]]
[2020.01.28-13.44.34:159][  0]LogConfig: Setting CVar [[r.SSS.HalfRes:1]]
[2020.01.28-13.44.34:159][  0]LogConfig: Setting CVar [[r.EmitterSpawnRateScale:1.0]]
[2020.01.28-13.44.34:159][  0]LogConfig: Setting CVar [[r.ParticleLightQuality:2]]
[2020.01.28-13.44.34:159][  0]LogConfig: Applying CVar settings from Section [FoliageQuality@3] File [C:/Users/Dylan/Desktop/EPITECH/UNREAL/v1/WatchOut/WatchOut/Saved/Config/Windows/Scalability.ini]
[2020.01.28-13.44.34:159][  0]LogConfig: Setting CVar [[foliage.DensityScale:1.0]]
[2020.01.28-13.44.34:159][  0]LogConfig: Setting CVar [[grass.DensityScale:1.0]]
[2020.01.28-13.44.34:160][  0]LogInit: Selected Device Profile: [Windows]
[2020.01.28-13.44.34:160][  0]LogInit: Applying CVar settings loaded from the selected device profile: [Windows]
[2020.01.28-13.44.34:177][  0]LogHAL: Display: Platform has ~ 8 GB [8480210944 / 8589934592 / 8], which maps to Default [LargestMinGB=32, LargerMinGB=12, DefaultMinGB=8, SmallerMinGB=6, SmallestMinGB=0)
[2020.01.28-13.44.34:177][  0]LogInit: Going up to parent DeviceProfile []
[2020.01.28-13.44.34:178][  0]LogConfig: Applying CVar settings from Section [ViewDistanceQuality@0] File [C:/Users/Dylan/Desktop/EPITECH/UNREAL/v1/WatchOut/WatchOut/Saved/Config/Windows/Scalability.ini]
[2020.01.28-13.44.34:178][  0]LogConfig: Setting CVar [[r.SkeletalMeshLODBias:2]]
[2020.01.28-13.44.34:178][  0]LogConfig: Setting CVar [[r.ViewDistanceScale:0.4]]
[2020.01.28-13.44.34:178][  0]LogConfig: Applying CVar settings from Section [AntiAliasingQuality@0] File [C:/Users/Dylan/Desktop/EPITECH/UNREAL/v1/WatchOut/WatchOut/Saved/Config/Windows/Scalability.ini]
[2020.01.28-13.44.34:178][  0]LogConfig: Setting CVar [[r.PostProcessAAQuality:0]]
[2020.01.28-13.44.34:178][  0]LogConfig: Applying CVar settings from Section [ShadowQuality@0] File [C:/Users/Dylan/Desktop/EPITECH/UNREAL/v1/WatchOut/WatchOut/Saved/Config/Windows/Scalability.ini]
[2020.01.28-13.44.34:178][  0]LogConfig: Setting CVar [[r.LightFunctionQuality:0]]
[2020.01.28-13.44.34:178][  0]LogConfig: Setting CVar [[r.ShadowQuality:0]]
[2020.01.28-13.44.34:178][  0]LogConfig: Setting CVar [[r.Shadow.CSM.MaxCascades:1]]
[2020.01.28-13.44.34:178][  0]LogConfig: Setting CVar [[r.Shadow.MaxResolution:512]]
[2020.01.28-13.44.34:178][  0]LogConfig: Setting CVar [[r.Shadow.MaxCSMResolution:512]]
[2020.01.28-13.44.34:178][  0]LogConfig: Setting CVar [[r.Shadow.RadiusThreshold:0.06]]
[2020.01.28-13.44.34:178][  0]LogConfig: Setting CVar [[r.Shadow.DistanceScale:0.6]]
[2020.01.28-13.44.34:178][  0]LogConfig: Setting CVar [[r.Shadow.CSM.TransitionScale:0]]
[2020.01.28-13.44.34:178][  0]LogConfig: Setting CVar [[r.Shadow.PreShadowResolutionFactor:0.5]]
[2020.01.28-13.44.34:178][  0]LogConfig: Setting CVar [[r.DistanceFieldShadowing:0]]
[2020.01.28-13.44.34:178][  0]LogConfig: Setting CVar [[r.DistanceFieldAO:0]]
[2020.01.28-13.44.34:178][  0]LogConfig: Setting CVar [[r.VolumetricFog:0]]
[2020.01.28-13.44.34:178][  0]LogConfig: Setting CVar [[r.LightMaxDrawDistanceScale:0]]
[2020.01.28-13.44.34:178][  0]LogConfig: Setting CVar [[r.CapsuleShadows:0]]
[2020.01.28-13.44.34:178][  0]LogConfig: Applying CVar settings from Section [PostProcessQuality@0] File [C:/Users/Dylan/Desktop/EPITECH/UNREAL/v1/WatchOut/WatchOut/Saved/Config/Windows/Scalability.ini]
[2020.01.28-13.44.34:178][  0]LogConfig: Setting CVar [[r.MotionBlurQuality:0]]
[2020.01.28-13.44.34:178][  0]LogConfig: Setting CVar [[r.AmbientOcclusionMipLevelFactor:1.0]]
[2020.01.28-13.44.34:179][  0]LogConfig: Setting CVar [[r.AmbientOcclusionMaxQuality:0]]
[2020.01.28-13.44.34:179][  0]LogConfig: Setting CVar [[r.AmbientOcclusionLevels:0]]
[2020.01.28-13.44.34:179][  0]LogConfig: Setting CVar [[r.AmbientOcclusionRadiusScale:1.2]]
[2020.01.28-13.44.34:179][  0]LogConfig: Setting CVar [[r.DepthOfFieldQuality:0]]
[2020.01.28-13.44.34:179][  0]LogConfig: Setting CVar [[r.RenderTargetPoolMin:300]]
[2020.01.28-13.44.34:179][  0]LogConfig: Setting CVar [[r.LensFlareQuality:0]]
[2020.01.28-13.44.34:179][  0]LogConfig: Setting CVar [[r.SceneColorFringeQuality:0]]
[2020.01.28-13.44.34:179][  0]LogConfig: Setting CVar [[r.EyeAdaptationQuality:0]]
[2020.01.28-13.44.34:179][  0]LogConfig: Setting CVar [[r.BloomQuality:4]]
[2020.01.28-13.44.34:179][  0]LogConfig: Setting CVar [[r.FastBlurThreshold:0]]
[2020.01.28-13.44.34:179][  0]LogConfig: Setting CVar [[r.Upscale.Quality:1]]
[2020.01.28-13.44.34:179][  0]LogConfig: Setting CVar [[r.Tonemapper.GrainQuantization:0]]
[2020.01.28-13.44.34:179][  0]LogConfig: Setting CVar [[r.LightShaftQuality:0]]
[2020.01.28-13.44.34:179][  0]LogConfig: Setting CVar [[r.Filter.SizeScale:0.6]]
[2020.01.28-13.44.34:179][  0]LogConfig: Setting CVar [[r.Tonemapper.Quality:0]]
[2020.01.28-13.44.34:179][  0]LogConfig: Applying CVar settings from Section [TextureQuality@0] File [C:/Users/Dylan/Desktop/EPITECH/UNREAL/v1/WatchOut/WatchOut/Saved/Config/Windows/Scalability.ini]
[2020.01.28-13.44.34:179][  0]LogConfig: Setting CVar [[r.Streaming.MipBias:16]]
[2020.01.28-13.44.34:179][  0]LogConfig: Setting CVar [[r.Streaming.AmortizeCPUToGPUCopy:1]]
[2020.01.28-13.44.34:179][  0]LogConfig: Setting CVar [[r.Streaming.MaxNumTexturesToStreamPerFrame:1]]
[2020.01.28-13.44.34:179][  0]LogConfig: Setting CVar [[r.Streaming.Boost:0.3]]
[2020.01.28-13.44.34:179][  0]LogConfig: Setting CVar [[r.MaxAnisotropy:0]]
[2020.01.28-13.44.34:179][  0]LogConfig: Setting CVar [[r.Streaming.LimitPoolSizeToVRAM:1]]
[2020.01.28-13.44.34:179][  0]LogConfig: Setting CVar [[r.Streaming.PoolSize:400]]
[2020.01.28-13.44.34:179][  0]LogConfig: Setting CVar [[r.Streaming.MaxEffectiveScreenSize:0]]
[2020.01.28-13.44.34:179][  0]LogConfig: Applying CVar settings from Section [EffectsQuality@0] File [C:/Users/Dylan/Desktop/EPITECH/UNREAL/v1/WatchOut/WatchOut/Saved/Config/Windows/Scalability.ini]
[2020.01.28-13.44.34:179][  0]LogConfig: Setting CVar [[r.TranslucencyLightingVolumeDim:24]]
[2020.01.28-13.44.34:179][  0]LogConfig: Setting CVar [[r.RefractionQuality:0]]
[2020.01.28-13.44.34:179][  0]LogConfig: Setting CVar [[r.SSR.Quality:0]]
[2020.01.28-13.44.34:179][  0]LogConfig: Setting CVar [[r.SceneColorFormat:3]]
[2020.01.28-13.44.34:179][  0]LogConfig: Setting CVar [[r.DetailMode:0]]
[2020.01.28-13.44.34:179][  0]LogConfig: Setting CVar [[r.TranslucencyVolumeBlur:0]]
[2020.01.28-13.44.34:179][  0]LogConfig: Setting CVar [[r.MaterialQualityLevel:0 ; Low quality]]
[2020.01.28-13.44.34:179][  0]LogConfig: Setting CVar [[r.SSS.Scale:0]]
[2020.01.28-13.44.34:179][  0]LogConfig: Setting CVar [[r.SSS.SampleSet:0]]
[2020.01.28-13.44.34:179][  0]LogConfig: Setting CVar [[r.SSS.Quality:0]]
[2020.01.28-13.44.34:179][  0]LogConfig: Setting CVar [[r.SSS.HalfRes:1]]
[2020.01.28-13.44.34:179][  0]LogConfig: Setting CVar [[r.EmitterSpawnRateScale:0.125]]
[2020.01.28-13.44.34:179][  0]LogConfig: Setting CVar [[r.ParticleLightQuality:0]]
[2020.01.28-13.44.34:179][  0]LogConfig: Applying CVar settings from Section [FoliageQuality@0] File [C:/Users/Dylan/Desktop/EPITECH/UNREAL/v1/WatchOut/WatchOut/Saved/Config/Windows/Scalability.ini]
[2020.01.28-13.44.34:179][  0]LogConfig: Setting CVar [[foliage.DensityScale:0]]
[2020.01.28-13.44.34:179][  0]LogConfig: Setting CVar [[grass.DensityScale:0]]
[2020.01.28-13.44.34:179][  0]LogConfig: Applying CVar settings from Section [Startup] File [../../../Engine/Config/ConsoleVariables.ini]
[2020.01.28-13.44.34:190][  0]LogConfig: Setting CVar [[net.UseAdaptiveNetUpdateFrequency:0]]
[2020.01.28-13.44.34:190][  0]LogConfig: Setting CVar [[p.chaos.AllowCreatePhysxBodies:1]]
[2020.01.28-13.44.34:190][  0]LogConfig: Applying CVar settings from Section [ConsoleVariables] File [C:/Users/Dylan/Desktop/EPITECH/UNREAL/v1/WatchOut/WatchOut/Saved/Config/Windows/Engine.ini]
[2020.01.28-13.44.34:193][  0]LogInit: Computer: DESKTOP-L9TU9HC
[2020.01.28-13.44.34:193][  0]LogInit: User: Dylan
[2020.01.28-13.44.34:193][  0]LogInit: CPU Page size=4096, Cores=2
[2020.01.28-13.44.34:193][  0]LogInit: High frequency timer resolution =10.000000 MHz
[2020.01.28-13.44.34:194][  0]LogMemory: Memory total: Physical=7.9GB (8GB approx)
[2020.01.28-13.44.34:194][  0]LogMemory: Platform Memory Stats for Windows
[2020.01.28-13.44.34:194][  0]LogMemory: Process Physical Memory: 100.78 MB used, 100.78 MB peak
[2020.01.28-13.44.34:194][  0]LogMemory: Process Virtual Memory: 99.81 MB used, 99.81 MB peak
[2020.01.28-13.44.34:194][  0]LogMemory: Physical Memory: 5824.76 MB used,  2262.60 MB free, 8087.36 MB total
[2020.01.28-13.44.34:194][  0]LogMemory: Virtual Memory: 4651.56 MB used,  134213080.00 MB free, 134217728.00 MB total
[2020.01.28-13.44.34:200][  0]LogWindows: WindowsPlatformFeatures enabled
[2020.01.28-13.44.34:604][  0]LogInit: Using OS detected language (fr-FR).
[2020.01.28-13.44.34:604][  0]LogInit: Using OS detected locale (en-GB).
[2020.01.28-13.44.34:615][  0]LogTextLocalizationManager: No specific localization for 'fr-FR' exists, so the 'fr' localization will be used.
[2020.01.28-13.44.34:616][  0]LogTextLocalizationResource: LocRes '../../../Engine/Content/Localization/Editor/fr/Editor.locres' could not be opened for reading!
[2020.01.28-13.44.34:616][  0]LogTextLocalizationResource: LocRes '../../../Engine/Content/Localization/EditorTutorials/fr/EditorTutorials.locres' could not be opened for reading!
[2020.01.28-13.44.34:617][  0]LogTextLocalizationResource: LocRes '../../../Engine/Content/Localization/Keywords/fr/Keywords.locres' could not be opened for reading!
[2020.01.28-13.44.34:617][  0]LogTextLocalizationResource: LocRes '../../../Engine/Content/Localization/Category/fr/Category.locres' could not be opened for reading!
[2020.01.28-13.44.34:617][  0]LogTextLocalizationResource: LocRes '../../../Engine/Content/Localization/ToolTips/fr/ToolTips.locres' could not be opened for reading!
[2020.01.28-13.44.34:618][  0]LogTextLocalizationResource: LocRes '../../../Engine/Content/Localization/PropertyNames/fr/PropertyNames.locres' could not be opened for reading!
[2020.01.28-13.44.34:618][  0]LogTextLocalizationResource: LocRes '../../../Engine/Content/Localization/Engine/fr/Engine.locres' could not be opened for reading!
[2020.01.28-13.44.34:645][  0]LogInit: Setting process to per monitor DPI aware
[2020.01.28-13.44.34:849][  0]LogSlate: New Slate User Created.  User Index 0, Is Virtual User: 0
[2020.01.28-13.44.34:849][  0]LogSlate: Slate User Registered.  User Index 0, Is Virtual User: 0
[2020.01.28-13.44.38:883][  0]LogHMD: Failed to initialize OpenVR with code 110
[2020.01.28-13.44.38:883][  0]LogD3D11RHI: D3D11 adapters:
[2020.01.28-13.44.39:023][  0]LogD3D11RHI:    0. 'Intel(R) HD Graphics 620' (Feature Level 11_0)
[2020.01.28-13.44.39:023][  0]LogD3D11RHI:       128/0/4043 MB DedicatedVideo/DedicatedSystem/SharedSystem, Outputs:1, VendorId:0x8086
[2020.01.28-13.44.39:030][  0]LogD3D11RHI:    1. 'Microsoft Basic Render Driver' (Feature Level 11_0)
[2020.01.28-13.44.39:030][  0]LogD3D11RHI:       0/0/4043 MB DedicatedVideo/DedicatedSystem/SharedSystem, Outputs:0, VendorId:0x1414
[2020.01.28-13.44.39:030][  0]LogD3D11RHI: Chosen D3D11 Adapter: 0
[2020.01.28-13.44.39:043][  0]LogD3D11RHI: Creating new Direct3DDevice
[2020.01.28-13.44.39:044][  0]LogD3D11RHI:     GPU DeviceId: 0x5916 (for the marketing name, search the web for "GPU Device Id")
[2020.01.28-13.44.39:044][  0]LogWindows: EnumDisplayDevices:
[2020.01.28-13.44.39:044][  0]LogWindows:    0. 'Intel(R) HD Graphics 620' (P:1 D:1)
[2020.01.28-13.44.39:045][  0]LogWindows:    1. 'Intel(R) HD Graphics 620' (P:0 D:0)
[2020.01.28-13.44.39:045][  0]LogWindows:    2. 'Intel(R) HD Graphics 620' (P:0 D:0)
[2020.01.28-13.44.39:045][  0]LogWindows: DebugString: FoundDriverCount:3 
[2020.01.28-13.44.39:045][  0]LogD3D11RHI:     Adapter Name: Intel(R) HD Graphics 620
[2020.01.28-13.44.39:046][  0]LogD3D11RHI:   Driver Version: 23.20.16.4973 (internal:23.20.16.4973, unified:23.20.16.4973)
[2020.01.28-13.44.39:046][  0]LogD3D11RHI:      Driver Date: 2-28-2018
[2020.01.28-13.44.39:046][  0]LogRHI: Texture pool is 1504 MB (70% of 2149 MB)
[2020.01.28-13.44.39:112][  0]LogD3D11RHI: Async texture creation enabled
[2020.01.28-13.44.39:143][  0]LogD3D11RHI: GPU Timing Frequency: 12.000048 (Debug: 2 0)
[2020.01.28-13.44.39:915][  0]LogTemp: Display: Module 'AllDesktopTargetPlatform' loaded TargetPlatform 'AllDesktop'
[2020.01.28-13.44.39:943][  0]LogTemp: Display: Module 'MacClientTargetPlatform' loaded TargetPlatform 'MacClient'
[2020.01.28-13.44.39:967][  0]LogTemp: Display: Module 'MacNoEditorTargetPlatform' loaded TargetPlatform 'MacNoEditor'
[2020.01.28-13.44.39:989][  0]LogTemp: Display: Module 'MacServerTargetPlatform' loaded TargetPlatform 'MacServer'
[2020.01.28-13.44.40:008][  0]LogTemp: Display: Module 'MacTargetPlatform' loaded TargetPlatform 'Mac'
[2020.01.28-13.44.40:021][  0]LogTemp: Display: Module 'WindowsClientTargetPlatform' loaded TargetPlatform 'WindowsClient'
[2020.01.28-13.44.40:033][  0]LogTemp: Display: Module 'WindowsNoEditorTargetPlatform' loaded TargetPlatform 'WindowsNoEditor'
[2020.01.28-13.44.40:049][  0]LogTemp: Display: Module 'WindowsServerTargetPlatform' loaded TargetPlatform 'WindowsServer'
[2020.01.28-13.44.40:060][  0]LogTemp: Display: Module 'WindowsTargetPlatform' loaded TargetPlatform 'Windows'
[2020.01.28-13.44.40:134][  0]LogTemp: Display: Module 'AndroidTargetPlatform' loaded TargetPlatform 'Android'
[2020.01.28-13.44.40:134][  0]LogTemp: Display: Module 'AndroidTargetPlatform' loaded TargetPlatform 'Android_ASTC'
[2020.01.28-13.44.40:134][  0]LogTemp: Display: Module 'AndroidTargetPlatform' loaded TargetPlatform 'Android_ATC'
[2020.01.28-13.44.40:134][  0]LogTemp: Display: Module 'AndroidTargetPlatform' loaded TargetPlatform 'Android_DXT'
[2020.01.28-13.44.40:134][  0]LogTemp: Display: Module 'AndroidTargetPlatform' loaded TargetPlatform 'Android_ETC1'
[2020.01.28-13.44.40:134][  0]LogTemp: Display: Module 'AndroidTargetPlatform' loaded TargetPlatform 'Android_ETC1a'
[2020.01.28-13.44.40:134][  0]LogTemp: Display: Module 'AndroidTargetPlatform' loaded TargetPlatform 'Android_ETC2'
[2020.01.28-13.44.40:134][  0]LogTemp: Display: Module 'AndroidTargetPlatform' loaded TargetPlatform 'Android_PVRTC'
[2020.01.28-13.44.40:134][  0]LogTemp: Display: Module 'AndroidTargetPlatform' loaded TargetPlatform 'AndroidClient'
[2020.01.28-13.44.40:134][  0]LogTemp: Display: Module 'AndroidTargetPlatform' loaded TargetPlatform 'Android_ASTCClient'
[2020.01.28-13.44.40:134][  0]LogTemp: Display: Module 'AndroidTargetPlatform' loaded TargetPlatform 'Android_ATCClient'
[2020.01.28-13.44.40:134][  0]LogTemp: Display: Module 'AndroidTargetPlatform' loaded TargetPlatform 'Android_DXTClient'
[2020.01.28-13.44.40:134][  0]LogTemp: Display: Module 'AndroidTargetPlatform' loaded TargetPlatform 'Android_ETC1Client'
[2020.01.28-13.44.40:134][  0]LogTemp: Display: Module 'AndroidTargetPlatform' loaded TargetPlatform 'Android_ETC1aClient'
[2020.01.28-13.44.40:134][  0]LogTemp: Display: Module 'AndroidTargetPlatform' loaded TargetPlatform 'Android_ETC2Client'
[2020.01.28-13.44.40:134][  0]LogTemp: Display: Module 'AndroidTargetPlatform' loaded TargetPlatform 'Android_PVRTCClient'
[2020.01.28-13.44.40:134][  0]LogTemp: Display: Module 'AndroidTargetPlatform' loaded TargetPlatform 'Android_Multi'
[2020.01.28-13.44.40:134][  0]LogTemp: Display: Module 'AndroidTargetPlatform' loaded TargetPlatform 'Android_MultiClient'
[2020.01.28-13.44.40:140][  0]LogTemp: Display: Module 'HTML5TargetPlatform' loaded TargetPlatform 'HTML5'
[2020.01.28-13.44.40:187][  0]LogTemp: Display: Module 'IOSTargetPlatform' loaded TargetPlatform 'IOSClient'
[2020.01.28-13.44.40:187][  0]LogTemp: Display: Module 'IOSTargetPlatform' loaded TargetPlatform 'IOS'
[2020.01.28-13.44.40:214][  0]LogTemp: Display: Module 'TVOSTargetPlatform' loaded TargetPlatform 'TVOSClient'
[2020.01.28-13.44.40:214][  0]LogTemp: Display: Module 'TVOSTargetPlatform' loaded TargetPlatform 'TVOS'
[2020.01.28-13.44.40:228][  0]LogTemp: Display: Module 'LinuxClientTargetPlatform' loaded TargetPlatform 'LinuxClient'
[2020.01.28-13.44.40:245][  0]LogTemp: Display: Module 'LinuxNoEditorTargetPlatform' loaded TargetPlatform 'LinuxNoEditor'
[2020.01.28-13.44.40:261][  0]LogTemp: Display: Module 'LinuxServerTargetPlatform' loaded TargetPlatform 'LinuxServer'
[2020.01.28-13.44.40:287][  0]LogTemp: Display: Module 'LinuxTargetPlatform' loaded TargetPlatform 'Linux'
[2020.01.28-13.44.40:330][  0]LogTemp: Display: Module 'LuminTargetPlatform' loaded TargetPlatform 'Lumin'
[2020.01.28-13.44.40:330][  0]LogTemp: Display: Module 'LuminTargetPlatform' loaded TargetPlatform 'LuminClient'
[2020.01.28-13.44.40:330][  0]LogTargetPlatformManager: Display: Building Assets For Windows
[2020.01.28-13.44.40:400][  0]LogAudioDebug: Display: Lib vorbis DLL was dynamically loaded.
[2020.01.28-13.44.40:635][  0]LogShaderCompilers: Guid format shader working directory is -28 characters bigger than the processId version (../../../../../../Users/Dylan/Desktop/EPITECH/UNREAL/v1/WatchOut/WatchOut/Intermediate/Shaders/WorkingDirectory/18416/).
[2020.01.28-13.44.40:636][  0]LogShaderCompilers: Cleaned the shader compiler working directory 'C:/Users/Dylan/AppData/Local/Temp/UnrealShaderWorkingDir/D9CAB81A462FB2E7F467458AD9B9D971/'.
[2020.01.28-13.44.40:641][  0]LogXGEController: Cleaning working directory: C:/Users/Dylan/AppData/Local/Temp/UnrealXGEWorkingDir/
[2020.01.28-13.44.40:642][  0]LogXGEController: Cannot use XGE Controller as Incredibuild is not installed on this machine.
[2020.01.28-13.44.40:643][  0]LogShaderCompilers: Cannot use XGE Shader Compiler as Incredibuild is not installed on this machine.
[2020.01.28-13.44.40:643][  0]LogShaderCompilers: Display: Using Local Shader Compiler.
[2020.01.28-13.44.44:575][  0]LogDerivedDataCache: Display: Max Cache Size: 512 MB
[2020.01.28-13.44.44:731][  0]LogDerivedDataCache: Loaded boot cache 0.15s 73MB C:/Users/Dylan/AppData/Local/UnrealEngine/4.23/DerivedDataCache/Boot.ddc.
[2020.01.28-13.44.44:731][  0]LogDerivedDataCache: Display: Loaded Boot cache: C:/Users/Dylan/AppData/Local/UnrealEngine/4.23/DerivedDataCache/Boot.ddc
[2020.01.28-13.44.44:731][  0]LogDerivedDataCache: FDerivedDataBackendGraph:  Pak pak cache file ../../../../../../Users/Dylan/Desktop/EPITECH/UNREAL/v1/WatchOut/WatchOut/DerivedDataCache/DDC.ddp not found, will not use a pak cache.
[2020.01.28-13.44.44:731][  0]LogDerivedDataCache: Unable to find inner node Pak for hierarchical cache Hierarchy.
[2020.01.28-13.44.44:731][  0]LogDerivedDataCache: FDerivedDataBackendGraph:  CompressedPak pak cache file ../../../../../../Users/Dylan/Desktop/EPITECH/UNREAL/v1/WatchOut/WatchOut/DerivedDataCache/Compressed.ddp not found, will not use a pak cache.
[2020.01.28-13.44.44:731][  0]LogDerivedDataCache: Unable to find inner node CompressedPak for hierarchical cache Hierarchy.
[2020.01.28-13.44.44:754][  0]LogDerivedDataCache: Display: Pak cache opened for reading ../../../Engine/DerivedDataCache/Compressed.ddp.
[2020.01.28-13.44.44:754][  0]LogDerivedDataCache: FDerivedDataBackendGraph:  EnterprisePak pak cache file ../../../Enterprise/DerivedDataCache/Compressed.ddp not found, will not use a pak cache.
[2020.01.28-13.44.44:755][  0]LogDerivedDataCache: Unable to find inner node EnterprisePak for hierarchical cache Hierarchy.
[2020.01.28-13.44.44:758][  0]LogDerivedDataCache: Using Local data cache path C:/Users/Dylan/AppData/Local/UnrealEngine/Common/DerivedDataCache: Writable
[2020.01.28-13.44.44:758][  0]LogDerivedDataCache: Shared data cache path not found in *engine.ini, will not use an Shared cache.
[2020.01.28-13.44.44:758][  0]LogDerivedDataCache: Unable to find inner node Shared for hierarchical cache Hierarchy.
[2020.01.28-13.44.44:815][  0]LogMaterial: Verifying Global Shaders for PCD3D_SM5
[2020.01.28-13.44.44:824][  0]LogSlate: Using FreeType 2.6.0
[2020.01.28-13.44.44:853][  0]LogSlate: SlateFontServices - WITH_FREETYPE: 1, WITH_HARFBUZZ: 1
[2020.01.28-13.44.45:387][  0]LogAssetRegistry: FAssetRegistry took 0.0088 seconds to start up
[2020.01.28-13.44.46:208][  0]LogInit: Selected Device Profile: [Windows]
[2020.01.28-13.44.46:633][  0]LogMeshReduction: Using QuadricMeshReduction for automatic static mesh reduction
[2020.01.28-13.44.46:633][  0]LogMeshReduction: Using SimplygonMeshReduction for automatic skeletal mesh reduction
[2020.01.28-13.44.46:633][  0]LogMeshReduction: Using ProxyLODMeshReduction for automatic mesh merging
[2020.01.28-13.44.46:633][  0]LogMeshReduction: No distributed automatic mesh merging module available
[2020.01.28-13.44.46:634][  0]LogMeshMerging: No distributed automatic mesh merging module available
[2020.01.28-13.44.46:670][  0]LogNetVersion: WatchOut 1.0.0, NetCL: 8386587, EngineNetVer: 11, GameNetVer: 0 (Checksum: 1557532604)
[2020.01.28-13.44.47:993][  0]LogPackageLocalizationCache: Processed 12 localized package path(s) for 1 prioritized culture(s) in 0.110871 seconds
[2020.01.28-13.44.48:006][  0]LogUObjectArray: 43444 objects as part of root set at end of initial load.
[2020.01.28-13.44.48:006][  0]LogUObjectAllocator: 7548648 out of 0 bytes used by permanent object pool.
[2020.01.28-13.44.48:006][  0]LogUObjectArray: CloseDisregardForGC: 0/0 objects in disregard for GC pool
[2020.01.28-13.44.54:747][  0]LogTcpMessaging: Initializing TcpMessaging bridge
[2020.01.28-13.44.54:756][  0]LogUdpMessaging: Initializing bridge on interface 0.0.0.0:0 to multicast group 230.0.0.1:6666.
[2020.01.28-13.44.54:939][  0]SourceControl: Source control is disabled
[2020.01.28-13.44.56:442][  0]LogAndroidPermission: UAndroidPermissionCallbackProxy::GetInstance
[2020.01.28-13.44.56:739][  0]LogOcInput: OculusInput pre-init called
[2020.01.28-13.44.56:761][  0]LogWindows: Failed to load 'OVRPlugin.dll' (GetLastError=126)
[2020.01.28-13.44.56:761][  0]LogWindows: File 'OVRPlugin.dll' does not exist
[2020.01.28-13.44.57:050][  0]LogEngine: Initializing Engine...
[2020.01.28-13.44.57:056][  0]LogHMD: Failed to initialize OpenVR with code 110
[2020.01.28-13.44.57:062][  0]LogStats: UGameplayTagsManager::InitializeManager -  0.002 s
[2020.01.28-13.44.57:778][  0]LogInit: Initializing FReadOnlyCVARCache
[2020.01.28-13.44.57:870][  0]LogAIModule: Creating AISystem for world Untitled
[2020.01.28-13.44.58:055][  0]LogInit: XAudio2 using 'Haut-parleur/Ecouteurs (Realtek High Definition Audio)' : 2 channels at 48 kHz using 32 bits per sample (channel mask 0x3)
[2020.01.28-13.44.58:111][  0]LogInit: FAudioDevice initialized.
[2020.01.28-13.44.58:113][  0]LogNetVersion: Set ProjectVersion to 1.0.0.0. Version Checksum will be recalculated on next use.
[2020.01.28-13.44.58:177][  0]LogDerivedDataCache: Saved boot cache 0.06s 73MB C:/Users/Dylan/AppData/Local/UnrealEngine/4.23/DerivedDataCache/Boot.ddc.
[2020.01.28-13.44.58:188][  0]LogInit: Texture streaming: Enabled
[2020.01.28-13.44.58:232][  0]LogEngineSessionManager: EngineSessionManager initialized
[2020.01.28-13.44.58:233][  0]LogEditorSessionSummary: Verbose: Initializing EditorSessionSummaryWriter for editor session tracking
[2020.01.28-13.44.58:241][  0]LogEditorSessionSummary: EditorSessionSummaryWriter initialized
[2020.01.28-13.44.58:375][  0]LogInit: Transaction tracking system initialized
[2020.01.28-13.44.58:486][  0]BlueprintLog: New page: Editor Load
[2020.01.28-13.44.58:734][  0]LocalizationService: Localization service is disabled
[2020.01.28-13.45.00:541][  0]LogFileCache: Scanning file cache for directory 'C:/Users/Dylan/Desktop/EPITECH/UNREAL/v1/WatchOut/WatchOut/Content/' took 0.04s
[2020.01.28-13.45.00:541][  0]LogCook: Display: Max memory allowance for cook 16384mb min free memory 0mb
[2020.01.28-13.45.00:542][  0]LogCook: Display: Mobile HDR setting 1
[2020.01.28-13.45.01:220][  0]Cmd: MAP LOAD FILE="../../../../../../Users/Dylan/Desktop/EPITECH/UNREAL/v1/WatchOut/WatchOut/Content/FirstPersonBP/Maps/FirstPersonExampleMap.umap" TEMPLATE=0 SHOWPROGRESS=1 FEATURELEVEL=3
[2020.01.28-13.45.01:231][  0]LightingResults: New page: Lighting Build
[2020.01.28-13.45.01:245][  0]LogWorld: UWorld::CleanupWorld for Untitled, bSessionEnded=true, bCleanupResources=true
[2020.01.28-13.45.01:250][  0]MapCheck: New page: Map Check
[2020.01.28-13.45.01:250][  0]LightingResults: New page: Lighting Build
[2020.01.28-13.45.01:299][  0]LogUObjectHash: Compacting FUObjectHashTables data took   2.50ms
[2020.01.28-13.45.01:606][  0]LogBlueprint: Warning: [Compiler Ue4ASP_Character] InputAction Event references unknown Action 'Crouch' for  InputAction Crouch
[2020.01.28-13.45.03:252][  0]LogAIModule: Creating AISystem for world FirstPersonExampleMap
[2020.01.28-13.45.03:943][  0]LogEditorServer: Finished looking for orphan Actors (0.000 secs)
[2020.01.28-13.45.04:260][  0]LogUObjectHash: Compacting FUObjectHashTables data took   3.29ms
[2020.01.28-13.45.04:261][  0]Cmd: MAP CHECKDEP NOCLEARLOG
[2020.01.28-13.45.04:262][  0]MapCheck: Map check complete: 0 Error(s), 0 Warning(s), took 0.649ms to complete.
[2020.01.28-13.45.04:262][  0]LogFileHelpers: Loading map 'FirstPersonExampleMap' took 3.042
[2020.01.28-13.45.04:692][  0]LogSlate: Updating window title bar state: overlay mode, drag disabled, window buttons hidden, title bar hidden
[2020.01.28-13.45.04:715][  0]LogSlate: Updating window title bar state: overlay mode, drag disabled, window buttons hidden, title bar hidden
[2020.01.28-13.45.04:736][  0]LogSlate: Updating window title bar state: overlay mode, drag disabled, window buttons hidden, title bar hidden
[2020.01.28-13.45.04:756][  0]LogSlate: Updating window title bar state: overlay mode, drag disabled, window buttons hidden, title bar hidden
[2020.01.28-13.45.04:794][  0]LogCollectionManager: Loaded 0 collections in 0.004577 seconds
[2020.01.28-13.45.04:830][  0]LogFileCache: Scanning file cache for directory 'C:/Users/Dylan/Desktop/EPITECH/UNREAL/v1/WatchOut/WatchOut/Saved/Collections/' took 0.00s
[2020.01.28-13.45.04:830][  0]LogFileCache: Scanning file cache for directory 'C:/Users/Dylan/Desktop/EPITECH/UNREAL/v1/WatchOut/WatchOut/Content/Developers/Dylan/Collections/' took 0.00s
[2020.01.28-13.45.04:830][  0]LogFileCache: Scanning file cache for directory 'C:/Users/Dylan/Desktop/EPITECH/UNREAL/v1/WatchOut/WatchOut/Content/Collections/' took 0.00s
[2020.01.28-13.45.04:830][  0]LogCollectionManager: Rebuilt the GUID cache for 0 collections in 0.000002 seconds
[2020.01.28-13.45.04:854][  0]LogContentBrowser: Native class hierarchy populated in 0.0213 seconds. Added 2863 classes and 680 folders.
[2020.01.28-13.45.04:877][  0]LogContentBrowser: Native class hierarchy updated for 'WidgetCarousel' in 0.0004 seconds. Added 0 classes and 0 folders.
[2020.01.28-13.45.05:573][  0]LogContentBrowser: Native class hierarchy updated for 'AddContentDialog' in 0.0009 seconds. Added 0 classes and 0 folders.
[2020.01.28-13.45.05:598][  0]LogContentBrowser: Native class hierarchy updated for 'SceneOutliner' in 0.0005 seconds. Added 1 classes and 2 folders.
[2020.01.28-13.45.07:703][  0]LogSlate: Only BGRA pngs, bmps or icos are supported in by External Image Picker
[2020.01.28-13.45.07:748][  0]LogSlate: Took 0.013025 seconds to synchronously load lazily loaded font '../../../Engine/Content/Slate/Fonts/Roboto-Regular.ttf' (155K)
[2020.01.28-13.45.07:759][  0]LogSlate: Took 0.007738 seconds to synchronously load lazily loaded font '../../../Engine/Content/Slate/Fonts/Roboto-Bold.ttf' (160K)
[2020.01.28-13.45.07:779][  0]LogSlate: Took 0.010347 seconds to synchronously load lazily loaded font '../../../Engine/Content/Editor/Slate/Fonts/FontAwesome.ttf' (139K)
[2020.01.28-13.45.08:092][  0]LogRenderer: Reallocating scene render targets to support 1208x572 Format 9 NumSamples 1 (Frame:1).
[2020.01.28-13.45.08:957][  0]LogContentBrowser: Native class hierarchy updated for 'HierarchicalLODOutliner' in 0.0004 seconds. Added 0 classes and 0 folders.
[2020.01.28-13.45.08:957][  0]LogLoad: (Engine Initialization) Total time: 43.72 seconds
[2020.01.28-13.45.08:957][  0]LogLoad: (Engine Initialization) Total Blueprint compile time: 0.00 seconds
[2020.01.28-13.45.09:575][  0]LogContentStreaming: Texture pool size now 400 MB
[2020.01.28-13.45.09:651][  0]LogSlate: Took 0.012152 seconds to synchronously load lazily loaded font '../../../Engine/Content/Slate/Fonts/Roboto-Light.ttf' (167K)
[2020.01.28-13.45.12:362][ 31]LogAssetRegistry: Asset discovery search completed in 26.9789 seconds
[2020.01.28-13.45.12:373][ 31]LogCollectionManager: Rebuilt the object cache for 0 collections in 0.000011 seconds (found 0 objects)
[2020.01.28-13.45.12:373][ 31]LogCollectionManager: Fixed up redirectors for 0 collections in 0.000145 seconds (updated 0 objects)
[2020.01.28-13.45.36:847][105]LogSlate: FSceneViewport::OnFocusLost() reason 5
[2020.01.28-13.45.43:948][245]LogEditorViewport: Clicking Background
[2020.01.28-13.45.48:533][336]LogSlate: FSceneViewport::OnFocusLost() reason 0
[2020.01.28-13.46.06:436][745]LogEditorViewport: Clicking on Actor (context menu): Landscape (Landscape3)
[2020.01.28-13.46.06:684][745]LogSlate: FSceneViewport::OnFocusLost() reason 5
[2020.01.28-13.46.11:024][842]LogSlate: FSceneViewport::OnFocusLost() reason 0
[2020.01.28-13.46.47:923][629]LogSlate: FSceneViewport::OnFocusLost() reason 0
[2020.01.28-13.46.56:749][823]LogSlate: FSceneViewport::OnFocusLost() reason 0
[2020.01.28-13.47.04:818][ 41]Cmd: DELETE
[2020.01.28-13.47.04:819][ 41]Cmd: ACTOR DELETE
[2020.01.28-13.47.04:931][ 41]LogEditorActor: Deleted Actor: JunkratPersonCharacter_C
[2020.01.28-13.47.04:983][ 41]LogUObjectHash: Compacting FUObjectHashTables data took   2.81ms
[2020.01.28-13.47.04:984][ 41]LogEditorActor: Deleted 1 Actors (0.146 secs)
[2020.01.28-13.47.05:918][ 61]Cmd: DELETE
[2020.01.28-13.47.05:919][ 61]Cmd: ACTOR DELETE
[2020.01.28-13.47.05:999][ 61]LogEditorActor: Deleted Actor: FirstPersonCharacter_C
[2020.01.28-13.47.06:100][ 61]LogUObjectHash: Compacting FUObjectHashTables data took   7.01ms
[2020.01.28-13.47.06:101][ 61]LogEditorActor: Deleted 1 Actors (0.182 secs)
[2020.01.28-13.47.07:126][ 84]Cmd: DELETE
[2020.01.28-13.47.07:127][ 84]Cmd: ACTOR DELETE
[2020.01.28-13.47.07:221][ 84]LogEditorActor: Deleted Actor: JunkratPersonCharacter_C
[2020.01.28-13.47.07:266][ 84]LogUObjectHash: Compacting FUObjectHashTables data took   1.94ms
[2020.01.28-13.47.07:267][ 84]LogEditorActor: Deleted 1 Actors (0.140 secs)
[2020.01.28-13.47.09:692][130]Cmd: DELETE
[2020.01.28-13.47.09:692][130]Cmd: ACTOR DELETE
[2020.01.28-13.47.09:807][130]LogEditorActor: Deleted Actor: SoldierCharacter_C
[2020.01.28-13.47.09:853][130]LogUObjectHash: Compacting FUObjectHashTables data took   2.29ms
[2020.01.28-13.47.09:854][130]LogEditorActor: Deleted 1 Actors (0.161 secs)
[2020.01.28-13.47.30:773][605]LogSlate: FSceneViewport::OnFocusLost() reason 0
[2020.01.28-13.47.36:718][764]LogTemp: Repeating last play command: Selected Viewport
[2020.01.28-13.47.36:754][764]LogBlueprintUserMessages: Early PlayInEditor Detection: Level '/Game/FirstPersonBP/Maps/FirstPersonExampleMap.FirstPersonExampleMap:PersistentLevel' has LevelScriptBlueprint '/Game/FirstPersonBP/Maps/FirstPersonExampleMap.FirstPersonExampleMap:PersistentLevel.FirstPersonExampleMap' with GeneratedClass '/Game/FirstPersonBP/Maps/FirstPersonExampleMap.FirstPersonExampleMap_C' with ClassGeneratedBy '/Game/FirstPersonBP/Maps/FirstPersonExampleMap.FirstPersonExampleMap:PersistentLevel.FirstPersonExampleMap'
[2020.01.28-13.47.36:755][764]LogPlayLevel: PlayLevel: No blueprints needed recompiling
[2020.01.28-13.47.36:759][764]PIE: New page: PIE session: FirstPersonExampleMap (28 Jan 2020 15:47:36)
[2020.01.28-13.47.36:763][764]LogOnline: OSS: Creating online subsystem instance for: NULL
[2020.01.28-13.47.36:765][764]LogPlayLevel: Creating play world package: /Game/FirstPersonBP/Maps/UEDPIE_0_FirstPersonExampleMap
[2020.01.28-13.47.37:129][764]LogPlayLevel: PIE: StaticDuplicateObject took: (0.363178s)
[2020.01.28-13.47.37:132][764]LogAIModule: Creating AISystem for world FirstPersonExampleMap
[2020.01.28-13.47.37:133][764]LogPlayLevel: PIE: World Init took: (0.003128s)
[2020.01.28-13.47.37:133][764]LogPlayLevel: PIE: Created PIE world by copying editor world from /Game/FirstPersonBP/Maps/FirstPersonExampleMap.FirstPersonExampleMap to /Game/FirstPersonBP/Maps/UEDPIE_0_FirstPersonExampleMap.FirstPersonExampleMap (0.367328s)
[2020.01.28-13.47.37:182][764]LogUObjectHash: Compacting FUObjectHashTables data took   3.91ms
[2020.01.28-13.47.37:198][764]LogInit: XAudio2 using 'Haut-parleur/Ecouteurs (Realtek High Definition Audio)' : 2 channels at 48 kHz using 32 bits per sample (channel mask 0x3)
[2020.01.28-13.47.37:234][764]LogInit: FAudioDevice initialized.
[2020.01.28-13.47.37:256][764]LogLoad: Game class is 'FirstPersonGameMode_C'
[2020.01.28-13.47.37:284][764]LogWorld: Bringing World /Game/FirstPersonBP/Maps/UEDPIE_0_FirstPersonExampleMap.FirstPersonExampleMap up for play (max tick rate 0) at 2020.01.28-14.47.37
[2020.01.28-13.47.37:299][764]LogWorld: Bringing up level for play took: 0.034848
[2020.01.28-13.47.37:300][764]LogOnline: OSS: Creating online subsystem instance for: :Context_4
[2020.01.28-13.47.37:327][764]LogContentBrowser: Native class hierarchy updated for 'MovieSceneCapture' in 0.0006 seconds. Added 20 classes and 0 folders.
[2020.01.28-13.47.37:343][764]PIE: Play in editor start time for /Game/FirstPersonBP/Maps/UEDPIE_0_FirstPersonExampleMap 0.251
[2020.01.28-13.47.37:343][764]LogBlueprintUserMessages: Late PlayInEditor Detection: Level '/Game/FirstPersonBP/Maps/FirstPersonExampleMap.FirstPersonExampleMap:PersistentLevel' has LevelScriptBlueprint '/Game/FirstPersonBP/Maps/FirstPersonExampleMap.FirstPersonExampleMap:PersistentLevel.FirstPersonExampleMap' with GeneratedClass '/Game/FirstPersonBP/Maps/FirstPersonExampleMap.FirstPersonExampleMap_C' with ClassGeneratedBy '/Game/FirstPersonBP/Maps/FirstPersonExampleMap.FirstPersonExampleMap:PersistentLevel.FirstPersonExampleMap'
[2020.01.28-13.47.55:212][490]LogBlueprintUserMessages: Early EndPlayMap Detection: Level '/Game/FirstPersonBP/Maps/FirstPersonExampleMap.FirstPersonExampleMap:PersistentLevel' has LevelScriptBlueprint '/Game/FirstPersonBP/Maps/FirstPersonExampleMap.FirstPersonExampleMap:PersistentLevel.FirstPersonExampleMap' with GeneratedClass '/Game/FirstPersonBP/Maps/FirstPersonExampleMap.FirstPersonExampleMap_C' with ClassGeneratedBy '/Game/FirstPersonBP/Maps/FirstPersonExampleMap.FirstPersonExampleMap:PersistentLevel.FirstPersonExampleMap'
[2020.01.28-13.47.55:214][490]LogSlate: Updating window title bar state: overlay mode, drag disabled, window buttons hidden, title bar hidden
[2020.01.28-13.47.55:214][490]LogWorld: BeginTearingDown for /Game/FirstPersonBP/Maps/UEDPIE_0_FirstPersonExampleMap
[2020.01.28-13.47.55:218][490]LogWorld: UWorld::CleanupWorld for FirstPersonExampleMap, bSessionEnded=true, bCleanupResources=true
[2020.01.28-13.47.55:243][490]LogPlayLevel: Display: Shutting down PIE online subsystems
[2020.01.28-13.47.55:244][490]LogBlueprintUserMessages: Late EndPlayMap Detection: Level '/Game/FirstPersonBP/Maps/FirstPersonExampleMap.FirstPersonExampleMap:PersistentLevel' has LevelScriptBlueprint '/Game/FirstPersonBP/Maps/FirstPersonExampleMap.FirstPersonExampleMap:PersistentLevel.FirstPersonExampleMap' with GeneratedClass '/Game/FirstPersonBP/Maps/FirstPersonExampleMap.FirstPersonExampleMap_C' with ClassGeneratedBy '/Game/FirstPersonBP/Maps/FirstPersonExampleMap.FirstPersonExampleMap:PersistentLevel.FirstPersonExampleMap'
[2020.01.28-13.47.55:295][490]LogSlate: Updating window title bar state: overlay mode, drag disabled, window buttons hidden, title bar hidden
[2020.01.28-13.47.55:313][490]LogUObjectHash: Compacting FUObjectHashTables data took   3.06ms
[2020.01.28-13.47.55:393][491]LogPlayLevel: Display: Destroying online subsystem :Context_4
[2020.01.28-13.47.56:635][518]LogSlate: FSceneViewport::OnFocusLost() reason 0
[2020.01.28-13.48.03:516][157]SourceControl: fatal: /Script: '/Script' is outside repository
[2020.01.28-13.48.17:145][435]LogSlate: Took 0.000548 seconds to synchronously load lazily loaded font '../../../Engine/Content/Slate/Fonts/Roboto-Light.ttf' (167K)
[2020.01.28-13.48.17:173][435]LogAssetEditorManager: Opening Asset editor for Blueprint /Game/FirstPersonBP/Player_Classes/soldier/Soldier_Character.Soldier_Character
[2020.01.28-13.48.17:901][435]LogContentBrowser: Native class hierarchy updated for 'BlueprintGraph' in 0.0015 seconds. Added 121 classes and 0 folders.
[2020.01.28-13.48.22:624][500]LogSlate: Window 'Soldier_Character' being destroyed
[2020.01.28-13.48.27:797][646]LogAssetEditorManager: Opening Asset editor for Blueprint /Game/FirstPersonBP/Player_Classes/ana/AnaCharacter.AnaCharacter
[2020.01.28-13.48.28:515][646]LogSlate: Took 0.009632 seconds to synchronously load lazily loaded font '../../../Engine/Content/Slate/Fonts/Roboto-BoldCondensed.ttf' (158K)
[2020.01.28-13.48.28:921][647]LogSlate: Took 0.018536 seconds to synchronously load lazily loaded font '../../../Engine/Content/Slate/Fonts/Roboto-Italic.ttf' (157K)
[2020.01.28-13.48.32:045][815]LogWorld: UWorld::CleanupWorld for World_3, bSessionEnded=true, bCleanupResources=true
[2020.01.28-13.48.36:537][948]LogAssetEditorManager: Opening Asset editor for Blueprint /Game/FirstPersonBP/Player_Classes/soldier/SoldierCharacter.SoldierCharacter
[2020.01.28-13.48.49:512][319]LogEditorViewport: Clicking on Actor (LMB): Soldier_Character_C (Soldier_Character)
[2020.01.28-13.48.50:368][331]Cmd: DELETE
[2020.01.28-13.48.50:368][331]Cmd: ACTOR DELETE
[2020.01.28-13.48.50:459][331]LogEditorActor: Deleted Actor: Soldier_Character_C
[2020.01.28-13.48.50:523][331]LogUObjectHash: Compacting FUObjectHashTables data took   4.85ms
[2020.01.28-13.48.50:524][331]LogEditorActor: Deleted 1 Actors (0.146 secs)
[2020.01.28-13.48.51:565][354]LogSlate: FSceneViewport::OnFocusLost() reason 0
[2020.01.28-13.48.55:965][423]LogSlate: FSceneViewport::OnFocusLost() reason 2
[2020.01.28-13.48.58:306][462]LogSlate: FSceneViewport::OnFocusLost() reason 0
[2020.01.28-13.48.58:365][463]LogTemp: Repeating last play command: Selected Viewport
[2020.01.28-13.48.58:480][463]LogBlueprintUserMessages: Early PlayInEditor Detection: Level '/Game/FirstPersonBP/Maps/FirstPersonExampleMap.FirstPersonExampleMap:PersistentLevel' has LevelScriptBlueprint '/Game/FirstPersonBP/Maps/FirstPersonExampleMap.FirstPersonExampleMap:PersistentLevel.FirstPersonExampleMap' with GeneratedClass '/Game/FirstPersonBP/Maps/FirstPersonExampleMap.FirstPersonExampleMap_C' with ClassGeneratedBy '/Game/FirstPersonBP/Maps/FirstPersonExampleMap.FirstPersonExampleMap:PersistentLevel.FirstPersonExampleMap'
[2020.01.28-13.48.58:481][463]LogPlayLevel: PlayLevel: No blueprints needed recompiling
[2020.01.28-13.48.58:481][463]PIE: New page: PIE session: FirstPersonExampleMap (28 Jan 2020 15:48:58)
[2020.01.28-13.48.58:481][463]LogPlayLevel: Creating play world package: /Game/FirstPersonBP/Maps/UEDPIE_0_FirstPersonExampleMap
[2020.01.28-13.48.58:791][463]LogPlayLevel: PIE: StaticDuplicateObject took: (0.308763s)
[2020.01.28-13.48.58:791][463]LogAIModule: Creating AISystem for world FirstPersonExampleMap
[2020.01.28-13.48.58:791][463]LogPlayLevel: PIE: World Init took: (0.001530s)
[2020.01.28-13.48.58:792][463]LogPlayLevel: PIE: Created PIE world by copying editor world from /Game/FirstPersonBP/Maps/FirstPersonExampleMap.FirstPersonExampleMap to /Game/FirstPersonBP/Maps/UEDPIE_0_FirstPersonExampleMap.FirstPersonExampleMap (0.310748s)
[2020.01.28-13.48.58:850][463]LogUObjectHash: Compacting FUObjectHashTables data took   5.42ms
[2020.01.28-13.48.58:860][463]LogInit: XAudio2 using 'Haut-parleur/Ecouteurs (Realtek High Definition Audio)' : 2 channels at 48 kHz using 32 bits per sample (channel mask 0x3)
[2020.01.28-13.48.58:894][463]LogInit: FAudioDevice initialized.
[2020.01.28-13.48.58:904][463]LogLoad: Game class is 'FirstPersonGameMode_C'
[2020.01.28-13.48.58:925][463]LogWorld: Bringing World /Game/FirstPersonBP/Maps/UEDPIE_0_FirstPersonExampleMap.FirstPersonExampleMap up for play (max tick rate 0) at 2020.01.28-14.48.58
[2020.01.28-13.48.58:927][463]LogWorld: Bringing up level for play took: 0.022432
[2020.01.28-13.48.58:927][463]LogOnline: OSS: Creating online subsystem instance for: :Context_9
[2020.01.28-13.48.58:933][463]PIE: Play in editor start time for /Game/FirstPersonBP/Maps/UEDPIE_0_FirstPersonExampleMap -0.159
[2020.01.28-13.48.58:933][463]LogBlueprintUserMessages: Late PlayInEditor Detection: Level '/Game/FirstPersonBP/Maps/FirstPersonExampleMap.FirstPersonExampleMap:PersistentLevel' has LevelScriptBlueprint '/Game/FirstPersonBP/Maps/FirstPersonExampleMap.FirstPersonExampleMap:PersistentLevel.FirstPersonExampleMap' with GeneratedClass '/Game/FirstPersonBP/Maps/FirstPersonExampleMap.FirstPersonExampleMap_C' with ClassGeneratedBy '/Game/FirstPersonBP/Maps/FirstPersonExampleMap.FirstPersonExampleMap:PersistentLevel.FirstPersonExampleMap'
[2020.01.28-13.50.22:523][124]LogBlueprintUserMessages: Early EndPlayMap Detection: Level '/Game/FirstPersonBP/Maps/FirstPersonExampleMap.FirstPersonExampleMap:PersistentLevel' has LevelScriptBlueprint '/Game/FirstPersonBP/Maps/FirstPersonExampleMap.FirstPersonExampleMap:PersistentLevel.FirstPersonExampleMap' with GeneratedClass '/Game/FirstPersonBP/Maps/FirstPersonExampleMap.FirstPersonExampleMap_C' with ClassGeneratedBy '/Game/FirstPersonBP/Maps/FirstPersonExampleMap.FirstPersonExampleMap:PersistentLevel.FirstPersonExampleMap'
[2020.01.28-13.50.22:526][124]LogSlate: Updating window title bar state: overlay mode, drag disabled, window buttons hidden, title bar hidden
[2020.01.28-13.50.22:526][124]LogWorld: BeginTearingDown for /Game/FirstPersonBP/Maps/UEDPIE_0_FirstPersonExampleMap
[2020.01.28-13.50.22:528][124]LogWorld: UWorld::CleanupWorld for FirstPersonExampleMap, bSessionEnded=true, bCleanupResources=true
[2020.01.28-13.50.22:569][124]LogPlayLevel: Display: Shutting down PIE online subsystems
[2020.01.28-13.50.22:571][124]LogBlueprintUserMessages: Late EndPlayMap Detection: Level '/Game/FirstPersonBP/Maps/FirstPersonExampleMap.FirstPersonExampleMap:PersistentLevel' has LevelScriptBlueprint '/Game/FirstPersonBP/Maps/FirstPersonExampleMap.FirstPersonExampleMap:PersistentLevel.FirstPersonExampleMap' with GeneratedClass '/Game/FirstPersonBP/Maps/FirstPersonExampleMap.FirstPersonExampleMap_C' with ClassGeneratedBy '/Game/FirstPersonBP/Maps/FirstPersonExampleMap.FirstPersonExampleMap:PersistentLevel.FirstPersonExampleMap'
[2020.01.28-13.50.22:686][124]LogSlate: Updating window title bar state: overlay mode, drag disabled, window buttons hidden, title bar hidden
[2020.01.28-13.50.22:706][124]LogUObjectHash: Compacting FUObjectHashTables data took   7.12ms
[2020.01.28-13.50.22:780][125]LogPlayLevel: Display: Destroying online subsystem :Context_9
[2020.01.28-13.50.23:899][145]LogSlate: FSceneViewport::OnFocusLost() reason 0
[2020.01.28-13.50.59:569][825]LogAssetEditorManager: Opening Asset editor for Blueprint /Game/FirstPersonBP/Blueprints/FirstPersonCharacter.FirstPersonCharacter
[2020.01.28-13.52.09:067][297]LogEditorSessionSummary: EditorSessionSummary sent report. Type=Shutdown, SessionId={A46A02ED-4528-D119-671D-F3B54D90A907}
[2020.01.28-13.52.12:520][376]LogEditorViewport: Clicking Background
[2020.01.28-13.52.18:729][516]LogSlate: FSceneViewport::OnFocusLost() reason 0
[2020.01.28-13.56.52:437][466]LogUObjectHash: Compacting FUObjectHashTables data took  17.46ms
[2020.01.28-13.56.55:323][466]LogSavePackage: Moving '../../../../../../Users/Dylan/Desktop/EPITECH/UNREAL/v1/WatchOut/WatchOut/Saved/FirstPersonExampleMap_Auto10F5BE40A4B09AEDD0C58F99E0434D23F.tmp' to '../../../../../../Users/Dylan/Desktop/EPITECH/UNREAL/v1/WatchOut/WatchOut/Saved/Autosaves/Game/FirstPersonBP/Maps/FirstPersonExampleMap_Auto1.umap'
[2020.01.28-13.56.55:345][466]LogFileHelpers: Editor autosave (incl. sublevels) for '/Game/FirstPersonBP/Maps/FirstPersonExampleMap' took 3.264
[2020.01.28-13.56.55:345][466]LogFileHelpers: Editor autosave (incl. sublevels) for all levels took 3.264
